*******************************************************************************
*                                                                             *
*                 ARM C CROSS COMPILER Version 1.03.130923 Demo               *
*                      Copyright (C) 2009 Phyton, Inc.                        *
*                                                                             *
*******************************************************************************

         readButtonStates??T:
;FILE: buttons.c
;000011    void readButtonStates()
;000013            WRITE_BUTTON_STATE(RIGHT__BUTTON ,RIGHT__BUTTON_Msk );
00000000    4830                       	LDR             R0,?lr0000	; 400C8000h
00000002    6800                       	LDR             R0,[R0,#0]
00000004    2120                       	MOVS            R1,#32
00000006    4008                       	ANDS            R0,R1
00000008    D104                       	BNE             ??_1_ELSE
0000000A    482F                       	LDR             R0,?lr0001	; BUTTON_STATE_REGISTER
0000000C    7800                       	LDRB            R0,[R0,#0]
0000000E    2101                       	MOVS            R1,#1
00000010    4308                       	ORRS            R0,R1
00000012    E003                       	B               ??_1_END
                   ??_1_ELSE:
00000014    482C                       	LDR             R0,?lr0001	; BUTTON_STATE_REGISTER
00000016    7800                       	LDRB            R0,[R0,#0]
00000018    21FE                       	MOVS            R1,#0FEh
0000001A    4008                       	ANDS            R0,R1
                    ??_1_END:
0000001C    492A                       	LDR             R1,?lr0001	; BUTTON_STATE_REGISTER
0000001E    7008                       	STRB            R0,[R1,#0]
;000014            WRITE_BUTTON_STATE(TOP____BUTTON ,TOP____BUTTON_Msk );
00000020    4828                       	LDR             R0,?lr0000	; 400C8000h
00000022    6800                       	LDR             R0,[R0,#0]
00000024    4929                       	LDR             R1,?lr0002	; 100h
00000026    4008                       	ANDS            R0,R1
00000028    D104                       	BNE             ??_2_ELSE
0000002A    4827                       	LDR             R0,?lr0001	; BUTTON_STATE_REGISTER
0000002C    7800                       	LDRB            R0,[R0,#0]
0000002E    2102                       	MOVS            R1,#2
00000030    4308                       	ORRS            R0,R1
00000032    E003                       	B               ??_2_END
                   ??_2_ELSE:
00000034    4824                       	LDR             R0,?lr0001	; BUTTON_STATE_REGISTER
00000036    7800                       	LDRB            R0,[R0,#0]
00000038    21FD                       	MOVS            R1,#0FDh
0000003A    4008                       	ANDS            R0,R1
                    ??_2_END:
0000003C    4922                       	LDR             R1,?lr0001	; BUTTON_STATE_REGISTER
0000003E    7008                       	STRB            R0,[R1,#0]
;000015            WRITE_BUTTON_STATE(SELECT_BUTTON ,SELECT_BUTTON_Msk );
00000040    4820                       	LDR             R0,?lr0000	; 400C8000h
00000042    6800                       	LDR             R0,[R0,#0]
00000044    4922                       	LDR             R1,?lr0003	; 200h
00000046    4008                       	ANDS            R0,R1
00000048    D104                       	BNE             ??_3_ELSE
0000004A    481F                       	LDR             R0,?lr0001	; BUTTON_STATE_REGISTER
0000004C    7800                       	LDRB            R0,[R0,#0]
0000004E    2104                       	MOVS            R1,#4
00000050    4308                       	ORRS            R0,R1
00000052    E003                       	B               ??_3_END
                   ??_3_ELSE:
00000054    481C                       	LDR             R0,?lr0001	; BUTTON_STATE_REGISTER
00000056    7800                       	LDRB            R0,[R0,#0]
00000058    21FB                       	MOVS            R1,#0FBh
0000005A    4008                       	ANDS            R0,R1
                    ??_3_END:
0000005C    491A                       	LDR             R1,?lr0001	; BUTTON_STATE_REGISTER
0000005E    7008                       	STRB            R0,[R1,#0]
;000016            WRITE_BUTTON_STATE(LEFT___BUTTON ,LEFT___BUTTON_Msk );
00000060    4818                       	LDR             R0,?lr0000	; 400C8000h
00000062    6800                       	LDR             R0,[R0,#0]
00000064    491B                       	LDR             R1,?lr0004	; 400h
00000066    4008                       	ANDS            R0,R1
00000068    D104                       	BNE             ??_4_ELSE
0000006A    4817                       	LDR             R0,?lr0001	; BUTTON_STATE_REGISTER
0000006C    7800                       	LDRB            R0,[R0,#0]
0000006E    2108                       	MOVS            R1,#8
00000070    4308                       	ORRS            R0,R1
00000072    E003                       	B               ??_4_END
                   ??_4_ELSE:
00000074    4814                       	LDR             R0,?lr0001	; BUTTON_STATE_REGISTER
00000076    7800                       	LDRB            R0,[R0,#0]
00000078    21F7                       	MOVS            R1,#0F7h
0000007A    4008                       	ANDS            R0,R1
                    ??_4_END:
0000007C    4912                       	LDR             R1,?lr0001	; BUTTON_STATE_REGISTER
0000007E    7008                       	STRB            R0,[R1,#0]
;000017            WRITE_BUTTON_STATE(BACK___BUTTON ,BACK___BUTTON_Msk );
00000080    4810                       	LDR             R0,?lr0000	; 400C8000h
00000082    6800                       	LDR             R0,[R0,#0]
00000084    4914                       	LDR             R1,?lr0005	; 800h
00000086    4008                       	ANDS            R0,R1
00000088    D104                       	BNE             ??_5_ELSE
0000008A    480F                       	LDR             R0,?lr0001	; BUTTON_STATE_REGISTER
0000008C    7800                       	LDRB            R0,[R0,#0]
0000008E    2110                       	MOVS            R1,#16
00000090    4308                       	ORRS            R0,R1
00000092    E003                       	B               ??_5_END
                   ??_5_ELSE:
00000094    480C                       	LDR             R0,?lr0001	; BUTTON_STATE_REGISTER
00000096    7800                       	LDRB            R0,[R0,#0]
00000098    21EF                       	MOVS            R1,#0EFh
0000009A    4008                       	ANDS            R0,R1
                    ??_5_END:
0000009C    490A                       	LDR             R1,?lr0001	; BUTTON_STATE_REGISTER
0000009E    7008                       	STRB            R0,[R1,#0]
;000018            WRITE_BUTTON_STATE(BOTTOM_BUTTON ,BOTTOM_BUTTON_Msk );
000000A0    4808                       	LDR             R0,?lr0000	; 400C8000h
000000A2    6800                       	LDR             R0,[R0,#0]
000000A4    490D                       	LDR             R1,?lr0006	; 8000h
000000A6    4008                       	ANDS            R0,R1
000000A8    D104                       	BNE             ??_6_ELSE
000000AA    4807                       	LDR             R0,?lr0001	; BUTTON_STATE_REGISTER
000000AC    7800                       	LDRB            R0,[R0,#0]
000000AE    2120                       	MOVS            R1,#32
000000B0    4308                       	ORRS            R0,R1
000000B2    E003                       	B               ??_6_END
                   ??_6_ELSE:
000000B4    4804                       	LDR             R0,?lr0001	; BUTTON_STATE_REGISTER
000000B6    7800                       	LDRB            R0,[R0,#0]
000000B8    21DF                       	MOVS            R1,#0DFh
000000BA    4008                       	ANDS            R0,R1
                    ??_6_END:
000000BC    4902                       	LDR             R1,?lr0001	; BUTTON_STATE_REGISTER
000000BE    7008                       	STRB            R0,[R1,#0]
;000023    }
000000C0    4770                       	BX              R14

.ALIGN	2
000000C4    400C8000	?lr0000	.DCD	400C8000h	; used 6 time(s)
000000C8    00000000	?lr0001	.DCD	BUTTON_STATE_REGISTER	; used 18 time(s)
000000CC    00000100	?lr0002	.DCD	100h	; used 1 time(s)
000000D0    00000200	?lr0003	.DCD	200h	; used 1 time(s)
000000D4    00000400	?lr0004	.DCD	400h	; used 1 time(s)
000000D8    00000800	?lr0005	.DCD	800h	; used 1 time(s)
000000DC    00008000	?lr0006	.DCD	8000h	; used 1 time(s)

.ENDF
              mapFileProc??T:
;000025    void mapFileProc()   {
;000027    }
000000E0    4770                       	BX              R14
.ENDF
           buttonLedsDemo??T:
;000029    void buttonLedsDemo()
;000031            int bstate = READ_BUTTON_STATE(TOP____BUTTON_Msk);
000000E2    485B                       	LDR             bstate?buttonLedsDemo,?lr0007	; BUTTON_STATE_REGISTER
000000E4    7800                       	LDRB            bstate?buttonLedsDemo,[bstate?buttonLedsDemo,#0]
000000E6    2102                       	MOVS            R1,#2
000000E8    4008                       	ANDS            bstate?buttonLedsDemo,R1
000000EA    D001                       	BEQ             ??_7_NOT
000000EC    2001                       	MOVS            bstate?buttonLedsDemo,#1
000000EE    E000                       	B               ??_7_SKIP
                    ??_7_NOT:
000000F0    2000                       	MOVS            bstate?buttonLedsDemo,#0
                   ??_7_SKIP:
;000033            if ( bstate != GET_LED_STATE(LED3_pin) )
000000F2    4958                       	LDR             R1,?lr0008	; 400C0000h
000000F4    6809                       	LDR             R1,[R1,#0]
000000F6    4A58                       	LDR             R2,?lr0009	; 200h
000000F8    4011                       	ANDS            R1,R2
000000FA    D001                       	BEQ             ??_9_NOT
000000FC    2101                       	MOVS            R1,#1
000000FE    E000                       	B               ??_9_SKIP
                    ??_9_NOT:
00000100    2100                       	MOVS            R1,#0
                   ??_9_SKIP:
00000102    4288                       	CMP             bstate?buttonLedsDemo,R1
00000104    D008                       	BEQ             ??_8_ELSE
;000034                   if (bstate) SWITCH_LED__ON(LED3_pin); else SWITCH_LED_OFF(LED3_pin);
00000106    2800                       	CMP             bstate?buttonLedsDemo,#0
00000108    D003                       	BEQ             ??_10_ELSE
0000010A    4953                       	LDR             R1,?lr0009	; 200h
0000010C    4853                       	LDR             R0,?lr0010	; 400C0020h
0000010E    6001                       	STR             R1,[R0,#0]
00000110    E002                       	B               ??_10_END
                  ??_10_ELSE:
00000112    4951                       	LDR             R1,?lr0009	; 200h
00000114    4852                       	LDR             R0,?lr0011	; 400C0024h
00000116    6001                       	STR             R1,[R0,#0]
                   ??_10_END:
                   ??_8_ELSE:
;000036            bstate = READ_BUTTON_STATE(RIGHT__BUTTON_Msk);
00000118    484D                       	LDR             bstate?buttonLedsDemo,?lr0007	; BUTTON_STATE_REGISTER
0000011A    7800                       	LDRB            bstate?buttonLedsDemo,[bstate?buttonLedsDemo,#0]
0000011C    2101                       	MOVS            R1,#1
0000011E    4008                       	ANDS            bstate?buttonLedsDemo,R1
00000120    D001                       	BEQ             ??_11_NOT
00000122    2001                       	MOVS            bstate?buttonLedsDemo,#1
00000124    E000                       	B               ??_11_SKIP
                   ??_11_NOT:
00000126    2000                       	MOVS            bstate?buttonLedsDemo,#0
                  ??_11_SKIP:
;000038            if ( bstate != GET_LED_STATE(LED4_pin) )
00000128    494A                       	LDR             R1,?lr0008	; 400C0000h
0000012A    6809                       	LDR             R1,[R1,#0]
0000012C    4A4D                       	LDR             R2,?lr0012	; 400h
0000012E    4011                       	ANDS            R1,R2
00000130    D001                       	BEQ             ??_13_NOT
00000132    2101                       	MOVS            R1,#1
00000134    E000                       	B               ??_13_SKIP
                   ??_13_NOT:
00000136    2100                       	MOVS            R1,#0
                  ??_13_SKIP:
00000138    4288                       	CMP             bstate?buttonLedsDemo,R1
0000013A    D008                       	BEQ             ??_12_ELSE
;000039                   if (bstate) SWITCH_LED__ON(LED4_pin); else SWITCH_LED_OFF(LED4_pin);
0000013C    2800                       	CMP             bstate?buttonLedsDemo,#0
0000013E    D003                       	BEQ             ??_14_ELSE
00000140    4948                       	LDR             R1,?lr0012	; 400h
00000142    4846                       	LDR             R0,?lr0010	; 400C0020h
00000144    6001                       	STR             R1,[R0,#0]
00000146    E002                       	B               ??_14_END
                  ??_14_ELSE:
00000148    4946                       	LDR             R1,?lr0012	; 400h
0000014A    4845                       	LDR             R0,?lr0011	; 400C0024h
0000014C    6001                       	STR             R1,[R0,#0]
                   ??_14_END:
                  ??_12_ELSE:
;000041            bstate = READ_BUTTON_STATE(BOTTOM_BUTTON_Msk);
0000014E    4840                       	LDR             bstate?buttonLedsDemo,?lr0007	; BUTTON_STATE_REGISTER
00000150    7800                       	LDRB            bstate?buttonLedsDemo,[bstate?buttonLedsDemo,#0]
00000152    2120                       	MOVS            R1,#32
00000154    4008                       	ANDS            bstate?buttonLedsDemo,R1
00000156    D001                       	BEQ             ??_15_NOT
00000158    2001                       	MOVS            bstate?buttonLedsDemo,#1
0000015A    E000                       	B               ??_15_SKIP
                   ??_15_NOT:
0000015C    2000                       	MOVS            bstate?buttonLedsDemo,#0
                  ??_15_SKIP:
;000043            if ( bstate != GET_LED_STATE(LED5_pin) )
0000015E    493D                       	LDR             R1,?lr0008	; 400C0000h
00000160    6809                       	LDR             R1,[R1,#0]
00000162    4A41                       	LDR             R2,?lr0013	; 800h
00000164    4011                       	ANDS            R1,R2
00000166    D001                       	BEQ             ??_17_NOT
00000168    2101                       	MOVS            R1,#1
0000016A    E000                       	B               ??_17_SKIP
                   ??_17_NOT:
0000016C    2100                       	MOVS            R1,#0
                  ??_17_SKIP:
0000016E    4288                       	CMP             bstate?buttonLedsDemo,R1
00000170    D008                       	BEQ             ??_16_ELSE
;000044                   if (bstate) SWITCH_LED__ON(LED5_pin); else SWITCH_LED_OFF(LED5_pin);
00000172    2800                       	CMP             bstate?buttonLedsDemo,#0
00000174    D003                       	BEQ             ??_18_ELSE
00000176    493C                       	LDR             R1,?lr0013	; 800h
00000178    4838                       	LDR             R0,?lr0010	; 400C0020h
0000017A    6001                       	STR             R1,[R0,#0]
0000017C    E002                       	B               ??_18_END
                  ??_18_ELSE:
0000017E    493A                       	LDR             R1,?lr0013	; 800h
00000180    4837                       	LDR             R0,?lr0011	; 400C0024h
00000182    6001                       	STR             R1,[R0,#0]
                   ??_18_END:
                  ??_16_ELSE:
;000046            bstate = READ_BUTTON_STATE(LEFT___BUTTON_Msk);
00000184    4832                       	LDR             bstate?buttonLedsDemo,?lr0007	; BUTTON_STATE_REGISTER
00000186    7800                       	LDRB            bstate?buttonLedsDemo,[bstate?buttonLedsDemo,#0]
00000188    2108                       	MOVS            R1,#8
0000018A    4008                       	ANDS            bstate?buttonLedsDemo,R1
0000018C    D001                       	BEQ             ??_19_NOT
0000018E    2001                       	MOVS            bstate?buttonLedsDemo,#1
00000190    E000                       	B               ??_19_SKIP
                   ??_19_NOT:
00000192    2000                       	MOVS            bstate?buttonLedsDemo,#0
                  ??_19_SKIP:
;000048            if ( bstate != GET_LED_STATE(LED6_pin) )
00000194    492F                       	LDR             R1,?lr0008	; 400C0000h
00000196    6809                       	LDR             R1,[R1,#0]
00000198    4A34                       	LDR             R2,?lr0014	; 1000h
0000019A    4011                       	ANDS            R1,R2
0000019C    D001                       	BEQ             ??_21_NOT
0000019E    2101                       	MOVS            R1,#1
000001A0    E000                       	B               ??_21_SKIP
                   ??_21_NOT:
000001A2    2100                       	MOVS            R1,#0
                  ??_21_SKIP:
000001A4    4288                       	CMP             bstate?buttonLedsDemo,R1
000001A6    D008                       	BEQ             ??_20_ELSE
;000049                   if (bstate) SWITCH_LED__ON(LED6_pin); else SWITCH_LED_OFF(LED6_pin);
000001A8    2800                       	CMP             bstate?buttonLedsDemo,#0
000001AA    D003                       	BEQ             ??_22_ELSE
000001AC    492F                       	LDR             R1,?lr0014	; 1000h
000001AE    482B                       	LDR             R0,?lr0010	; 400C0020h
000001B0    6001                       	STR             R1,[R0,#0]
000001B2    E002                       	B               ??_22_END
                  ??_22_ELSE:
000001B4    492D                       	LDR             R1,?lr0014	; 1000h
000001B6    482A                       	LDR             R0,?lr0011	; 400C0024h
000001B8    6001                       	STR             R1,[R0,#0]
                   ??_22_END:
                  ??_20_ELSE:
;000051            bstate = READ_BUTTON_STATE(SELECT_BUTTON_Msk);
000001BA    4825                       	LDR             bstate?buttonLedsDemo,?lr0007	; BUTTON_STATE_REGISTER
000001BC    7800                       	LDRB            bstate?buttonLedsDemo,[bstate?buttonLedsDemo,#0]
000001BE    2104                       	MOVS            R1,#4
000001C0    4008                       	ANDS            bstate?buttonLedsDemo,R1
000001C2    D001                       	BEQ             ??_23_NOT
000001C4    2001                       	MOVS            bstate?buttonLedsDemo,#1
000001C6    E000                       	B               ??_23_SKIP
                   ??_23_NOT:
000001C8    2000                       	MOVS            bstate?buttonLedsDemo,#0
                  ??_23_SKIP:
;000052            if ( bstate != GET_LED_STATE(LED1_pin) || bstate != GET_LED_STATE(LED2_pin) )
000001CA    4922                       	LDR             R1,?lr0008	; 400C0000h
000001CC    6809                       	LDR             R1,[R1,#0]
000001CE    2280                       	MOVS            R2,#80h
000001D0    4011                       	ANDS            R1,R2
000001D2    D001                       	BEQ             ??_26_NOT
000001D4    2101                       	MOVS            R1,#1
000001D6    E000                       	B               ??_26_SKIP
                   ??_26_NOT:
000001D8    2100                       	MOVS            R1,#0
                  ??_26_SKIP:
000001DA    4288                       	CMP             bstate?buttonLedsDemo,R1
000001DC    D109                       	BNE             ??_24_IF
000001DE    491D                       	LDR             R1,?lr0008	; 400C0000h
000001E0    6809                       	LDR             R1,[R1,#0]
000001E2    4A23                       	LDR             R2,?lr0015	; 100h
000001E4    4011                       	ANDS            R1,R2
000001E6    D001                       	BEQ             ??_27_NOT
000001E8    2101                       	MOVS            R1,#1
000001EA    E000                       	B               ??_27_SKIP
                   ??_27_NOT:
000001EC    2100                       	MOVS            R1,#0
                  ??_27_SKIP:
000001EE    4288                       	CMP             bstate?buttonLedsDemo,R1
000001F0    D008                       	BEQ             ??_24_ELSE
                    ??_24_IF:
;000053                   if (bstate) SWITCH_LED__ON(LED1_pin|LED2_pin); else SWITCH_LED_OFF(LED1_pin|LED2_pin);
000001F2    2800                       	CMP             bstate?buttonLedsDemo,#0
000001F4    D003                       	BEQ             ??_28_ELSE
000001F6    491F                       	LDR             R1,?lr0016	; 180h
000001F8    4818                       	LDR             R0,?lr0010	; 400C0020h
000001FA    6001                       	STR             R1,[R0,#0]
000001FC    E002                       	B               ??_28_END
                  ??_28_ELSE:
000001FE    491D                       	LDR             R1,?lr0016	; 180h
00000200    4817                       	LDR             R0,?lr0011	; 400C0024h
00000202    6001                       	STR             R1,[R0,#0]
                   ??_28_END:
                  ??_24_ELSE:
;000055            bstate = READ_BUTTON_STATE(BACK___BUTTON_Msk);
00000204    4812                       	LDR             bstate?buttonLedsDemo,?lr0007	; BUTTON_STATE_REGISTER
00000206    7800                       	LDRB            bstate?buttonLedsDemo,[bstate?buttonLedsDemo,#0]
00000208    2110                       	MOVS            R1,#16
0000020A    4008                       	ANDS            bstate?buttonLedsDemo,R1
0000020C    D001                       	BEQ             ??_29_NOT
0000020E    2001                       	MOVS            bstate?buttonLedsDemo,#1
00000210    E000                       	B               ??_29_SKIP
                   ??_29_NOT:
00000212    2000                       	MOVS            bstate?buttonLedsDemo,#0
                  ??_29_SKIP:
;000056            if ( bstate != GET_LED_STATE(LED7_pin) || bstate != GET_LED_STATE(LED8_pin) )
00000214    490F                       	LDR             R1,?lr0008	; 400C0000h
00000216    6809                       	LDR             R1,[R1,#0]
00000218    4A17                       	LDR             R2,?lr0017	; 2000h
0000021A    4011                       	ANDS            R1,R2
0000021C    D001                       	BEQ             ??_32_NOT
0000021E    2101                       	MOVS            R1,#1
00000220    E000                       	B               ??_32_SKIP
                   ??_32_NOT:
00000222    2100                       	MOVS            R1,#0
                  ??_32_SKIP:
00000224    4288                       	CMP             bstate?buttonLedsDemo,R1
00000226    D109                       	BNE             ??_30_IF
00000228    490A                       	LDR             R1,?lr0008	; 400C0000h
0000022A    6809                       	LDR             R1,[R1,#0]
0000022C    4A13                       	LDR             R2,?lr0018	; 4000h
0000022E    4011                       	ANDS            R1,R2
00000230    D001                       	BEQ             ??_33_NOT
00000232    2101                       	MOVS            R1,#1
00000234    E000                       	B               ??_33_SKIP
                   ??_33_NOT:
00000236    2100                       	MOVS            R1,#0
                  ??_33_SKIP:
00000238    4288                       	CMP             bstate?buttonLedsDemo,R1
0000023A    D008                       	BEQ             ??_30_ELSE
                    ??_30_IF:
;000057                   if (bstate) SWITCH_LED__ON(LED7_pin|LED8_pin); else SWITCH_LED_OFF(LED7_pin|LED8_pin);
0000023C    2800                       	CMP             bstate?buttonLedsDemo,#0
0000023E    D003                       	BEQ             ??_34_ELSE
00000240    490F                       	LDR             R1,?lr0019	; 6000h
00000242    4806                       	LDR             R0,?lr0010	; 400C0020h
00000244    6001                       	STR             R1,[R0,#0]
00000246    4770                       	BX              R14
                  ??_34_ELSE:
00000248    490D                       	LDR             R1,?lr0019	; 6000h
0000024A    4805                       	LDR             R0,?lr0011	; 400C0024h
0000024C    6001                       	STR             R1,[R0,#0]
                  ??_30_ELSE:
;000059    }
0000024E    4770                       	BX              R14

00000250    00000000	?lr0007	.DCD	BUTTON_STATE_REGISTER	; used 6 time(s)
00000254    400C0000	?lr0008	.DCD	400C0000h	; used 8 time(s)
00000258    00000200	?lr0009	.DCD	200h	; used 3 time(s)
0000025C    400C0020	?lr0010	.DCD	400C0020h	; used 6 time(s)
00000260    400C0024	?lr0011	.DCD	400C0024h	; used 6 time(s)
00000264    00000400	?lr0012	.DCD	400h	; used 3 time(s)
00000268    00000800	?lr0013	.DCD	800h	; used 3 time(s)
0000026C    00001000	?lr0014	.DCD	1000h	; used 3 time(s)
00000270    00000100	?lr0015	.DCD	100h	; used 1 time(s)
00000274    00000180	?lr0016	.DCD	180h	; used 2 time(s)
00000278    00002000	?lr0017	.DCD	2000h	; used 1 time(s)
0000027C    00004000	?lr0018	.DCD	4000h	; used 1 time(s)
00000280    00006000	?lr0019	.DCD	6000h	; used 2 time(s)

.ENDF
           prepareMapFile??T:
;000063    void prepareMapFile()
;000066    }
00000284    4770                       	BX              R14
.ENDF

buttons.c: 646 byte(s), 44153 line(s), 0 error(s), 0 warning(s)

