*******************************************************************************
*                                                                             *
*                 ARM C CROSS COMPILER Version 1.03.130923 Demo               *
*                      Copyright (C) 2009 Phyton, Inc.                        *
*                                                                             *
*******************************************************************************

                ClockInit??T:
;FILE: init.c
;000006    void ClockInit(){
;000009    }
00000000    4770                       	BX              R14
.ENDF
                 PortInit??T:
;000012    void PortInit (){
;000014      MDR_PORTA->OE     = 0x1540;
00000002    493E                       	LDR             R1,?lr0000	; 1540h
00000004    483E                       	LDR             R0,?lr0001	; 400A8004h
00000006    6001                       	STR             R1,[R0,#0]
;000015      MDR_PORTA->FUNC   = 0x02222000;
00000008    493E                       	LDR             R1,?lr0002	; 2222000h
0000000A    483F                       	LDR             R0,?lr0003	; 400A8008h
0000000C    6001                       	STR             R1,[R0,#0]
;000016      MDR_PORTA->ANALOG = 0xFFFF;
0000000E    493F                       	LDR             R1,?lr0004	; 0FFFFh
00000010    483F                       	LDR             R0,?lr0005	; 400A800Ch
00000012    6001                       	STR             R1,[R0,#0]
;000017      MDR_PORTA->PULL   = 0x0000EAB8;
00000014    493F                       	LDR             R1,?lr0006	; 0EAB8h
00000016    4840                       	LDR             R0,?lr0007	; 400A8010h
00000018    6001                       	STR             R1,[R0,#0]
;000018      MDR_PORTA->PD     = 0x00000000;
0000001A    2100                       	MOVS            R1,#0
0000001C    483F                       	LDR             R0,?lr0008	; 400A8014h
0000001E    6001                       	STR             R1,[R0,#0]
;000019      MDR_PORTA->PWR    = 0x02222000;
00000020    4938                       	LDR             R1,?lr0002	; 2222000h
00000022    483F                       	LDR             R0,?lr0009	; 400A8018h
00000024    6001                       	STR             R1,[R0,#0]
;000020      MDR_PORTA->GFEN   = 0x0000;
00000026    2100                       	MOVS            R1,#0
00000028    483E                       	LDR             R0,?lr0010	; 400A801Ch
0000002A    6001                       	STR             R1,[R0,#0]
;000023      MDR_PORTB->OE     = 0x0000;
0000002C    483E                       	LDR             R0,?lr0011	; 400B0004h
0000002E    6001                       	STR             R1,[R0,#0]
;000024      MDR_PORTB->FUNC   = 0x000AAAAA;
00000030    493E                       	LDR             R1,?lr0012	; 0AAAAAh
00000032    483F                       	LDR             R0,?lr0013	; 400B0008h
00000034    6001                       	STR             R1,[R0,#0]
;000025      MDR_PORTB->ANALOG = 0xFFFF;
00000036    4935                       	LDR             R1,?lr0004	; 0FFFFh
00000038    483E                       	LDR             R0,?lr0014	; 400B000Ch
0000003A    6001                       	STR             R1,[R0,#0]
;000026      MDR_PORTB->PULL   = 0x0000FC00;
0000003C    493E                       	LDR             R1,?lr0015	; 0FC00h
0000003E    483F                       	LDR             R0,?lr0016	; 400B0010h
00000040    6001                       	STR             R1,[R0,#0]
;000027      MDR_PORTB->PD     = 0x03FF0000;
00000042    493F                       	LDR             R1,?lr0017	; 3FF0000h
00000044    483F                       	LDR             R0,?lr0018	; 400B0014h
00000046    6001                       	STR             R1,[R0,#0]
;000028      MDR_PORTB->PWR    = 0x00000000;
00000048    2100                       	MOVS            R1,#0
0000004A    483F                       	LDR             R0,?lr0019	; 400B0018h
0000004C    6001                       	STR             R1,[R0,#0]
;000029      MDR_PORTB->GFEN   = 0x0000;
0000004E    483F                       	LDR             R0,?lr0020	; 400B001Ch
00000050    6001                       	STR             R1,[R0,#0]
;000032      MDR_PORTC->OE     = 0x0E08;
00000052    493F                       	LDR             R1,?lr0021	; 0E08h
00000054    483F                       	LDR             R0,?lr0022	; 400B8004h
00000056    6001                       	STR             R1,[R0,#0]
;000033      MDR_PORTC->FUNC   = 0x00000140;
00000058    493F                       	LDR             R1,?lr0023	; 140h
0000005A    4840                       	LDR             R0,?lr0024	; 400B8008h
0000005C    6001                       	STR             R1,[R0,#0]
;000034      MDR_PORTC->ANALOG = 0xFFFF;
0000005E    492B                       	LDR             R1,?lr0004	; 0FFFFh
00000060    483F                       	LDR             R0,?lr0025	; 400B800Ch
00000062    6001                       	STR             R1,[R0,#0]
;000035      MDR_PORTC->PULL   = 0x000001E7;
00000064    493F                       	LDR             R1,?lr0026	; 1E7h
00000066    4840                       	LDR             R0,?lr0027	; 400B8010h
00000068    6001                       	STR             R1,[R0,#0]
;000036      MDR_PORTC->PD     = 0x00100000;
0000006A    4940                       	LDR             R1,?lr0028	; 100000h
0000006C    4840                       	LDR             R0,?lr0029	; 400B8014h
0000006E    6001                       	STR             R1,[R0,#0]
;000037      MDR_PORTC->PWR    = 0x00A80080;
00000070    4940                       	LDR             R1,?lr0030	; 0A80080h
00000072    4841                       	LDR             R0,?lr0031	; 400B8018h
00000074    6001                       	STR             R1,[R0,#0]
;000038      MDR_PORTC->GFEN   = 0x0000;
00000076    2100                       	MOVS            R1,#0
00000078    4840                       	LDR             R0,?lr0032	; 400B801Ch
0000007A    6001                       	STR             R1,[R0,#0]
;000041      MDR_PORTD->OE     = 0x0000;
0000007C    4840                       	LDR             R0,?lr0033	; 400C0004h
0000007E    6001                       	STR             R1,[R0,#0]
;000042      MDR_PORTD->FUNC   = 0x00000000;
00000080    4840                       	LDR             R0,?lr0034	; 400C0008h
00000082    6001                       	STR             R1,[R0,#0]
;000043      MDR_PORTD->ANALOG = 0x807F;
00000084    4940                       	LDR             R1,?lr0035	; 807Fh
00000086    4841                       	LDR             R0,?lr0036	; 400C000Ch
00000088    6001                       	STR             R1,[R0,#0]
;000044      MDR_PORTD->PULL   = 0x0000807F;
0000008A    4841                       	LDR             R0,?lr0037	; 400C0010h
0000008C    6001                       	STR             R1,[R0,#0]
;000045      MDR_PORTD->PD     = 0x00000000;
0000008E    2100                       	MOVS            R1,#0
00000090    4840                       	LDR             R0,?lr0038	; 400C0014h
00000092    6001                       	STR             R1,[R0,#0]
;000046      MDR_PORTD->PWR    = 0x00000000;
00000094    4840                       	LDR             R0,?lr0039	; 400C0018h
00000096    6001                       	STR             R1,[R0,#0]
;000047      MDR_PORTD->GFEN   = 0x0000;
00000098    4840                       	LDR             R0,?lr0040	; 400C001Ch
0000009A    6001                       	STR             R1,[R0,#0]
;000050      MDR_PORTE->RXTX   = 0x0000;
0000009C    4840                       	LDR             R0,?lr0041	; 400C8000h
0000009E    6001                       	STR             R1,[R0,#0]
;000051      MDR_PORTE->OE     = 0x87E5;
000000A0    4940                       	LDR             R1,?lr0042	; 87E5h
000000A2    4841                       	LDR             R0,?lr0043	; 400C8004h
000000A4    6001                       	STR             R1,[R0,#0]
;000052      MDR_PORTE->FUNC   = 0x00155551;
000000A6    4941                       	LDR             R1,?lr0044	; 155551h
000000A8    4841                       	LDR             R0,?lr0045	; 400C8008h
000000AA    6001                       	STR             R1,[R0,#0]
;000053      MDR_PORTE->ANALOG = 0xFFFF;
000000AC    4917                       	LDR             R1,?lr0004	; 0FFFFh
000000AE    4841                       	LDR             R0,?lr0046	; 400C800Ch
000000B0    6001                       	STR             R1,[R0,#0]
;000054      MDR_PORTE->PULL   = 0x00007802;
000000B2    4941                       	LDR             R1,?lr0047	; 7802h
000000B4    4841                       	LDR             R0,?lr0048	; 400C8010h
000000B6    6001                       	STR             R1,[R0,#0]
;000055      MDR_PORTE->PD     = 0x00180000;
000000B8    4941                       	LDR             R1,?lr0049	; 180000h
000000BA    4842                       	LDR             R0,?lr0050	; 400C8014h
000000BC    6001                       	STR             R1,[R0,#0]
;000056      MDR_PORTE->PWR    = 0x802AA822;
000000BE    4942                       	LDR             R1,?lr0051	; 802AA822h
000000C0    4842                       	LDR             R0,?lr0052	; 400C8018h
000000C2    6001                       	STR             R1,[R0,#0]
;000057      MDR_PORTE->GFEN   = 0x0000;
000000C4    2100                       	MOVS            R1,#0
000000C6    4842                       	LDR             R0,?lr0053	; 400C801Ch
000000C8    6001                       	STR             R1,[R0,#0]
;000060      MDR_PORTF->RXTX   = 0x0001;
000000CA    2101                       	MOVS            R1,#1
000000CC    4841                       	LDR             R0,?lr0054	; 400E8000h
000000CE    6001                       	STR             R1,[R0,#0]
;000061      MDR_PORTF->OE     = 0x1E01;
000000D0    4941                       	LDR             R1,?lr0055	; 1E01h
000000D2    4842                       	LDR             R0,?lr0056	; 400E8004h
000000D4    6001                       	STR             R1,[R0,#0]
;000062      MDR_PORTF->FUNC   = 0x03FC0000;
000000D6    4942                       	LDR             R1,?lr0057	; 3FC0000h
000000D8    4842                       	LDR             R0,?lr0058	; 400E8008h
000000DA    6001                       	STR             R1,[R0,#0]
;000063      MDR_PORTF->ANALOG = 0xFFFF;
000000DC    490B                       	LDR             R1,?lr0004	; 0FFFFh
000000DE    4842                       	LDR             R0,?lr0059	; 400E800Ch
000000E0    6001                       	STR             R1,[R0,#0]
;000064      MDR_PORTF->PULL   = 0x0000E1FE;
000000E2    4942                       	LDR             R1,?lr0060	; 0E1FEh
000000E4    4842                       	LDR             R0,?lr0061	; 400E8010h
000000E6    6001                       	STR             R1,[R0,#0]
;000065      MDR_PORTF->PD     = 0x00000000;
000000E8    2100                       	MOVS            R1,#0
000000EA    4842                       	LDR             R0,?lr0062	; 400E8014h
000000EC    6001                       	STR             R1,[R0,#0]
;000066      MDR_PORTF->PWR    = 0x02A80002;
000000EE    4942                       	LDR             R1,?lr0063	; 2A80002h
000000F0    4842                       	LDR             R0,?lr0064	; 400E8018h
000000F2    6001                       	STR             R1,[R0,#0]
;000067      MDR_PORTF->GFEN   = 0x0000;
000000F4    2100                       	MOVS            R1,#0
000000F6    4842                       	LDR             R0,?lr0065	; 400E801Ch
000000F8    6001                       	STR             R1,[R0,#0]
;000071    }
000000FA    4770                       	BX              R14

000000FC    00001540	?lr0000	.DCD	1540h	; used 1 time(s)
00000100    400A8004	?lr0001	.DCD	400A8004h	; used 1 time(s)
00000104    02222000	?lr0002	.DCD	2222000h	; used 2 time(s)
00000108    400A8008	?lr0003	.DCD	400A8008h	; used 1 time(s)
0000010C    0000FFFF	?lr0004	.DCD	0FFFFh	; used 5 time(s)
00000110    400A800C	?lr0005	.DCD	400A800Ch	; used 1 time(s)
00000114    0000EAB8	?lr0006	.DCD	0EAB8h	; used 1 time(s)
00000118    400A8010	?lr0007	.DCD	400A8010h	; used 1 time(s)
0000011C    400A8014	?lr0008	.DCD	400A8014h	; used 1 time(s)
00000120    400A8018	?lr0009	.DCD	400A8018h	; used 1 time(s)
00000124    400A801C	?lr0010	.DCD	400A801Ch	; used 1 time(s)
00000128    400B0004	?lr0011	.DCD	400B0004h	; used 1 time(s)
0000012C    000AAAAA	?lr0012	.DCD	0AAAAAh	; used 1 time(s)
00000130    400B0008	?lr0013	.DCD	400B0008h	; used 1 time(s)
00000134    400B000C	?lr0014	.DCD	400B000Ch	; used 1 time(s)
00000138    0000FC00	?lr0015	.DCD	0FC00h	; used 1 time(s)
0000013C    400B0010	?lr0016	.DCD	400B0010h	; used 1 time(s)
00000140    03FF0000	?lr0017	.DCD	3FF0000h	; used 1 time(s)
00000144    400B0014	?lr0018	.DCD	400B0014h	; used 1 time(s)
00000148    400B0018	?lr0019	.DCD	400B0018h	; used 1 time(s)
0000014C    400B001C	?lr0020	.DCD	400B001Ch	; used 1 time(s)
00000150    00000E08	?lr0021	.DCD	0E08h	; used 1 time(s)
00000154    400B8004	?lr0022	.DCD	400B8004h	; used 1 time(s)
00000158    00000140	?lr0023	.DCD	140h	; used 1 time(s)
0000015C    400B8008	?lr0024	.DCD	400B8008h	; used 1 time(s)
00000160    400B800C	?lr0025	.DCD	400B800Ch	; used 1 time(s)
00000164    000001E7	?lr0026	.DCD	1E7h	; used 1 time(s)
00000168    400B8010	?lr0027	.DCD	400B8010h	; used 1 time(s)
0000016C    00100000	?lr0028	.DCD	100000h	; used 1 time(s)
00000170    400B8014	?lr0029	.DCD	400B8014h	; used 1 time(s)
00000174    00A80080	?lr0030	.DCD	0A80080h	; used 1 time(s)
00000178    400B8018	?lr0031	.DCD	400B8018h	; used 1 time(s)
0000017C    400B801C	?lr0032	.DCD	400B801Ch	; used 1 time(s)
00000180    400C0004	?lr0033	.DCD	400C0004h	; used 1 time(s)
00000184    400C0008	?lr0034	.DCD	400C0008h	; used 1 time(s)
00000188    0000807F	?lr0035	.DCD	807Fh	; used 1 time(s)
0000018C    400C000C	?lr0036	.DCD	400C000Ch	; used 1 time(s)
00000190    400C0010	?lr0037	.DCD	400C0010h	; used 1 time(s)
00000194    400C0014	?lr0038	.DCD	400C0014h	; used 1 time(s)
00000198    400C0018	?lr0039	.DCD	400C0018h	; used 1 time(s)
0000019C    400C001C	?lr0040	.DCD	400C001Ch	; used 1 time(s)
000001A0    400C8000	?lr0041	.DCD	400C8000h	; used 1 time(s)
000001A4    000087E5	?lr0042	.DCD	87E5h	; used 1 time(s)
000001A8    400C8004	?lr0043	.DCD	400C8004h	; used 1 time(s)
000001AC    00155551	?lr0044	.DCD	155551h	; used 1 time(s)
000001B0    400C8008	?lr0045	.DCD	400C8008h	; used 1 time(s)
000001B4    400C800C	?lr0046	.DCD	400C800Ch	; used 1 time(s)
000001B8    00007802	?lr0047	.DCD	7802h	; used 1 time(s)
000001BC    400C8010	?lr0048	.DCD	400C8010h	; used 1 time(s)
000001C0    00180000	?lr0049	.DCD	180000h	; used 1 time(s)
000001C4    400C8014	?lr0050	.DCD	400C8014h	; used 1 time(s)
000001C8    802AA822	?lr0051	.DCD	802AA822h	; used 1 time(s)
000001CC    400C8018	?lr0052	.DCD	400C8018h	; used 1 time(s)
000001D0    400C801C	?lr0053	.DCD	400C801Ch	; used 1 time(s)
000001D4    400E8000	?lr0054	.DCD	400E8000h	; used 1 time(s)
000001D8    00001E01	?lr0055	.DCD	1E01h	; used 1 time(s)
000001DC    400E8004	?lr0056	.DCD	400E8004h	; used 1 time(s)
000001E0    03FC0000	?lr0057	.DCD	3FC0000h	; used 1 time(s)
000001E4    400E8008	?lr0058	.DCD	400E8008h	; used 1 time(s)
000001E8    400E800C	?lr0059	.DCD	400E800Ch	; used 1 time(s)
000001EC    0000E1FE	?lr0060	.DCD	0E1FEh	; used 1 time(s)
000001F0    400E8010	?lr0061	.DCD	400E8010h	; used 1 time(s)
000001F4    400E8014	?lr0062	.DCD	400E8014h	; used 1 time(s)
000001F8    02A80002	?lr0063	.DCD	2A80002h	; used 1 time(s)
000001FC    400E8018	?lr0064	.DCD	400E8018h	; used 1 time(s)
00000200    400E801C	?lr0065	.DCD	400E801Ch	; used 1 time(s)

.ENDF

init.c: 516 byte(s), 50905 line(s), 0 error(s), 0 warning(s)

