*******************************************************************************
*                                                                             *
*                 ARM C CROSS COMPILER Version 1.03.130923 Demo               *
*                      Copyright (C) 2009 Phyton, Inc.                        *
*                                                                             *
*******************************************************************************

                     main??T:
;FILE: main.c
;000006    void main ()
00000000    B510                       	PUSH            {R4,R14} 
;000009            PC = 0;
00000002    2100                       	MOVS            R1,#0
00000004    48E6                       	LDR             R0,?lr0000	; _PC
00000006    6001                       	STR             R1,[R0,#0]
;000013            initEvalboard();
00000008    FFFAF7FF                   	BLF             initEvalboard
;000021            SWITCH_LED__ON(LED1_pin|LED2_pin);
0000000C    49E5                       	LDR             R1,?lr0001	; 180h
0000000E    48E6                       	LDR             R0,?lr0002	; 400C0020h
00000010    6001                       	STR             R1,[R0,#0]
;000022            DELAY_MS(400);
00000012    48E6                       	LDR             R0,?lr0003	; HCLK
00000014    6800                       	LDR             R0,[R0,#0]
00000016    49E6                       	LDR             R1,?lr0004	; 4F4Ch
00000018    FFF2F7FF                   	BLF             ??DIV32U
0000001C    49E5                       	LDR             R1,?lr0005	; 190h
0000001E    4348                       	MULS            R0,R1
00000020    49E5                       	LDR             R1,?lr0006	; maxpause_ms
00000022    6008                       	STR             R0,[R1,#0]
00000024    2100                       	MOVS            R1,#0
00000026    48E5                       	LDR             R0,?lr0007	; ipause
00000028    6001                       	STR             R1,[R0,#0]
0000002A    E004                       	B               ??_1_CHECK
                   ??_1_LOOP:
0000002C    48E3                       	LDR             R0,?lr0007	; ipause
0000002E    6800                       	LDR             R0,[R0,#0]
00000030    1C40                       	ADDS            R0,R0,#1
00000032    49E2                       	LDR             R1,?lr0007	; ipause
00000034    6008                       	STR             R0,[R1,#0]
                  ??_1_CHECK:
00000036    48E1                       	LDR             R0,?lr0007	; ipause
00000038    6801                       	LDR             R1,[R0,#0]
0000003A    48DF                       	LDR             R0,?lr0006	; maxpause_ms
0000003C    6800                       	LDR             R0,[R0,#0]
0000003E    4281                       	CMP             R1,R0
00000040    D3F4                       	BCC             ??_1_LOOP
;000023            SWITCH_LED_OFF(LED1_pin|LED2_pin);
00000042    49D8                       	LDR             R1,?lr0001	; 180h
00000044    48DE                       	LDR             R0,?lr0008	; 400C0024h
00000046    6001                       	STR             R1,[R0,#0]
;000024            DELAY_MS(400);
00000048    48D8                       	LDR             R0,?lr0003	; HCLK
0000004A    6800                       	LDR             R0,[R0,#0]
0000004C    49D8                       	LDR             R1,?lr0004	; 4F4Ch
0000004E    FFD7F7FF                   	BLF             ??DIV32U
00000052    49D8                       	LDR             R1,?lr0005	; 190h
00000054    4348                       	MULS            R0,R1
00000056    49D8                       	LDR             R1,?lr0006	; maxpause_ms
00000058    6008                       	STR             R0,[R1,#0]
0000005A    2100                       	MOVS            R1,#0
0000005C    48D7                       	LDR             R0,?lr0007	; ipause
0000005E    6001                       	STR             R1,[R0,#0]
00000060    E004                       	B               ??_2_CHECK
                   ??_2_LOOP:
00000062    48D6                       	LDR             R0,?lr0007	; ipause
00000064    6800                       	LDR             R0,[R0,#0]
00000066    1C40                       	ADDS            R0,R0,#1
00000068    49D4                       	LDR             R1,?lr0007	; ipause
0000006A    6008                       	STR             R0,[R1,#0]
                  ??_2_CHECK:
0000006C    48D3                       	LDR             R0,?lr0007	; ipause
0000006E    6801                       	LDR             R1,[R0,#0]
00000070    48D1                       	LDR             R0,?lr0006	; maxpause_ms
00000072    6800                       	LDR             R0,[R0,#0]
00000074    4281                       	CMP             R1,R0
00000076    D3F4                       	BCC             ??_2_LOOP
;000025            SWITCH_LED__ON(LED7_pin|LED8_pin);
00000078    49D2                       	LDR             R1,?lr0009	; 6000h
0000007A    48CB                       	LDR             R0,?lr0002	; 400C0020h
0000007C    6001                       	STR             R1,[R0,#0]
;000026            DELAY_MS(400);
0000007E    48CB                       	LDR             R0,?lr0003	; HCLK
00000080    6800                       	LDR             R0,[R0,#0]
00000082    49CB                       	LDR             R1,?lr0004	; 4F4Ch
00000084    FFBCF7FF                   	BLF             ??DIV32U
00000088    49CA                       	LDR             R1,?lr0005	; 190h
0000008A    4348                       	MULS            R0,R1
0000008C    49CA                       	LDR             R1,?lr0006	; maxpause_ms
0000008E    6008                       	STR             R0,[R1,#0]
00000090    2100                       	MOVS            R1,#0
00000092    48CA                       	LDR             R0,?lr0007	; ipause
00000094    6001                       	STR             R1,[R0,#0]
00000096    E004                       	B               ??_3_CHECK
                   ??_3_LOOP:
00000098    48C8                       	LDR             R0,?lr0007	; ipause
0000009A    6800                       	LDR             R0,[R0,#0]
0000009C    1C40                       	ADDS            R0,R0,#1
0000009E    49C7                       	LDR             R1,?lr0007	; ipause
000000A0    6008                       	STR             R0,[R1,#0]
                  ??_3_CHECK:
000000A2    48C6                       	LDR             R0,?lr0007	; ipause
000000A4    6801                       	LDR             R1,[R0,#0]
000000A6    48C4                       	LDR             R0,?lr0006	; maxpause_ms
000000A8    6800                       	LDR             R0,[R0,#0]
000000AA    4281                       	CMP             R1,R0
000000AC    D3F4                       	BCC             ??_3_LOOP
;000027            SWITCH_LED_OFF(LED7_pin|LED8_pin);
000000AE    49C5                       	LDR             R1,?lr0009	; 6000h
000000B0    48C3                       	LDR             R0,?lr0008	; 400C0024h
000000B2    6001                       	STR             R1,[R0,#0]
;000028            DELAY_MS(400);
000000B4    48BD                       	LDR             R0,?lr0003	; HCLK
000000B6    6800                       	LDR             R0,[R0,#0]
000000B8    49BD                       	LDR             R1,?lr0004	; 4F4Ch
000000BA    FFA1F7FF                   	BLF             ??DIV32U
000000BE    49BD                       	LDR             R1,?lr0005	; 190h
000000C0    4348                       	MULS            R0,R1
000000C2    49BD                       	LDR             R1,?lr0006	; maxpause_ms
000000C4    6008                       	STR             R0,[R1,#0]
000000C6    2100                       	MOVS            R1,#0
000000C8    48BC                       	LDR             R0,?lr0007	; ipause
000000CA    6001                       	STR             R1,[R0,#0]
000000CC    E004                       	B               ??_4_CHECK
                   ??_4_LOOP:
000000CE    48BB                       	LDR             R0,?lr0007	; ipause
000000D0    6800                       	LDR             R0,[R0,#0]
000000D2    1C40                       	ADDS            R0,R0,#1
000000D4    49B9                       	LDR             R1,?lr0007	; ipause
000000D6    6008                       	STR             R0,[R1,#0]
                  ??_4_CHECK:
000000D8    48B8                       	LDR             R0,?lr0007	; ipause
000000DA    6801                       	LDR             R1,[R0,#0]
000000DC    48B6                       	LDR             R0,?lr0006	; maxpause_ms
000000DE    6800                       	LDR             R0,[R0,#0]
000000E0    4281                       	CMP             R1,R0
000000E2    D3F4                       	BCC             ??_4_LOOP
;000031            for ( i = 3; i > 0; i-- )
000000E4    2403                       	MOVS            i?main,#3
000000E6    E39F                       	B               ??_5_CHECK
                   ??_5_LOOP:
;000032            {
;000033                    SWITCH_LED__ON(LED1_pin);DELAY_MS(30);
000000E8    2180                       	MOVS            R1,#80h
000000EA    48AF                       	LDR             R0,?lr0002	; 400C0020h
000000EC    6001                       	STR             R1,[R0,#0]
000000EE    48AF                       	LDR             R0,?lr0003	; HCLK
000000F0    6800                       	LDR             R0,[R0,#0]
000000F2    49AF                       	LDR             R1,?lr0004	; 4F4Ch
000000F4    FF84F7FF                   	BLF             ??DIV32U
000000F8    211E                       	MOVS            R1,#30
000000FA    4348                       	MULS            R0,R1
000000FC    49AE                       	LDR             R1,?lr0006	; maxpause_ms
000000FE    6008                       	STR             R0,[R1,#0]
00000100    2100                       	MOVS            R1,#0
00000102    48AE                       	LDR             R0,?lr0007	; ipause
00000104    6001                       	STR             R1,[R0,#0]
00000106    E004                       	B               ??_6_CHECK
                   ??_6_LOOP:
00000108    48AC                       	LDR             R0,?lr0007	; ipause
0000010A    6800                       	LDR             R0,[R0,#0]
0000010C    1C40                       	ADDS            R0,R0,#1
0000010E    49AB                       	LDR             R1,?lr0007	; ipause
00000110    6008                       	STR             R0,[R1,#0]
                  ??_6_CHECK:
00000112    48AA                       	LDR             R0,?lr0007	; ipause
00000114    6801                       	LDR             R1,[R0,#0]
00000116    48A8                       	LDR             R0,?lr0006	; maxpause_ms
00000118    6800                       	LDR             R0,[R0,#0]
0000011A    4281                       	CMP             R1,R0
0000011C    D3F4                       	BCC             ??_6_LOOP
;000034                    SWITCH_LED__ON(LED2_pin);DELAY_MS(30);
0000011E    49AA                       	LDR             R1,?lr0010	; 100h
00000120    48A1                       	LDR             R0,?lr0002	; 400C0020h
00000122    6001                       	STR             R1,[R0,#0]
00000124    48A1                       	LDR             R0,?lr0003	; HCLK
00000126    6800                       	LDR             R0,[R0,#0]
00000128    49A1                       	LDR             R1,?lr0004	; 4F4Ch
0000012A    FF69F7FF                   	BLF             ??DIV32U
0000012E    211E                       	MOVS            R1,#30
00000130    4348                       	MULS            R0,R1
00000132    49A1                       	LDR             R1,?lr0006	; maxpause_ms
00000134    6008                       	STR             R0,[R1,#0]
00000136    2100                       	MOVS            R1,#0
00000138    48A0                       	LDR             R0,?lr0007	; ipause
0000013A    6001                       	STR             R1,[R0,#0]
0000013C    E004                       	B               ??_7_CHECK
                   ??_7_LOOP:
0000013E    489F                       	LDR             R0,?lr0007	; ipause
00000140    6800                       	LDR             R0,[R0,#0]
00000142    1C40                       	ADDS            R0,R0,#1
00000144    499D                       	LDR             R1,?lr0007	; ipause
00000146    6008                       	STR             R0,[R1,#0]
                  ??_7_CHECK:
00000148    489C                       	LDR             R0,?lr0007	; ipause
0000014A    6801                       	LDR             R1,[R0,#0]
0000014C    489A                       	LDR             R0,?lr0006	; maxpause_ms
0000014E    6800                       	LDR             R0,[R0,#0]
00000150    4281                       	CMP             R1,R0
00000152    D3F4                       	BCC             ??_7_LOOP
;000035                    SWITCH_LED__ON(LED3_pin);DELAY_MS(30);
00000154    499D                       	LDR             R1,?lr0011	; 200h
00000156    4894                       	LDR             R0,?lr0002	; 400C0020h
00000158    6001                       	STR             R1,[R0,#0]
0000015A    4894                       	LDR             R0,?lr0003	; HCLK
0000015C    6800                       	LDR             R0,[R0,#0]
0000015E    4994                       	LDR             R1,?lr0004	; 4F4Ch
00000160    FF4EF7FF                   	BLF             ??DIV32U
00000164    211E                       	MOVS            R1,#30
00000166    4348                       	MULS            R0,R1
00000168    4993                       	LDR             R1,?lr0006	; maxpause_ms
0000016A    6008                       	STR             R0,[R1,#0]
0000016C    2100                       	MOVS            R1,#0
0000016E    4893                       	LDR             R0,?lr0007	; ipause
00000170    6001                       	STR             R1,[R0,#0]
00000172    E004                       	B               ??_8_CHECK
                   ??_8_LOOP:
00000174    4891                       	LDR             R0,?lr0007	; ipause
00000176    6800                       	LDR             R0,[R0,#0]
00000178    1C40                       	ADDS            R0,R0,#1
0000017A    4990                       	LDR             R1,?lr0007	; ipause
0000017C    6008                       	STR             R0,[R1,#0]
                  ??_8_CHECK:
0000017E    488F                       	LDR             R0,?lr0007	; ipause
00000180    6801                       	LDR             R1,[R0,#0]
00000182    488D                       	LDR             R0,?lr0006	; maxpause_ms
00000184    6800                       	LDR             R0,[R0,#0]
00000186    4281                       	CMP             R1,R0
00000188    D3F4                       	BCC             ??_8_LOOP
;000036                    SWITCH_LED_OFF(LED1_pin);DELAY_MS(30);
0000018A    2180                       	MOVS            R1,#80h
0000018C    488C                       	LDR             R0,?lr0008	; 400C0024h
0000018E    6001                       	STR             R1,[R0,#0]
00000190    4886                       	LDR             R0,?lr0003	; HCLK
00000192    6800                       	LDR             R0,[R0,#0]
00000194    4986                       	LDR             R1,?lr0004	; 4F4Ch
00000196    FF33F7FF                   	BLF             ??DIV32U
0000019A    211E                       	MOVS            R1,#30
0000019C    4348                       	MULS            R0,R1
0000019E    4986                       	LDR             R1,?lr0006	; maxpause_ms
000001A0    6008                       	STR             R0,[R1,#0]
000001A2    2100                       	MOVS            R1,#0
000001A4    4885                       	LDR             R0,?lr0007	; ipause
000001A6    6001                       	STR             R1,[R0,#0]
000001A8    E004                       	B               ??_9_CHECK
                   ??_9_LOOP:
000001AA    4884                       	LDR             R0,?lr0007	; ipause
000001AC    6800                       	LDR             R0,[R0,#0]
000001AE    1C40                       	ADDS            R0,R0,#1
000001B0    4982                       	LDR             R1,?lr0007	; ipause
000001B2    6008                       	STR             R0,[R1,#0]
                  ??_9_CHECK:
000001B4    4881                       	LDR             R0,?lr0007	; ipause
000001B6    6801                       	LDR             R1,[R0,#0]
000001B8    487F                       	LDR             R0,?lr0006	; maxpause_ms
000001BA    6800                       	LDR             R0,[R0,#0]
000001BC    4281                       	CMP             R1,R0
000001BE    D3F4                       	BCC             ??_9_LOOP
;000037                    SWITCH_LED__ON(LED4_pin);DELAY_MS(30);
000001C0    4983                       	LDR             R1,?lr0012	; 400h
000001C2    4879                       	LDR             R0,?lr0002	; 400C0020h
000001C4    6001                       	STR             R1,[R0,#0]
000001C6    4879                       	LDR             R0,?lr0003	; HCLK
000001C8    6800                       	LDR             R0,[R0,#0]
000001CA    4979                       	LDR             R1,?lr0004	; 4F4Ch
000001CC    FF18F7FF                   	BLF             ??DIV32U
000001D0    211E                       	MOVS            R1,#30
000001D2    4348                       	MULS            R0,R1
000001D4    4978                       	LDR             R1,?lr0006	; maxpause_ms
000001D6    6008                       	STR             R0,[R1,#0]
000001D8    2100                       	MOVS            R1,#0
000001DA    4878                       	LDR             R0,?lr0007	; ipause
000001DC    6001                       	STR             R1,[R0,#0]
000001DE    E004                       	B               ??_10_CHECK
                  ??_10_LOOP:
000001E0    4876                       	LDR             R0,?lr0007	; ipause
000001E2    6800                       	LDR             R0,[R0,#0]
000001E4    1C40                       	ADDS            R0,R0,#1
000001E6    4975                       	LDR             R1,?lr0007	; ipause
000001E8    6008                       	STR             R0,[R1,#0]
                 ??_10_CHECK:
000001EA    4874                       	LDR             R0,?lr0007	; ipause
000001EC    6801                       	LDR             R1,[R0,#0]
000001EE    4872                       	LDR             R0,?lr0006	; maxpause_ms
000001F0    6800                       	LDR             R0,[R0,#0]
000001F2    4281                       	CMP             R1,R0
000001F4    D3F4                       	BCC             ??_10_LOOP
;000038                    SWITCH_LED_OFF(LED2_pin);DELAY_MS(30);
000001F6    4974                       	LDR             R1,?lr0010	; 100h
000001F8    4871                       	LDR             R0,?lr0008	; 400C0024h
000001FA    6001                       	STR             R1,[R0,#0]
000001FC    486B                       	LDR             R0,?lr0003	; HCLK
000001FE    6800                       	LDR             R0,[R0,#0]
00000200    496B                       	LDR             R1,?lr0004	; 4F4Ch
00000202    FEFDF7FF                   	BLF             ??DIV32U
00000206    211E                       	MOVS            R1,#30
00000208    4348                       	MULS            R0,R1
0000020A    496B                       	LDR             R1,?lr0006	; maxpause_ms
0000020C    6008                       	STR             R0,[R1,#0]
0000020E    2100                       	MOVS            R1,#0
00000210    486A                       	LDR             R0,?lr0007	; ipause
00000212    6001                       	STR             R1,[R0,#0]
00000214    E004                       	B               ??_11_CHECK
                  ??_11_LOOP:
00000216    4869                       	LDR             R0,?lr0007	; ipause
00000218    6800                       	LDR             R0,[R0,#0]
0000021A    1C40                       	ADDS            R0,R0,#1
0000021C    4967                       	LDR             R1,?lr0007	; ipause
0000021E    6008                       	STR             R0,[R1,#0]
                 ??_11_CHECK:
00000220    4866                       	LDR             R0,?lr0007	; ipause
00000222    6801                       	LDR             R1,[R0,#0]
00000224    4864                       	LDR             R0,?lr0006	; maxpause_ms
00000226    6800                       	LDR             R0,[R0,#0]
00000228    4281                       	CMP             R1,R0
0000022A    D3F4                       	BCC             ??_11_LOOP
;000039                    SWITCH_LED__ON(LED5_pin);DELAY_MS(30);
0000022C    4969                       	LDR             R1,?lr0013	; 800h
0000022E    485E                       	LDR             R0,?lr0002	; 400C0020h
00000230    6001                       	STR             R1,[R0,#0]
00000232    485E                       	LDR             R0,?lr0003	; HCLK
00000234    6800                       	LDR             R0,[R0,#0]
00000236    495E                       	LDR             R1,?lr0004	; 4F4Ch
00000238    FEE2F7FF                   	BLF             ??DIV32U
0000023C    211E                       	MOVS            R1,#30
0000023E    4348                       	MULS            R0,R1
00000240    495D                       	LDR             R1,?lr0006	; maxpause_ms
00000242    6008                       	STR             R0,[R1,#0]
00000244    2100                       	MOVS            R1,#0
00000246    485D                       	LDR             R0,?lr0007	; ipause
00000248    6001                       	STR             R1,[R0,#0]
0000024A    E004                       	B               ??_12_CHECK
                  ??_12_LOOP:
0000024C    485B                       	LDR             R0,?lr0007	; ipause
0000024E    6800                       	LDR             R0,[R0,#0]
00000250    1C40                       	ADDS            R0,R0,#1
00000252    495A                       	LDR             R1,?lr0007	; ipause
00000254    6008                       	STR             R0,[R1,#0]
                 ??_12_CHECK:
00000256    4859                       	LDR             R0,?lr0007	; ipause
00000258    6801                       	LDR             R1,[R0,#0]
0000025A    4857                       	LDR             R0,?lr0006	; maxpause_ms
0000025C    6800                       	LDR             R0,[R0,#0]
0000025E    4281                       	CMP             R1,R0
00000260    D3F4                       	BCC             ??_12_LOOP
;000040                    SWITCH_LED_OFF(LED3_pin);DELAY_MS(30);
00000262    495A                       	LDR             R1,?lr0011	; 200h
00000264    4856                       	LDR             R0,?lr0008	; 400C0024h
00000266    6001                       	STR             R1,[R0,#0]
00000268    4850                       	LDR             R0,?lr0003	; HCLK
0000026A    6800                       	LDR             R0,[R0,#0]
0000026C    4950                       	LDR             R1,?lr0004	; 4F4Ch
0000026E    FEC7F7FF                   	BLF             ??DIV32U
00000272    211E                       	MOVS            R1,#30
00000274    4348                       	MULS            R0,R1
00000276    4950                       	LDR             R1,?lr0006	; maxpause_ms
00000278    6008                       	STR             R0,[R1,#0]
0000027A    2100                       	MOVS            R1,#0
0000027C    484F                       	LDR             R0,?lr0007	; ipause
0000027E    6001                       	STR             R1,[R0,#0]
00000280    E004                       	B               ??_13_CHECK
                  ??_13_LOOP:
00000282    484E                       	LDR             R0,?lr0007	; ipause
00000284    6800                       	LDR             R0,[R0,#0]
00000286    1C40                       	ADDS            R0,R0,#1
00000288    494C                       	LDR             R1,?lr0007	; ipause
0000028A    6008                       	STR             R0,[R1,#0]
                 ??_13_CHECK:
0000028C    484B                       	LDR             R0,?lr0007	; ipause
0000028E    6801                       	LDR             R1,[R0,#0]
00000290    4849                       	LDR             R0,?lr0006	; maxpause_ms
00000292    6800                       	LDR             R0,[R0,#0]
00000294    4281                       	CMP             R1,R0
00000296    D3F4                       	BCC             ??_13_LOOP
;000041                    SWITCH_LED__ON(LED6_pin);DELAY_MS(30);
00000298    494F                       	LDR             R1,?lr0014	; 1000h
0000029A    4843                       	LDR             R0,?lr0002	; 400C0020h
0000029C    6001                       	STR             R1,[R0,#0]
0000029E    4843                       	LDR             R0,?lr0003	; HCLK
000002A0    6800                       	LDR             R0,[R0,#0]
000002A2    4943                       	LDR             R1,?lr0004	; 4F4Ch
000002A4    FEACF7FF                   	BLF             ??DIV32U
000002A8    211E                       	MOVS            R1,#30
000002AA    4348                       	MULS            R0,R1
000002AC    4942                       	LDR             R1,?lr0006	; maxpause_ms
000002AE    6008                       	STR             R0,[R1,#0]
000002B0    2100                       	MOVS            R1,#0
000002B2    4842                       	LDR             R0,?lr0007	; ipause
000002B4    6001                       	STR             R1,[R0,#0]
000002B6    E004                       	B               ??_14_CHECK
                  ??_14_LOOP:
000002B8    4840                       	LDR             R0,?lr0007	; ipause
000002BA    6800                       	LDR             R0,[R0,#0]
000002BC    1C40                       	ADDS            R0,R0,#1
000002BE    493F                       	LDR             R1,?lr0007	; ipause
000002C0    6008                       	STR             R0,[R1,#0]
                 ??_14_CHECK:
000002C2    483E                       	LDR             R0,?lr0007	; ipause
000002C4    6801                       	LDR             R1,[R0,#0]
000002C6    483C                       	LDR             R0,?lr0006	; maxpause_ms
000002C8    6800                       	LDR             R0,[R0,#0]
000002CA    4281                       	CMP             R1,R0
000002CC    D3F4                       	BCC             ??_14_LOOP
;000042                    SWITCH_LED_OFF(LED4_pin);DELAY_MS(30);
000002CE    4940                       	LDR             R1,?lr0012	; 400h
000002D0    483B                       	LDR             R0,?lr0008	; 400C0024h
000002D2    6001                       	STR             R1,[R0,#0]
000002D4    4835                       	LDR             R0,?lr0003	; HCLK
000002D6    6800                       	LDR             R0,[R0,#0]
000002D8    4935                       	LDR             R1,?lr0004	; 4F4Ch
000002DA    FE91F7FF                   	BLF             ??DIV32U
000002DE    211E                       	MOVS            R1,#30
000002E0    4348                       	MULS            R0,R1
000002E2    4935                       	LDR             R1,?lr0006	; maxpause_ms
000002E4    6008                       	STR             R0,[R1,#0]
000002E6    2100                       	MOVS            R1,#0
000002E8    4834                       	LDR             R0,?lr0007	; ipause
000002EA    6001                       	STR             R1,[R0,#0]
000002EC    E004                       	B               ??_15_CHECK
                  ??_15_LOOP:
000002EE    4833                       	LDR             R0,?lr0007	; ipause
000002F0    6800                       	LDR             R0,[R0,#0]
000002F2    1C40                       	ADDS            R0,R0,#1
000002F4    4931                       	LDR             R1,?lr0007	; ipause
000002F6    6008                       	STR             R0,[R1,#0]
                 ??_15_CHECK:
000002F8    4830                       	LDR             R0,?lr0007	; ipause
000002FA    6801                       	LDR             R1,[R0,#0]
000002FC    482E                       	LDR             R0,?lr0006	; maxpause_ms
000002FE    6800                       	LDR             R0,[R0,#0]
00000300    4281                       	CMP             R1,R0
00000302    D3F4                       	BCC             ??_15_LOOP
;000043                    SWITCH_LED__ON(LED7_pin);DELAY_MS(30);
00000304    4935                       	LDR             R1,?lr0015	; 2000h
00000306    4828                       	LDR             R0,?lr0002	; 400C0020h
00000308    6001                       	STR             R1,[R0,#0]
0000030A    4828                       	LDR             R0,?lr0003	; HCLK
0000030C    6800                       	LDR             R0,[R0,#0]
0000030E    4928                       	LDR             R1,?lr0004	; 4F4Ch
00000310    FE76F7FF                   	BLF             ??DIV32U
00000314    211E                       	MOVS            R1,#30
00000316    4348                       	MULS            R0,R1
00000318    4927                       	LDR             R1,?lr0006	; maxpause_ms
0000031A    6008                       	STR             R0,[R1,#0]
0000031C    2100                       	MOVS            R1,#0
0000031E    4827                       	LDR             R0,?lr0007	; ipause
00000320    6001                       	STR             R1,[R0,#0]
00000322    E004                       	B               ??_16_CHECK
                  ??_16_LOOP:
00000324    4825                       	LDR             R0,?lr0007	; ipause
00000326    6800                       	LDR             R0,[R0,#0]
00000328    1C40                       	ADDS            R0,R0,#1
0000032A    4924                       	LDR             R1,?lr0007	; ipause
0000032C    6008                       	STR             R0,[R1,#0]
                 ??_16_CHECK:
0000032E    4823                       	LDR             R0,?lr0007	; ipause
00000330    6801                       	LDR             R1,[R0,#0]
00000332    4821                       	LDR             R0,?lr0006	; maxpause_ms
00000334    6800                       	LDR             R0,[R0,#0]
00000336    4281                       	CMP             R1,R0
00000338    D3F4                       	BCC             ??_16_LOOP
;000044                    SWITCH_LED_OFF(LED5_pin);DELAY_MS(30);
0000033A    4926                       	LDR             R1,?lr0013	; 800h
0000033C    4820                       	LDR             R0,?lr0008	; 400C0024h
0000033E    6001                       	STR             R1,[R0,#0]
00000340    481A                       	LDR             R0,?lr0003	; HCLK
00000342    6800                       	LDR             R0,[R0,#0]
00000344    491A                       	LDR             R1,?lr0004	; 4F4Ch
00000346    FE5BF7FF                   	BLF             ??DIV32U
0000034A    211E                       	MOVS            R1,#30
0000034C    4348                       	MULS            R0,R1
0000034E    491A                       	LDR             R1,?lr0006	; maxpause_ms
00000350    6008                       	STR             R0,[R1,#0]
00000352    2100                       	MOVS            R1,#0
00000354    4819                       	LDR             R0,?lr0007	; ipause
00000356    6001                       	STR             R1,[R0,#0]
00000358    E004                       	B               ??_17_CHECK
                  ??_17_LOOP:
0000035A    4818                       	LDR             R0,?lr0007	; ipause
0000035C    6800                       	LDR             R0,[R0,#0]
0000035E    1C40                       	ADDS            R0,R0,#1
00000360    4916                       	LDR             R1,?lr0007	; ipause
00000362    6008                       	STR             R0,[R1,#0]
                 ??_17_CHECK:
00000364    4815                       	LDR             R0,?lr0007	; ipause
00000366    6801                       	LDR             R1,[R0,#0]
00000368    4813                       	LDR             R0,?lr0006	; maxpause_ms
0000036A    6800                       	LDR             R0,[R0,#0]
0000036C    4281                       	CMP             R1,R0
0000036E    D3F4                       	BCC             ??_17_LOOP
;000045                    SWITCH_LED__ON(LED8_pin);DELAY_MS(30);
00000370    491B                       	LDR             R1,?lr0016	; 4000h
00000372    480D                       	LDR             R0,?lr0002	; 400C0020h
00000374    6001                       	STR             R1,[R0,#0]
00000376    480D                       	LDR             R0,?lr0003	; HCLK
00000378    6800                       	LDR             R0,[R0,#0]
0000037A    490D                       	LDR             R1,?lr0004	; 4F4Ch
0000037C    FE40F7FF                   	BLF             ??DIV32U
00000380    211E                       	MOVS            R1,#30
00000382    4348                       	MULS            R0,R1
00000384    490C                       	LDR             R1,?lr0006	; maxpause_ms
00000386    6008                       	STR             R0,[R1,#0]
00000388    2100                       	MOVS            R1,#0
0000038A    480C                       	LDR             R0,?lr0007	; ipause
0000038C    6001                       	STR             R1,[R0,#0]
0000038E    E004                       	B               ??_18_CHECK
                  ??_18_LOOP:
00000390    480A                       	LDR             R0,?lr0007	; ipause
00000392    6800                       	LDR             R0,[R0,#0]
00000394    1C40                       	ADDS            R0,R0,#1
00000396    4909                       	LDR             R1,?lr0007	; ipause
00000398    6008                       	STR             R0,[R1,#0]
                 ??_18_CHECK:
0000039A    4808                       	LDR             R0,?lr0007	; ipause
0000039C    6801                       	LDR             R1,[R0,#0]
0000039E    E021                       	B               ??_41_LITPOOL

000003A0    00000000	?lr0000	.DCD	_PC	; used 1 time(s)
000003A4    00000180	?lr0001	.DCD	180h	; used 2 time(s)
000003A8    400C0020	?lr0002	.DCD	400C0020h	; used 10 time(s)
000003AC    00000000	?lr0003	.DCD	HCLK	; used 17 time(s)
000003B0    00004F4C	?lr0004	.DCD	4F4Ch	; used 17 time(s)
000003B4    00000190	?lr0005	.DCD	190h	; used 4 time(s)
000003B8    00000000	?lr0006	.DCD	maxpause_ms	; used 33 time(s)
000003BC    00000000	?lr0007	.DCD	ipause	; used 68 time(s)
000003C0    400C0024	?lr0008	.DCD	400C0024h	; used 7 time(s)
000003C4    00006000	?lr0009	.DCD	6000h	; used 2 time(s)
000003C8    00000100	?lr0010	.DCD	100h	; used 2 time(s)
000003CC    00000200	?lr0011	.DCD	200h	; used 2 time(s)
000003D0    00000400	?lr0012	.DCD	400h	; used 2 time(s)
000003D4    00000800	?lr0013	.DCD	800h	; used 2 time(s)
000003D8    00001000	?lr0014	.DCD	1000h	; used 1 time(s)
000003DC    00002000	?lr0015	.DCD	2000h	; used 1 time(s)
000003E0    00004000	?lr0016	.DCD	4000h	; used 1 time(s)

               ??_41_LITPOOL:
000003E4    48E6                       	LDR             R0,?lr0017	; maxpause_ms
000003E6    6800                       	LDR             R0,[R0,#0]
000003E8    4281                       	CMP             R1,R0
000003EA    D3D1                       	BCC             ??_18_LOOP
;000046                    SWITCH_LED_OFF(LED6_pin);DELAY_MS(30);
000003EC    49E5                       	LDR             R1,?lr0018	; 1000h
000003EE    48E6                       	LDR             R0,?lr0019	; 400C0024h
000003F0    6001                       	STR             R1,[R0,#0]
000003F2    48E6                       	LDR             R0,?lr0020	; HCLK
000003F4    6800                       	LDR             R0,[R0,#0]
000003F6    49E6                       	LDR             R1,?lr0021	; 4F4Ch
000003F8    FE02F7FF                   	BLF             ??DIV32U
000003FC    211E                       	MOVS            R1,#30
000003FE    4348                       	MULS            R0,R1
00000400    49DF                       	LDR             R1,?lr0017	; maxpause_ms
00000402    6008                       	STR             R0,[R1,#0]
00000404    2100                       	MOVS            R1,#0
00000406    48E3                       	LDR             R0,?lr0022	; ipause
00000408    6001                       	STR             R1,[R0,#0]
0000040A    E004                       	B               ??_19_CHECK
                  ??_19_LOOP:
0000040C    48E1                       	LDR             R0,?lr0022	; ipause
0000040E    6800                       	LDR             R0,[R0,#0]
00000410    1C40                       	ADDS            R0,R0,#1
00000412    49E0                       	LDR             R1,?lr0022	; ipause
00000414    6008                       	STR             R0,[R1,#0]
                 ??_19_CHECK:
00000416    48DF                       	LDR             R0,?lr0022	; ipause
00000418    6801                       	LDR             R1,[R0,#0]
0000041A    48D9                       	LDR             R0,?lr0017	; maxpause_ms
0000041C    6800                       	LDR             R0,[R0,#0]
0000041E    4281                       	CMP             R1,R0
00000420    D3F4                       	BCC             ??_19_LOOP
;000047                    SWITCH_LED_OFF(LED7_pin);DELAY_MS(30);
00000422    49DD                       	LDR             R1,?lr0023	; 2000h
00000424    48D8                       	LDR             R0,?lr0019	; 400C0024h
00000426    6001                       	STR             R1,[R0,#0]
00000428    48D8                       	LDR             R0,?lr0020	; HCLK
0000042A    6800                       	LDR             R0,[R0,#0]
0000042C    49D8                       	LDR             R1,?lr0021	; 4F4Ch
0000042E    FDE7F7FF                   	BLF             ??DIV32U
00000432    211E                       	MOVS            R1,#30
00000434    4348                       	MULS            R0,R1
00000436    49D2                       	LDR             R1,?lr0017	; maxpause_ms
00000438    6008                       	STR             R0,[R1,#0]
0000043A    2100                       	MOVS            R1,#0
0000043C    48D5                       	LDR             R0,?lr0022	; ipause
0000043E    6001                       	STR             R1,[R0,#0]
00000440    E004                       	B               ??_20_CHECK
                  ??_20_LOOP:
00000442    48D4                       	LDR             R0,?lr0022	; ipause
00000444    6800                       	LDR             R0,[R0,#0]
00000446    1C40                       	ADDS            R0,R0,#1
00000448    49D2                       	LDR             R1,?lr0022	; ipause
0000044A    6008                       	STR             R0,[R1,#0]
                 ??_20_CHECK:
0000044C    48D1                       	LDR             R0,?lr0022	; ipause
0000044E    6801                       	LDR             R1,[R0,#0]
00000450    48CB                       	LDR             R0,?lr0017	; maxpause_ms
00000452    6800                       	LDR             R0,[R0,#0]
00000454    4281                       	CMP             R1,R0
00000456    D3F4                       	BCC             ??_20_LOOP
;000048                    SWITCH_LED_OFF(LED8_pin);DELAY_MS(30);
00000458    49D0                       	LDR             R1,?lr0024	; 4000h
0000045A    48CB                       	LDR             R0,?lr0019	; 400C0024h
0000045C    6001                       	STR             R1,[R0,#0]
0000045E    48CB                       	LDR             R0,?lr0020	; HCLK
00000460    6800                       	LDR             R0,[R0,#0]
00000462    49CB                       	LDR             R1,?lr0021	; 4F4Ch
00000464    FDCCF7FF                   	BLF             ??DIV32U
00000468    211E                       	MOVS            R1,#30
0000046A    4348                       	MULS            R0,R1
0000046C    49C4                       	LDR             R1,?lr0017	; maxpause_ms
0000046E    6008                       	STR             R0,[R1,#0]
00000470    2100                       	MOVS            R1,#0
00000472    48C8                       	LDR             R0,?lr0022	; ipause
00000474    6001                       	STR             R1,[R0,#0]
00000476    E004                       	B               ??_21_CHECK
                  ??_21_LOOP:
00000478    48C6                       	LDR             R0,?lr0022	; ipause
0000047A    6800                       	LDR             R0,[R0,#0]
0000047C    1C40                       	ADDS            R0,R0,#1
0000047E    49C5                       	LDR             R1,?lr0022	; ipause
00000480    6008                       	STR             R0,[R1,#0]
                 ??_21_CHECK:
00000482    48C4                       	LDR             R0,?lr0022	; ipause
00000484    6801                       	LDR             R1,[R0,#0]
00000486    48BE                       	LDR             R0,?lr0017	; maxpause_ms
00000488    6800                       	LDR             R0,[R0,#0]
0000048A    4281                       	CMP             R1,R0
0000048C    D3F4                       	BCC             ??_21_LOOP
;000050                    SWITCH_LED__ON(LED8_pin);DELAY_MS(30);
0000048E    49C3                       	LDR             R1,?lr0024	; 4000h
00000490    48C3                       	LDR             R0,?lr0025	; 400C0020h
00000492    6001                       	STR             R1,[R0,#0]
00000494    48BD                       	LDR             R0,?lr0020	; HCLK
00000496    6800                       	LDR             R0,[R0,#0]
00000498    49BD                       	LDR             R1,?lr0021	; 4F4Ch
0000049A    FDB1F7FF                   	BLF             ??DIV32U
0000049E    211E                       	MOVS            R1,#30
000004A0    4348                       	MULS            R0,R1
000004A2    49B7                       	LDR             R1,?lr0017	; maxpause_ms
000004A4    6008                       	STR             R0,[R1,#0]
000004A6    2100                       	MOVS            R1,#0
000004A8    48BA                       	LDR             R0,?lr0022	; ipause
000004AA    6001                       	STR             R1,[R0,#0]
000004AC    E004                       	B               ??_22_CHECK
                  ??_22_LOOP:
000004AE    48B9                       	LDR             R0,?lr0022	; ipause
000004B0    6800                       	LDR             R0,[R0,#0]
000004B2    1C40                       	ADDS            R0,R0,#1
000004B4    49B7                       	LDR             R1,?lr0022	; ipause
000004B6    6008                       	STR             R0,[R1,#0]
                 ??_22_CHECK:
000004B8    48B6                       	LDR             R0,?lr0022	; ipause
000004BA    6801                       	LDR             R1,[R0,#0]
000004BC    48B0                       	LDR             R0,?lr0017	; maxpause_ms
000004BE    6800                       	LDR             R0,[R0,#0]
000004C0    4281                       	CMP             R1,R0
000004C2    D3F4                       	BCC             ??_22_LOOP
;000051                    SWITCH_LED__ON(LED7_pin);DELAY_MS(30);
000004C4    49B4                       	LDR             R1,?lr0023	; 2000h
000004C6    48B6                       	LDR             R0,?lr0025	; 400C0020h
000004C8    6001                       	STR             R1,[R0,#0]
000004CA    48B0                       	LDR             R0,?lr0020	; HCLK
000004CC    6800                       	LDR             R0,[R0,#0]
000004CE    49B0                       	LDR             R1,?lr0021	; 4F4Ch
000004D0    FD96F7FF                   	BLF             ??DIV32U
000004D4    211E                       	MOVS            R1,#30
000004D6    4348                       	MULS            R0,R1
000004D8    49A9                       	LDR             R1,?lr0017	; maxpause_ms
000004DA    6008                       	STR             R0,[R1,#0]
000004DC    2100                       	MOVS            R1,#0
000004DE    48AD                       	LDR             R0,?lr0022	; ipause
000004E0    6001                       	STR             R1,[R0,#0]
000004E2    E004                       	B               ??_23_CHECK
                  ??_23_LOOP:
000004E4    48AB                       	LDR             R0,?lr0022	; ipause
000004E6    6800                       	LDR             R0,[R0,#0]
000004E8    1C40                       	ADDS            R0,R0,#1
000004EA    49AA                       	LDR             R1,?lr0022	; ipause
000004EC    6008                       	STR             R0,[R1,#0]
                 ??_23_CHECK:
000004EE    48A9                       	LDR             R0,?lr0022	; ipause
000004F0    6801                       	LDR             R1,[R0,#0]
000004F2    48A3                       	LDR             R0,?lr0017	; maxpause_ms
000004F4    6800                       	LDR             R0,[R0,#0]
000004F6    4281                       	CMP             R1,R0
000004F8    D3F4                       	BCC             ??_23_LOOP
;000052                    SWITCH_LED__ON(LED6_pin);DELAY_MS(30);
000004FA    49A2                       	LDR             R1,?lr0018	; 1000h
000004FC    48A8                       	LDR             R0,?lr0025	; 400C0020h
000004FE    6001                       	STR             R1,[R0,#0]
00000500    48A2                       	LDR             R0,?lr0020	; HCLK
00000502    6800                       	LDR             R0,[R0,#0]
00000504    49A2                       	LDR             R1,?lr0021	; 4F4Ch
00000506    FD7BF7FF                   	BLF             ??DIV32U
0000050A    211E                       	MOVS            R1,#30
0000050C    4348                       	MULS            R0,R1
0000050E    499C                       	LDR             R1,?lr0017	; maxpause_ms
00000510    6008                       	STR             R0,[R1,#0]
00000512    2100                       	MOVS            R1,#0
00000514    489F                       	LDR             R0,?lr0022	; ipause
00000516    6001                       	STR             R1,[R0,#0]
00000518    E004                       	B               ??_24_CHECK
                  ??_24_LOOP:
0000051A    489E                       	LDR             R0,?lr0022	; ipause
0000051C    6800                       	LDR             R0,[R0,#0]
0000051E    1C40                       	ADDS            R0,R0,#1
00000520    499C                       	LDR             R1,?lr0022	; ipause
00000522    6008                       	STR             R0,[R1,#0]
                 ??_24_CHECK:
00000524    489B                       	LDR             R0,?lr0022	; ipause
00000526    6801                       	LDR             R1,[R0,#0]
00000528    4895                       	LDR             R0,?lr0017	; maxpause_ms
0000052A    6800                       	LDR             R0,[R0,#0]
0000052C    4281                       	CMP             R1,R0
0000052E    D3F4                       	BCC             ??_24_LOOP
;000053                    SWITCH_LED_OFF(LED8_pin);DELAY_MS(30);
00000530    499A                       	LDR             R1,?lr0024	; 4000h
00000532    4895                       	LDR             R0,?lr0019	; 400C0024h
00000534    6001                       	STR             R1,[R0,#0]
00000536    4895                       	LDR             R0,?lr0020	; HCLK
00000538    6800                       	LDR             R0,[R0,#0]
0000053A    4995                       	LDR             R1,?lr0021	; 4F4Ch
0000053C    FD60F7FF                   	BLF             ??DIV32U
00000540    211E                       	MOVS            R1,#30
00000542    4348                       	MULS            R0,R1
00000544    498E                       	LDR             R1,?lr0017	; maxpause_ms
00000546    6008                       	STR             R0,[R1,#0]
00000548    2100                       	MOVS            R1,#0
0000054A    4892                       	LDR             R0,?lr0022	; ipause
0000054C    6001                       	STR             R1,[R0,#0]
0000054E    E004                       	B               ??_25_CHECK
                  ??_25_LOOP:
00000550    4890                       	LDR             R0,?lr0022	; ipause
00000552    6800                       	LDR             R0,[R0,#0]
00000554    1C40                       	ADDS            R0,R0,#1
00000556    498F                       	LDR             R1,?lr0022	; ipause
00000558    6008                       	STR             R0,[R1,#0]
                 ??_25_CHECK:
0000055A    488E                       	LDR             R0,?lr0022	; ipause
0000055C    6801                       	LDR             R1,[R0,#0]
0000055E    4888                       	LDR             R0,?lr0017	; maxpause_ms
00000560    6800                       	LDR             R0,[R0,#0]
00000562    4281                       	CMP             R1,R0
00000564    D3F4                       	BCC             ??_25_LOOP
;000054                    SWITCH_LED__ON(LED5_pin);DELAY_MS(30);
00000566    498F                       	LDR             R1,?lr0026	; 800h
00000568    488D                       	LDR             R0,?lr0025	; 400C0020h
0000056A    6001                       	STR             R1,[R0,#0]
0000056C    4887                       	LDR             R0,?lr0020	; HCLK
0000056E    6800                       	LDR             R0,[R0,#0]
00000570    4987                       	LDR             R1,?lr0021	; 4F4Ch
00000572    FD45F7FF                   	BLF             ??DIV32U
00000576    211E                       	MOVS            R1,#30
00000578    4348                       	MULS            R0,R1
0000057A    4981                       	LDR             R1,?lr0017	; maxpause_ms
0000057C    6008                       	STR             R0,[R1,#0]
0000057E    2100                       	MOVS            R1,#0
00000580    4884                       	LDR             R0,?lr0022	; ipause
00000582    6001                       	STR             R1,[R0,#0]
00000584    E004                       	B               ??_26_CHECK
                  ??_26_LOOP:
00000586    4883                       	LDR             R0,?lr0022	; ipause
00000588    6800                       	LDR             R0,[R0,#0]
0000058A    1C40                       	ADDS            R0,R0,#1
0000058C    4981                       	LDR             R1,?lr0022	; ipause
0000058E    6008                       	STR             R0,[R1,#0]
                 ??_26_CHECK:
00000590    4880                       	LDR             R0,?lr0022	; ipause
00000592    6801                       	LDR             R1,[R0,#0]
00000594    487A                       	LDR             R0,?lr0017	; maxpause_ms
00000596    6800                       	LDR             R0,[R0,#0]
00000598    4281                       	CMP             R1,R0
0000059A    D3F4                       	BCC             ??_26_LOOP
;000055                    SWITCH_LED_OFF(LED7_pin);DELAY_MS(30);
0000059C    497E                       	LDR             R1,?lr0023	; 2000h
0000059E    487A                       	LDR             R0,?lr0019	; 400C0024h
000005A0    6001                       	STR             R1,[R0,#0]
000005A2    487A                       	LDR             R0,?lr0020	; HCLK
000005A4    6800                       	LDR             R0,[R0,#0]
000005A6    497A                       	LDR             R1,?lr0021	; 4F4Ch
000005A8    FD2AF7FF                   	BLF             ??DIV32U
000005AC    211E                       	MOVS            R1,#30
000005AE    4348                       	MULS            R0,R1
000005B0    4973                       	LDR             R1,?lr0017	; maxpause_ms
000005B2    6008                       	STR             R0,[R1,#0]
000005B4    2100                       	MOVS            R1,#0
000005B6    4877                       	LDR             R0,?lr0022	; ipause
000005B8    6001                       	STR             R1,[R0,#0]
000005BA    E004                       	B               ??_27_CHECK
                  ??_27_LOOP:
000005BC    4875                       	LDR             R0,?lr0022	; ipause
000005BE    6800                       	LDR             R0,[R0,#0]
000005C0    1C40                       	ADDS            R0,R0,#1
000005C2    4974                       	LDR             R1,?lr0022	; ipause
000005C4    6008                       	STR             R0,[R1,#0]
                 ??_27_CHECK:
000005C6    4873                       	LDR             R0,?lr0022	; ipause
000005C8    6801                       	LDR             R1,[R0,#0]
000005CA    486D                       	LDR             R0,?lr0017	; maxpause_ms
000005CC    6800                       	LDR             R0,[R0,#0]
000005CE    4281                       	CMP             R1,R0
000005D0    D3F4                       	BCC             ??_27_LOOP
;000056                    SWITCH_LED__ON(LED4_pin);DELAY_MS(30);
000005D2    4975                       	LDR             R1,?lr0027	; 400h
000005D4    4872                       	LDR             R0,?lr0025	; 400C0020h
000005D6    6001                       	STR             R1,[R0,#0]
000005D8    486C                       	LDR             R0,?lr0020	; HCLK
000005DA    6800                       	LDR             R0,[R0,#0]
000005DC    496C                       	LDR             R1,?lr0021	; 4F4Ch
000005DE    FD0FF7FF                   	BLF             ??DIV32U
000005E2    211E                       	MOVS            R1,#30
000005E4    4348                       	MULS            R0,R1
000005E6    4966                       	LDR             R1,?lr0017	; maxpause_ms
000005E8    6008                       	STR             R0,[R1,#0]
000005EA    2100                       	MOVS            R1,#0
000005EC    4869                       	LDR             R0,?lr0022	; ipause
000005EE    6001                       	STR             R1,[R0,#0]
000005F0    E004                       	B               ??_28_CHECK
                  ??_28_LOOP:
000005F2    4868                       	LDR             R0,?lr0022	; ipause
000005F4    6800                       	LDR             R0,[R0,#0]
000005F6    1C40                       	ADDS            R0,R0,#1
000005F8    4966                       	LDR             R1,?lr0022	; ipause
000005FA    6008                       	STR             R0,[R1,#0]
                 ??_28_CHECK:
000005FC    4865                       	LDR             R0,?lr0022	; ipause
000005FE    6801                       	LDR             R1,[R0,#0]
00000600    485F                       	LDR             R0,?lr0017	; maxpause_ms
00000602    6800                       	LDR             R0,[R0,#0]
00000604    4281                       	CMP             R1,R0
00000606    D3F4                       	BCC             ??_28_LOOP
;000057                    SWITCH_LED_OFF(LED6_pin);DELAY_MS(30);
00000608    495E                       	LDR             R1,?lr0018	; 1000h
0000060A    485F                       	LDR             R0,?lr0019	; 400C0024h
0000060C    6001                       	STR             R1,[R0,#0]
0000060E    485F                       	LDR             R0,?lr0020	; HCLK
00000610    6800                       	LDR             R0,[R0,#0]
00000612    495F                       	LDR             R1,?lr0021	; 4F4Ch
00000614    FCF4F7FF                   	BLF             ??DIV32U
00000618    211E                       	MOVS            R1,#30
0000061A    4348                       	MULS            R0,R1
0000061C    4958                       	LDR             R1,?lr0017	; maxpause_ms
0000061E    6008                       	STR             R0,[R1,#0]
00000620    2100                       	MOVS            R1,#0
00000622    485C                       	LDR             R0,?lr0022	; ipause
00000624    6001                       	STR             R1,[R0,#0]
00000626    E004                       	B               ??_29_CHECK
                  ??_29_LOOP:
00000628    485A                       	LDR             R0,?lr0022	; ipause
0000062A    6800                       	LDR             R0,[R0,#0]
0000062C    1C40                       	ADDS            R0,R0,#1
0000062E    4959                       	LDR             R1,?lr0022	; ipause
00000630    6008                       	STR             R0,[R1,#0]
                 ??_29_CHECK:
00000632    4858                       	LDR             R0,?lr0022	; ipause
00000634    6801                       	LDR             R1,[R0,#0]
00000636    4852                       	LDR             R0,?lr0017	; maxpause_ms
00000638    6800                       	LDR             R0,[R0,#0]
0000063A    4281                       	CMP             R1,R0
0000063C    D3F4                       	BCC             ??_29_LOOP
;000058                    SWITCH_LED__ON(LED3_pin);DELAY_MS(30);
0000063E    495B                       	LDR             R1,?lr0028	; 200h
00000640    4857                       	LDR             R0,?lr0025	; 400C0020h
00000642    6001                       	STR             R1,[R0,#0]
00000644    4851                       	LDR             R0,?lr0020	; HCLK
00000646    6800                       	LDR             R0,[R0,#0]
00000648    4951                       	LDR             R1,?lr0021	; 4F4Ch
0000064A    FCD9F7FF                   	BLF             ??DIV32U
0000064E    211E                       	MOVS            R1,#30
00000650    4348                       	MULS            R0,R1
00000652    494B                       	LDR             R1,?lr0017	; maxpause_ms
00000654    6008                       	STR             R0,[R1,#0]
00000656    2100                       	MOVS            R1,#0
00000658    484E                       	LDR             R0,?lr0022	; ipause
0000065A    6001                       	STR             R1,[R0,#0]
0000065C    E004                       	B               ??_30_CHECK
                  ??_30_LOOP:
0000065E    484D                       	LDR             R0,?lr0022	; ipause
00000660    6800                       	LDR             R0,[R0,#0]
00000662    1C40                       	ADDS            R0,R0,#1
00000664    494B                       	LDR             R1,?lr0022	; ipause
00000666    6008                       	STR             R0,[R1,#0]
                 ??_30_CHECK:
00000668    484A                       	LDR             R0,?lr0022	; ipause
0000066A    6801                       	LDR             R1,[R0,#0]
0000066C    4844                       	LDR             R0,?lr0017	; maxpause_ms
0000066E    6800                       	LDR             R0,[R0,#0]
00000670    4281                       	CMP             R1,R0
00000672    D3F4                       	BCC             ??_30_LOOP
;000059                    SWITCH_LED_OFF(LED5_pin);DELAY_MS(30);
00000674    494B                       	LDR             R1,?lr0026	; 800h
00000676    4844                       	LDR             R0,?lr0019	; 400C0024h
00000678    6001                       	STR             R1,[R0,#0]
0000067A    4844                       	LDR             R0,?lr0020	; HCLK
0000067C    6800                       	LDR             R0,[R0,#0]
0000067E    4944                       	LDR             R1,?lr0021	; 4F4Ch
00000680    FCBEF7FF                   	BLF             ??DIV32U
00000684    211E                       	MOVS            R1,#30
00000686    4348                       	MULS            R0,R1
00000688    493D                       	LDR             R1,?lr0017	; maxpause_ms
0000068A    6008                       	STR             R0,[R1,#0]
0000068C    2100                       	MOVS            R1,#0
0000068E    4841                       	LDR             R0,?lr0022	; ipause
00000690    6001                       	STR             R1,[R0,#0]
00000692    E004                       	B               ??_31_CHECK
                  ??_31_LOOP:
00000694    483F                       	LDR             R0,?lr0022	; ipause
00000696    6800                       	LDR             R0,[R0,#0]
00000698    1C40                       	ADDS            R0,R0,#1
0000069A    493E                       	LDR             R1,?lr0022	; ipause
0000069C    6008                       	STR             R0,[R1,#0]
                 ??_31_CHECK:
0000069E    483D                       	LDR             R0,?lr0022	; ipause
000006A0    6801                       	LDR             R1,[R0,#0]
000006A2    4837                       	LDR             R0,?lr0017	; maxpause_ms
000006A4    6800                       	LDR             R0,[R0,#0]
000006A6    4281                       	CMP             R1,R0
000006A8    D3F4                       	BCC             ??_31_LOOP
;000060                    SWITCH_LED__ON(LED2_pin);DELAY_MS(30);
000006AA    4941                       	LDR             R1,?lr0029	; 100h
000006AC    483C                       	LDR             R0,?lr0025	; 400C0020h
000006AE    6001                       	STR             R1,[R0,#0]
000006B0    4836                       	LDR             R0,?lr0020	; HCLK
000006B2    6800                       	LDR             R0,[R0,#0]
000006B4    4936                       	LDR             R1,?lr0021	; 4F4Ch
000006B6    FCA3F7FF                   	BLF             ??DIV32U
000006BA    211E                       	MOVS            R1,#30
000006BC    4348                       	MULS            R0,R1
000006BE    4930                       	LDR             R1,?lr0017	; maxpause_ms
000006C0    6008                       	STR             R0,[R1,#0]
000006C2    2100                       	MOVS            R1,#0
000006C4    4833                       	LDR             R0,?lr0022	; ipause
000006C6    6001                       	STR             R1,[R0,#0]
000006C8    E004                       	B               ??_32_CHECK
                  ??_32_LOOP:
000006CA    4832                       	LDR             R0,?lr0022	; ipause
000006CC    6800                       	LDR             R0,[R0,#0]
000006CE    1C40                       	ADDS            R0,R0,#1
000006D0    4930                       	LDR             R1,?lr0022	; ipause
000006D2    6008                       	STR             R0,[R1,#0]
                 ??_32_CHECK:
000006D4    482F                       	LDR             R0,?lr0022	; ipause
000006D6    6801                       	LDR             R1,[R0,#0]
000006D8    4829                       	LDR             R0,?lr0017	; maxpause_ms
000006DA    6800                       	LDR             R0,[R0,#0]
000006DC    4281                       	CMP             R1,R0
000006DE    D3F4                       	BCC             ??_32_LOOP
;000061                    SWITCH_LED_OFF(LED4_pin);DELAY_MS(30);
000006E0    4931                       	LDR             R1,?lr0027	; 400h
000006E2    4829                       	LDR             R0,?lr0019	; 400C0024h
000006E4    6001                       	STR             R1,[R0,#0]
000006E6    4829                       	LDR             R0,?lr0020	; HCLK
000006E8    6800                       	LDR             R0,[R0,#0]
000006EA    4929                       	LDR             R1,?lr0021	; 4F4Ch
000006EC    FC88F7FF                   	BLF             ??DIV32U
000006F0    211E                       	MOVS            R1,#30
000006F2    4348                       	MULS            R0,R1
000006F4    4922                       	LDR             R1,?lr0017	; maxpause_ms
000006F6    6008                       	STR             R0,[R1,#0]
000006F8    2100                       	MOVS            R1,#0
000006FA    4826                       	LDR             R0,?lr0022	; ipause
000006FC    6001                       	STR             R1,[R0,#0]
000006FE    E004                       	B               ??_33_CHECK
                  ??_33_LOOP:
00000700    4824                       	LDR             R0,?lr0022	; ipause
00000702    6800                       	LDR             R0,[R0,#0]
00000704    1C40                       	ADDS            R0,R0,#1
00000706    4923                       	LDR             R1,?lr0022	; ipause
00000708    6008                       	STR             R0,[R1,#0]
                 ??_33_CHECK:
0000070A    4822                       	LDR             R0,?lr0022	; ipause
0000070C    6801                       	LDR             R1,[R0,#0]
0000070E    481C                       	LDR             R0,?lr0017	; maxpause_ms
00000710    6800                       	LDR             R0,[R0,#0]
00000712    4281                       	CMP             R1,R0
00000714    D3F4                       	BCC             ??_33_LOOP
;000062                    SWITCH_LED__ON(LED1_pin);DELAY_MS(30);
00000716    2180                       	MOVS            R1,#80h
00000718    4821                       	LDR             R0,?lr0025	; 400C0020h
0000071A    6001                       	STR             R1,[R0,#0]
0000071C    481B                       	LDR             R0,?lr0020	; HCLK
0000071E    6800                       	LDR             R0,[R0,#0]
00000720    491B                       	LDR             R1,?lr0021	; 4F4Ch
00000722    FC6DF7FF                   	BLF             ??DIV32U
00000726    211E                       	MOVS            R1,#30
00000728    4348                       	MULS            R0,R1
0000072A    4915                       	LDR             R1,?lr0017	; maxpause_ms
0000072C    6008                       	STR             R0,[R1,#0]
0000072E    2100                       	MOVS            R1,#0
00000730    4818                       	LDR             R0,?lr0022	; ipause
00000732    6001                       	STR             R1,[R0,#0]
00000734    E004                       	B               ??_34_CHECK
                  ??_34_LOOP:
00000736    4817                       	LDR             R0,?lr0022	; ipause
00000738    6800                       	LDR             R0,[R0,#0]
0000073A    1C40                       	ADDS            R0,R0,#1
0000073C    4915                       	LDR             R1,?lr0022	; ipause
0000073E    6008                       	STR             R0,[R1,#0]
                 ??_34_CHECK:
00000740    4814                       	LDR             R0,?lr0022	; ipause
00000742    6801                       	LDR             R1,[R0,#0]
00000744    480E                       	LDR             R0,?lr0017	; maxpause_ms
00000746    6800                       	LDR             R0,[R0,#0]
00000748    4281                       	CMP             R1,R0
0000074A    D3F4                       	BCC             ??_34_LOOP
;000063                    SWITCH_LED_OFF(LED3_pin);DELAY_MS(30);
0000074C    4917                       	LDR             R1,?lr0028	; 200h
0000074E    480E                       	LDR             R0,?lr0019	; 400C0024h
00000750    6001                       	STR             R1,[R0,#0]
00000752    480E                       	LDR             R0,?lr0020	; HCLK
00000754    6800                       	LDR             R0,[R0,#0]
00000756    490E                       	LDR             R1,?lr0021	; 4F4Ch
00000758    FC52F7FF                   	BLF             ??DIV32U
0000075C    211E                       	MOVS            R1,#30
0000075E    4348                       	MULS            R0,R1
00000760    4907                       	LDR             R1,?lr0017	; maxpause_ms
00000762    6008                       	STR             R0,[R1,#0]
00000764    2100                       	MOVS            R1,#0
00000766    480B                       	LDR             R0,?lr0022	; ipause
00000768    6001                       	STR             R1,[R0,#0]
0000076A    E004                       	B               ??_35_CHECK
                  ??_35_LOOP:
0000076C    4809                       	LDR             R0,?lr0022	; ipause
0000076E    6800                       	LDR             R0,[R0,#0]
00000770    1C40                       	ADDS            R0,R0,#1
00000772    4908                       	LDR             R1,?lr0022	; ipause
00000774    6008                       	STR             R0,[R1,#0]
                 ??_35_CHECK:
00000776    4807                       	LDR             R0,?lr0022	; ipause
00000778    6801                       	LDR             R1,[R0,#0]
0000077A    4801                       	LDR             R0,?lr0017	; maxpause_ms
0000077C    E01A                       	B               ??_42_LITPOOL

.ALIGN	2
00000780    00000000	?lr0017	.DCD	maxpause_ms	; used 35 time(s)
00000784    00001000	?lr0018	.DCD	1000h	; used 3 time(s)
00000788    400C0024	?lr0019	.DCD	400C0024h	; used 9 time(s)
0000078C    00000000	?lr0020	.DCD	HCLK	; used 17 time(s)
00000790    00004F4C	?lr0021	.DCD	4F4Ch	; used 17 time(s)
00000794    00000000	?lr0022	.DCD	ipause	; used 68 time(s)
00000798    00002000	?lr0023	.DCD	2000h	; used 3 time(s)
0000079C    00004000	?lr0024	.DCD	4000h	; used 3 time(s)
000007A0    400C0020	?lr0025	.DCD	400C0020h	; used 8 time(s)
000007A4    00000800	?lr0026	.DCD	800h	; used 2 time(s)
000007A8    00000400	?lr0027	.DCD	400h	; used 2 time(s)
000007AC    00000200	?lr0028	.DCD	200h	; used 2 time(s)
000007B0    00000100	?lr0029	.DCD	100h	; used 1 time(s)

               ??_42_LITPOOL:
000007B4    6800                       	LDR             R0,[R0,#0]
000007B6    4281                       	CMP             R1,R0
000007B8    D3D8                       	BCC             ??_35_LOOP
;000064                    SWITCH_LED_OFF(LED2_pin);DELAY_MS(30);
000007BA    4941                       	LDR             R1,?lr0030	; 100h
000007BC    4841                       	LDR             R0,?lr0031	; 400C0024h
000007BE    6001                       	STR             R1,[R0,#0]
000007C0    4841                       	LDR             R0,?lr0032	; HCLK
000007C2    6800                       	LDR             R0,[R0,#0]
000007C4    4941                       	LDR             R1,?lr0033	; 4F4Ch
000007C6    FC1BF7FF                   	BLF             ??DIV32U
000007CA    211E                       	MOVS            R1,#30
000007CC    4348                       	MULS            R0,R1
000007CE    4940                       	LDR             R1,?lr0034	; maxpause_ms
000007D0    6008                       	STR             R0,[R1,#0]
000007D2    2100                       	MOVS            R1,#0
000007D4    483F                       	LDR             R0,?lr0035	; ipause
000007D6    6001                       	STR             R1,[R0,#0]
000007D8    E004                       	B               ??_36_CHECK
                  ??_36_LOOP:
000007DA    483E                       	LDR             R0,?lr0035	; ipause
000007DC    6800                       	LDR             R0,[R0,#0]
000007DE    1C40                       	ADDS            R0,R0,#1
000007E0    493C                       	LDR             R1,?lr0035	; ipause
000007E2    6008                       	STR             R0,[R1,#0]
                 ??_36_CHECK:
000007E4    483B                       	LDR             R0,?lr0035	; ipause
000007E6    6801                       	LDR             R1,[R0,#0]
000007E8    4839                       	LDR             R0,?lr0034	; maxpause_ms
000007EA    6800                       	LDR             R0,[R0,#0]
000007EC    4281                       	CMP             R1,R0
000007EE    D3F4                       	BCC             ??_36_LOOP
;000065                    SWITCH_LED_OFF(LED1_pin);DELAY_MS(30);
000007F0    2180                       	MOVS            R1,#80h
000007F2    4834                       	LDR             R0,?lr0031	; 400C0024h
000007F4    6001                       	STR             R1,[R0,#0]
000007F6    4834                       	LDR             R0,?lr0032	; HCLK
000007F8    6800                       	LDR             R0,[R0,#0]
000007FA    4934                       	LDR             R1,?lr0033	; 4F4Ch
000007FC    FC00F7FF                   	BLF             ??DIV32U
00000800    211E                       	MOVS            R1,#30
00000802    4348                       	MULS            R0,R1
00000804    4932                       	LDR             R1,?lr0034	; maxpause_ms
00000806    6008                       	STR             R0,[R1,#0]
00000808    2100                       	MOVS            R1,#0
0000080A    4832                       	LDR             R0,?lr0035	; ipause
0000080C    6001                       	STR             R1,[R0,#0]
0000080E    E004                       	B               ??_37_CHECK
                  ??_37_LOOP:
00000810    4830                       	LDR             R0,?lr0035	; ipause
00000812    6800                       	LDR             R0,[R0,#0]
00000814    1C40                       	ADDS            R0,R0,#1
00000816    492F                       	LDR             R1,?lr0035	; ipause
00000818    6008                       	STR             R0,[R1,#0]
                 ??_37_CHECK:
0000081A    482E                       	LDR             R0,?lr0035	; ipause
0000081C    6801                       	LDR             R1,[R0,#0]
0000081E    482C                       	LDR             R0,?lr0034	; maxpause_ms
00000820    6800                       	LDR             R0,[R0,#0]
00000822    4281                       	CMP             R1,R0
00000824    D3F4                       	BCC             ??_37_LOOP
;000066            }
00000826    1E64                       	SUBS            i?main,i?main,#1
                  ??_5_CHECK:
00000828    2C01                       	CMP             i?main,#1
0000082A    DB00                       	BLT             ??_5_LOOP_BYPASS_82A
0000082C    E45C                       	B               ??_5_LOOP
        ??_5_LOOP_BYPASS_82A:
;000068            SWITCH_LED__ON(LED1_pin|LED2_pin|LED3_pin|LED4_pin|LED5_pin|LED6_pin|LED7_pin|LED8_pin);
0000082E    492A                       	LDR             R1,?lr0036	; 7F80h
00000830    482A                       	LDR             R0,?lr0037	; 400C0020h
00000832    6001                       	STR             R1,[R0,#0]
;000069            DELAY_MS(300);
00000834    4824                       	LDR             R0,?lr0032	; HCLK
00000836    6800                       	LDR             R0,[R0,#0]
00000838    4924                       	LDR             R1,?lr0033	; 4F4Ch
0000083A    FBE1F7FF                   	BLF             ??DIV32U
0000083E    4928                       	LDR             R1,?lr0038	; 12Ch
00000840    4348                       	MULS            R0,R1
00000842    4923                       	LDR             R1,?lr0034	; maxpause_ms
00000844    6008                       	STR             R0,[R1,#0]
00000846    2100                       	MOVS            R1,#0
00000848    4822                       	LDR             R0,?lr0035	; ipause
0000084A    6001                       	STR             R1,[R0,#0]
0000084C    E004                       	B               ??_38_CHECK
                  ??_38_LOOP:
0000084E    4821                       	LDR             R0,?lr0035	; ipause
00000850    6800                       	LDR             R0,[R0,#0]
00000852    1C40                       	ADDS            R0,R0,#1
00000854    491F                       	LDR             R1,?lr0035	; ipause
00000856    6008                       	STR             R0,[R1,#0]
                 ??_38_CHECK:
00000858    481E                       	LDR             R0,?lr0035	; ipause
0000085A    6801                       	LDR             R1,[R0,#0]
0000085C    481C                       	LDR             R0,?lr0034	; maxpause_ms
0000085E    6800                       	LDR             R0,[R0,#0]
00000860    4281                       	CMP             R1,R0
00000862    D3F4                       	BCC             ??_38_LOOP
;000070            SWITCH_LED_OFF(LED1_pin|LED2_pin|LED3_pin|LED4_pin|LED5_pin|LED6_pin|LED7_pin|LED8_pin);
00000864    491C                       	LDR             R1,?lr0036	; 7F80h
00000866    4817                       	LDR             R0,?lr0031	; 400C0024h
00000868    6001                       	STR             R1,[R0,#0]
;000072            printf("Project \"%s\" %s %s\n",PROJECT_NAME,VERSION,YEAR );
0000086A    481E                       	LDR             R0,?lr0039	; ?lit00000
0000086C    491E                       	LDR             R1,?lr0040	; ?lit00001
0000086E    4A1F                       	LDR             R2,?lr0041	; ?lit00002
00000870    4B1F                       	LDR             R3,?lr0042	; ?lit00003
00000872    FBC5F7FF                   	BLF             tfp_printf
00000876    B004                       	ADD             R13,#16
;000076            while(1){
                    ??_39_DO:
;000078                    PC++;
00000878    481E                       	LDR             R0,?lr0043	; _PC
0000087A    6800                       	LDR             R0,[R0,#0]
0000087C    1C40                       	ADDS            R0,R0,#1
0000087E    491D                       	LDR             R1,?lr0043	; _PC
00000880    6008                       	STR             R0,[R1,#0]
;000079                    DELAY_MS(250);
00000882    4811                       	LDR             R0,?lr0032	; HCLK
00000884    6800                       	LDR             R0,[R0,#0]
00000886    4911                       	LDR             R1,?lr0033	; 4F4Ch
00000888    FBBAF7FF                   	BLF             ??DIV32U
0000088C    21FA                       	MOVS            R1,#0FAh
0000088E    4348                       	MULS            R0,R1
00000890    490F                       	LDR             R1,?lr0034	; maxpause_ms
00000892    6008                       	STR             R0,[R1,#0]
00000894    2100                       	MOVS            R1,#0
00000896    480F                       	LDR             R0,?lr0035	; ipause
00000898    6001                       	STR             R1,[R0,#0]
0000089A    E004                       	B               ??_40_CHECK
                  ??_40_LOOP:
0000089C    480D                       	LDR             R0,?lr0035	; ipause
0000089E    6800                       	LDR             R0,[R0,#0]
000008A0    1C40                       	ADDS            R0,R0,#1
000008A2    490C                       	LDR             R1,?lr0035	; ipause
000008A4    6008                       	STR             R0,[R1,#0]
                 ??_40_CHECK:
000008A6    480B                       	LDR             R0,?lr0035	; ipause
000008A8    6801                       	LDR             R1,[R0,#0]
000008AA    4809                       	LDR             R0,?lr0034	; maxpause_ms
000008AC    6800                       	LDR             R0,[R0,#0]
000008AE    4281                       	CMP             R1,R0
000008B0    D3F4                       	BCC             ??_40_LOOP
;000085                    readButtonStates(); // driver
000008B2    FBA5F7FF                   	BLF             readButtonStates
;000089                   buttonLedsDemo();
000008B6    FBA3F7FF                   	BLF             buttonLedsDemo
;000092                   MarkM4Routine();
000008BA    FBA1F7FF                   	BLF             MarkM4Routine
;000094            }
000008BE    E7DB                       	B               ??_39_DO
;000095    }

000008C0    00000100	?lr0030	.DCD	100h	; used 1 time(s)
000008C4    400C0024	?lr0031	.DCD	400C0024h	; used 3 time(s)
000008C8    00000000	?lr0032	.DCD	HCLK	; used 4 time(s)
000008CC    00004F4C	?lr0033	.DCD	4F4Ch	; used 4 time(s)
000008D0    00000000	?lr0034	.DCD	maxpause_ms	; used 8 time(s)
000008D4    00000000	?lr0035	.DCD	ipause	; used 16 time(s)
000008D8    00007F80	?lr0036	.DCD	7F80h	; used 2 time(s)
000008DC    400C0020	?lr0037	.DCD	400C0020h	; used 1 time(s)
000008E0    0000012C	?lr0038	.DCD	12Ch	; used 1 time(s)
000008E4    00000000	?lr0039	.DCD	?lit00000	; used 1 time(s)
000008E8    00000014	?lr0040	.DCD	?lit00001	; used 1 time(s)
000008EC    00000021	?lr0041	.DCD	?lit00002	; used 1 time(s)
000008F0    00000027	?lr0042	.DCD	?lit00003	; used 1 time(s)
000008F4    00000000	?lr0043	.DCD	_PC	; used 2 time(s)

.ENDF

main.c: 2296 byte(s), 64797 line(s), 0 error(s), 0 warning(s)

