*******************************************************************************
*                                                                             *
*                 ARM C CROSS COMPILER Version 1.03.130923 Demo               *
*                      Copyright (C) 2009 Phyton, Inc.                        *
*                                                                             *
*******************************************************************************

            assemblePorts??T:
;FILE: MilandrPortDefinition.c
;000483    void assemblePorts()
;000704                    MDR_PORTC->OE     = PORT_C_OE;
00000000    210B                       	MOVS            R1,#11
00000002    4828                       	LDR             R0,?lr0000	; 400B8004h
00000004    6001                       	STR             R1,[R0,#0]
;000705                    MDR_PORTC->FUNC   = PORT_C_FUNC;
00000006    4928                       	LDR             R1,?lr0001	; 54000140h
00000008    4828                       	LDR             R0,?lr0002	; 400B8008h
0000000A    6001                       	STR             R1,[R0,#0]
;000706                    MDR_PORTC->ANALOG = PORT_C_AD;
0000000C    4928                       	LDR             R1,?lr0003	; 0FFFFh
0000000E    4829                       	LDR             R0,?lr0004	; 400B800Ch
00000010    6001                       	STR             R1,[R0,#0]
;000707                    MDR_PORTC->PULL   = PORT_C_PULL;
00000012    4929                       	LDR             R1,?lr0005	; 6000h
00000014    4829                       	LDR             R0,?lr0006	; 400B8010h
00000016    6001                       	STR             R1,[R0,#0]
;000708                    MDR_PORTC->PD     = PORT_C_PD;
00000018    4929                       	LDR             R1,?lr0007	; 0C000h
0000001A    482A                       	LDR             R0,?lr0008	; 400B8014h
0000001C    6001                       	STR             R1,[R0,#0]
;000709                    MDR_PORTC->PWR    = PORT_C_PWR;
0000001E    492A                       	LDR             R1,?lr0009	; 0FC0003CFh
00000020    482A                       	LDR             R0,?lr0010	; 400B8018h
00000022    6001                       	STR             R1,[R0,#0]
;000710                    MDR_PORTC->GFEN   = PORT_C_GFEN;
00000024    2100                       	MOVS            R1,#0
00000026    482A                       	LDR             R0,?lr0011	; 400B801Ch
00000028    6001                       	STR             R1,[R0,#0]
;000719                    MDR_PORTD->OE     = PORT_D_OE;
0000002A    492A                       	LDR             R1,?lr0012	; 7FFEh
0000002C    482A                       	LDR             R0,?lr0013	; 400C0004h
0000002E    6001                       	STR             R1,[R0,#0]
;000720                    MDR_PORTD->FUNC   = PORT_D_FUNC;
00000030    492A                       	LDR             R1,?lr0014	; 1555h
00000032    482B                       	LDR             R0,?lr0015	; 400C0008h
00000034    6001                       	STR             R1,[R0,#0]
;000721                    MDR_PORTD->ANALOG = PORT_D_AD;
00000036    491E                       	LDR             R1,?lr0003	; 0FFFFh
00000038    482A                       	LDR             R0,?lr0016	; 400C000Ch
0000003A    6001                       	STR             R1,[R0,#0]
;000722                    MDR_PORTD->PULL   = PORT_D_PULL;
0000003C    2100                       	MOVS            R1,#0
0000003E    482A                       	LDR             R0,?lr0017	; 400C0010h
00000040    6001                       	STR             R1,[R0,#0]
;000723                    MDR_PORTD->PD     = PORT_D_PD;
00000042    482A                       	LDR             R0,?lr0018	; 400C0014h
00000044    6001                       	STR             R1,[R0,#0]
;000724                    MDR_PORTD->PWR    = PORT_D_PWR;
00000046    492A                       	LDR             R1,?lr0019	; 3FFFFFFFh
00000048    482A                       	LDR             R0,?lr0020	; 400C0018h
0000004A    6001                       	STR             R1,[R0,#0]
;000725                    MDR_PORTD->GFEN   = PORT_D_GFEN;
0000004C    2100                       	MOVS            R1,#0
0000004E    482A                       	LDR             R0,?lr0021	; 400C001Ch
00000050    6001                       	STR             R1,[R0,#0]
;000735                    MDR_PORTE->OE     = PORT_E_OE;
00000052    482A                       	LDR             R0,?lr0022	; 400C8004h
00000054    6001                       	STR             R1,[R0,#0]
;000736                    MDR_PORTE->FUNC   = PORT_E_FUNC;
00000056    482A                       	LDR             R0,?lr0023	; 400C8008h
00000058    6001                       	STR             R1,[R0,#0]
;000737                    MDR_PORTE->ANALOG = PORT_E_AD;
0000005A    4915                       	LDR             R1,?lr0003	; 0FFFFh
0000005C    4829                       	LDR             R0,?lr0024	; 400C800Ch
0000005E    6001                       	STR             R1,[R0,#0]
;000738                    MDR_PORTE->PULL   = PORT_E_PULL;
00000060    2100                       	MOVS            R1,#0
00000062    4829                       	LDR             R0,?lr0025	; 400C8010h
00000064    6001                       	STR             R1,[R0,#0]
;000739                    MDR_PORTE->PD     = PORT_E_PD;
00000066    4829                       	LDR             R0,?lr0026	; 400C8014h
00000068    6001                       	STR             R1,[R0,#0]
;000740                    MDR_PORTE->PWR    = PORT_E_PWR;
0000006A    4929                       	LDR             R1,?lr0027	; 0C0FF0C00h
0000006C    4829                       	LDR             R0,?lr0028	; 400C8018h
0000006E    6001                       	STR             R1,[R0,#0]
;000741                    MDR_PORTE->GFEN   = PORT_E_GFEN;
00000070    2100                       	MOVS            R1,#0
00000072    4829                       	LDR             R0,?lr0029	; 400C801Ch
00000074    6001                       	STR             R1,[R0,#0]
;000751                    MDR_PORTF->OE     = PORT_F_OE;
00000076    4929                       	LDR             R1,?lr0030	; 1F80h
00000078    4829                       	LDR             R0,?lr0031	; 400E8004h
0000007A    6001                       	STR             R1,[R0,#0]
;000752                    MDR_PORTF->FUNC   = PORT_F_FUNC;
0000007C    4929                       	LDR             R1,?lr0032	; 1555540h
0000007E    482A                       	LDR             R0,?lr0033	; 400E8008h
00000080    6001                       	STR             R1,[R0,#0]
;000753                    MDR_PORTF->ANALOG = PORT_F_AD;
00000082    490B                       	LDR             R1,?lr0003	; 0FFFFh
00000084    4829                       	LDR             R0,?lr0034	; 400E800Ch
00000086    6001                       	STR             R1,[R0,#0]
;000754                    MDR_PORTF->PULL   = PORT_F_PULL;
00000088    2118                       	MOVS            R1,#24
0000008A    4829                       	LDR             R0,?lr0035	; 400E8010h
0000008C    6001                       	STR             R1,[R0,#0]
;000755                    MDR_PORTF->PD     = PORT_F_PD;
0000008E    2130                       	MOVS            R1,#48
00000090    4828                       	LDR             R0,?lr0036	; 400E8014h
00000092    6001                       	STR             R1,[R0,#0]
;000756                    MDR_PORTF->PWR    = PORT_F_PWR;
00000094    4928                       	LDR             R1,?lr0037	; 3FFFFC0h
00000096    4829                       	LDR             R0,?lr0038	; 400E8018h
00000098    6001                       	STR             R1,[R0,#0]
;000757                    MDR_PORTF->GFEN   = PORT_F_GFEN;
0000009A    2100                       	MOVS            R1,#0
0000009C    4828                       	LDR             R0,?lr0039	; 400E801Ch
0000009E    6001                       	STR             R1,[R0,#0]
;000765    }
000000A0    4770                       	BX              R14

.ALIGN	2
000000A4    400B8004	?lr0000	.DCD	400B8004h	; used 1 time(s)
000000A8    54000140	?lr0001	.DCD	54000140h	; used 1 time(s)
000000AC    400B8008	?lr0002	.DCD	400B8008h	; used 1 time(s)
000000B0    0000FFFF	?lr0003	.DCD	0FFFFh	; used 4 time(s)
000000B4    400B800C	?lr0004	.DCD	400B800Ch	; used 1 time(s)
000000B8    00006000	?lr0005	.DCD	6000h	; used 1 time(s)
000000BC    400B8010	?lr0006	.DCD	400B8010h	; used 1 time(s)
000000C0    0000C000	?lr0007	.DCD	0C000h	; used 1 time(s)
000000C4    400B8014	?lr0008	.DCD	400B8014h	; used 1 time(s)
000000C8    FC0003CF	?lr0009	.DCD	0FC0003CFh	; used 1 time(s)
000000CC    400B8018	?lr0010	.DCD	400B8018h	; used 1 time(s)
000000D0    400B801C	?lr0011	.DCD	400B801Ch	; used 1 time(s)
000000D4    00007FFE	?lr0012	.DCD	7FFEh	; used 1 time(s)
000000D8    400C0004	?lr0013	.DCD	400C0004h	; used 1 time(s)
000000DC    00001555	?lr0014	.DCD	1555h	; used 1 time(s)
000000E0    400C0008	?lr0015	.DCD	400C0008h	; used 1 time(s)
000000E4    400C000C	?lr0016	.DCD	400C000Ch	; used 1 time(s)
000000E8    400C0010	?lr0017	.DCD	400C0010h	; used 1 time(s)
000000EC    400C0014	?lr0018	.DCD	400C0014h	; used 1 time(s)
000000F0    3FFFFFFF	?lr0019	.DCD	3FFFFFFFh	; used 1 time(s)
000000F4    400C0018	?lr0020	.DCD	400C0018h	; used 1 time(s)
000000F8    400C001C	?lr0021	.DCD	400C001Ch	; used 1 time(s)
000000FC    400C8004	?lr0022	.DCD	400C8004h	; used 1 time(s)
00000100    400C8008	?lr0023	.DCD	400C8008h	; used 1 time(s)
00000104    400C800C	?lr0024	.DCD	400C800Ch	; used 1 time(s)
00000108    400C8010	?lr0025	.DCD	400C8010h	; used 1 time(s)
0000010C    400C8014	?lr0026	.DCD	400C8014h	; used 1 time(s)
00000110    C0FF0C00	?lr0027	.DCD	0C0FF0C00h	; used 1 time(s)
00000114    400C8018	?lr0028	.DCD	400C8018h	; used 1 time(s)
00000118    400C801C	?lr0029	.DCD	400C801Ch	; used 1 time(s)
0000011C    00001F80	?lr0030	.DCD	1F80h	; used 1 time(s)
00000120    400E8004	?lr0031	.DCD	400E8004h	; used 1 time(s)
00000124    01555540	?lr0032	.DCD	1555540h	; used 1 time(s)
00000128    400E8008	?lr0033	.DCD	400E8008h	; used 1 time(s)
0000012C    400E800C	?lr0034	.DCD	400E800Ch	; used 1 time(s)
00000130    400E8010	?lr0035	.DCD	400E8010h	; used 1 time(s)
00000134    400E8014	?lr0036	.DCD	400E8014h	; used 1 time(s)
00000138    03FFFFC0	?lr0037	.DCD	3FFFFC0h	; used 1 time(s)
0000013C    400E8018	?lr0038	.DCD	400E8018h	; used 1 time(s)
00000140    400E801C	?lr0039	.DCD	400E801Ch	; used 1 time(s)

.ENDF

MilandrPortDefinition.c: 324 byte(s), 9656 line(s), 0 error(s), 0 warning(s)

