# ARM MACRO ASSEMBLER 1.01.130812 Demo
# Copyright (C) 2009 Phyton, Inc.
#
# Target: Cortex-M1
# 2016/09/06 23:00:22

startup_1986BE1x.mca     1                    ;/*****************************************************************************
startup_1986BE1x.mca     2                    ; * @file:    startup_1986BE1x.mca
startup_1986BE1x.mca     3                    ; * @author   Phyton Application Team
startup_1986BE1x.mca     4                    ; * @version: V1.1
startup_1986BE1x.mca     5                    ; * @date:    01/09/2011
startup_1986BE1x.mca     6                    ; * @brief:   Milandr Cortex Device CMSIS Startup File for the device
startup_1986BE1x.mca     7                    ; *           1986BE1T
startup_1986BE1x.mca     8                    ; *****************************************************************************
startup_1986BE1x.mca     9                    ; * <br><br>
startup_1986BE1x.mca    10                    ; *
startup_1986BE1x.mca    11                    ; * THE PRESENT FIRMWARE WHICH IS FOR GUIDANCE ONLY AIMS AT PROVIDING CUSTOMERS
startup_1986BE1x.mca    12                    ; * WITH CODING INFORMATION REGARDING THEIR PRODUCTS IN ORDER FOR THEM TO SAVE
startup_1986BE1x.mca    13                    ; * TIME. AS A RESULT, PHYTON SHALL NOT BE HELD LIABLE FOR ANY DIRECT, INDIRECT
startup_1986BE1x.mca    14                    ; * OR CONSEQUENTIAL DAMAGES WITH RESPECT TO ANY CLAIMS ARISING
startup_1986BE1x.mca    15                    ; * FROM THE CONTENT OF SUCH FIRMWARE AND/OR THE USE MADE BY CUSTOMERS OF THE
startup_1986BE1x.mca    16                    ; * CODING INFORMATION CONTAINED HEREIN IN CONNECTION WITH THEIR PRODUCTS.
startup_1986BE1x.mca    17                    ; *
startup_1986BE1x.mca    18                    ; * <h2><center>&copy; COPYRIGHT 2010 Phyton</center></h2>
startup_1986BE1x.mca    19                    ; *****************************************************************************
startup_1986BE1x.mca    20                    ; * FILE startup_1986BE1x.mca
startup_1986BE1x.mca    21                    ; */
startup_1986BE1x.mca    22                    
startup_1986BE1x.mca    23                    .PMODULE  ?startup_device
startup_1986BE1x.mca    24                    
startup_1986BE1x.mca    25                        .IF .NOT .DEFINED __VECTORS_ADDR
startup_1986BE1x.mca    27                        .ENDIF
startup_1986BE1x.mca    28                    
startup_1986BE1x.mca    29                        .PUBLIC  __Vectors
startup_1986BE1x.mca    30                        .PUBLIC  __Vectors_End
startup_1986BE1x.mca    31                    
startup_1986BE1x.mca    32                        .EXTRN(code) ?start
startup_1986BE1x.mca    33                    
startup_1986BE1x.mca    34                        .RSEG CSTACK,data
startup_1986BE1x.mca    35                        .ALIGN  3
startup_1986BE1x.mca    36                    
startup_1986BE1x.mca    37                        .ASEG INTVEC,code
startup_1986BE1x.mca    38                        .ALIGN  6
startup_1986BE1x.mca    39 00000000               .ORG  __VECTORS_ADDR             ; if vector table is located in RAM,
startup_1986BE1x.mca    40                                                         ; change this value
startup_1986BE1x.mca    41                    
startup_1986BE1x.mca    42                    SET_HANDLER .MACRO Name
startup_1986BE1x.mca    46                    
startup_1986BE1x.mca    47 00000000           __Vectors .LABELD
startup_1986BE1x.mca    48 00000000 01000000      .DCD            (.SFE CSTACK) + 1       ; Top of Stack
startup_1986BE1x.mca    49 00000004               SET_HANDLER     Reset_Handler           ; Reset Handler
startup_1986BE1x.mca    50 00000008               SET_HANDLER     NMI_Handler             ; NMI Handler
startup_1986BE1x.mca    51 0000000C               SET_HANDLER     HardFault_Handler       ; Hard Fault Handler
startup_1986BE1x.mca    52 00000010 00000000      .DCD     0                              ; Reserved
startup_1986BE1x.mca    53 00000014 00000000      .DCD     0                              ; Reserved
startup_1986BE1x.mca    54 00000018 00000000      .DCD     0                              ; Reserved
startup_1986BE1x.mca    55 0000001C 00000000      .DCD     0                              ; Reserved
startup_1986BE1x.mca    56 00000020 00000000      .DCD     0                              ; Reserved
startup_1986BE1x.mca    57 00000024 00000000      .DCD     0                              ; Reserved
startup_1986BE1x.mca    58 00000028 00000000      .DCD     0                              ; Reserved
startup_1986BE1x.mca    59 0000002C               SET_HANDLER     SVC_Handler             ; SVCall Handler
startup_1986BE1x.mca    60 00000030 00000000      .DCD     0                              ; Reserved
startup_1986BE1x.mca    61 00000034 00000000      .DCD     0                              ; Reserved
startup_1986BE1x.mca    62 00000038               SET_HANDLER     PendSV_Handler          ; PendSV Handler
startup_1986BE1x.mca    63 0000003C               SET_HANDLER     SysTick_Handler         ; SysTick Handler
startup_1986BE1x.mca    64                        ; Interrupt Handlers
startup_1986BE1x.mca    65 00000040               SET_HANDLER     MIL_STD_1553B2_IRQHandler; IRQ0
startup_1986BE1x.mca    66 00000044               SET_HANDLER     MIL_STD_1553B1_IRQHandler; IRQ1
startup_1986BE1x.mca    67 00000048               SET_HANDLER     USB_IRQHandler          ; IRQ2
startup_1986BE1x.mca    68 0000004C               SET_HANDLER     CAN1_IRQHandler         ; IRQ3
startup_1986BE1x.mca    69 00000050               SET_HANDLER     CAN2_IRQHandler         ; IRQ4
startup_1986BE1x.mca    70 00000054               SET_HANDLER     DMA_IRQHandler          ; IRQ5
startup_1986BE1x.mca    71 00000058               SET_HANDLER     UART1_IRQHandler        ; IRQ6
startup_1986BE1x.mca    72 0000005C               SET_HANDLER     UART2_IRQHandler        ; IRQ7
startup_1986BE1x.mca    73 00000060               SET_HANDLER     SSP1_IRQHandler         ; IRQ8
startup_1986BE1x.mca    74 00000064               SET_HANDLER     BUSY_IRQHandler         ; IRQ9
startup_1986BE1x.mca    75 00000068               SET_HANDLER     ARINC429Rx_IRQHandler   ; IRQ10
startup_1986BE1x.mca    76 0000006C               SET_HANDLER     POWER_IRQHandler        ; IRQ11
startup_1986BE1x.mca    77 00000070               SET_HANDLER     WWDG_IRQHandler         ; IRQ12
startup_1986BE1x.mca    78 00000074               SET_HANDLER     Timer4_IRQHandler       ; IRQ13
startup_1986BE1x.mca    79 00000078               SET_HANDLER     Timer1_IRQHandler       ; IRQ14
startup_1986BE1x.mca    80 0000007C               SET_HANDLER     Timer2_IRQHandler       ; IRQ15
startup_1986BE1x.mca    81 00000080               SET_HANDLER     Timer3_IRQHandler       ; IRQ16
startup_1986BE1x.mca    82 00000084               SET_HANDLER     ADC_IRQHandler          ; IRQ17
startup_1986BE1x.mca    83 00000088               SET_HANDLER     ETH_IRQHandler          ; IRQ18
startup_1986BE1x.mca    84 0000008C               SET_HANDLER     SSP3_IRQHandler         ; IRQ19
startup_1986BE1x.mca    85 00000090               SET_HANDLER     SSP2_IRQHandler         ; IRQ20
startup_1986BE1x.mca    86 00000094               SET_HANDLER     ARINC429T1_IRQHandler   ; IRQ21
startup_1986BE1x.mca    87 00000098               SET_HANDLER     ARINC429T2_IRQHandler   ; IRQ22
startup_1986BE1x.mca    88 0000009C               SET_HANDLER     ARINC429T3_IRQHandler   ; IRQ23
startup_1986BE1x.mca    89 000000A0               SET_HANDLER     ARINC429T4_IRQHandler   ; IRQ24
startup_1986BE1x.mca    90 000000A4 00000000      .DCD     0                              ; IRQ25 Reserved
startup_1986BE1x.mca    91 000000A8 00000000      .DCD     0                              ; IRQ26 Reserved
startup_1986BE1x.mca    92 000000AC               SET_HANDLER     BACKUP_IRQHandler       ; IRQ27
startup_1986BE1x.mca    93 000000B0               SET_HANDLER     EXT_INT1_IRQHandler     ; IRQ28
startup_1986BE1x.mca    94 000000B4               SET_HANDLER     EXT_INT2_IRQHandler     ; IRQ29
startup_1986BE1x.mca    95 000000B8               SET_HANDLER     EXT_INT3_IRQHandler     ; IRQ30
startup_1986BE1x.mca    96 000000BC               SET_HANDLER     EXT_INT4_IRQHandler     ; IRQ31
startup_1986BE1x.mca    97                    
startup_1986BE1x.mca    98 000000C0           __Vectors_End .LABELD
startup_1986BE1x.mca    99                    
startup_1986BE1x.mca   100                    .ENDMOD
Module ?startup_device: 192 byte(s), 77 line(s)
startup_1986BE1x.mca   125          
startup_1986BE1x.mca   101                    
startup_1986BE1x.mca   102                    
startup_1986BE1x.mca   103                    ;=====================================================================;
startup_1986BE1x.mca   104                    ;                                                                     ;
startup_1986BE1x.mca   105                    ;                     Default Reset handler                           ;
startup_1986BE1x.mca   106                    ;                                                                     ;
startup_1986BE1x.mca   107                    ;=====================================================================;
startup_1986BE1x.mca   108                    .LMODULE2 ?Reset_Handler
startup_1986BE1x.mca   109                    .PUBLIC Reset_Handler
startup_1986BE1x.mca   110                    .EXTRN(code) ?start
startup_1986BE1x.mca   111                    .EXTRNF16 SystemInit .VOID(.VOID)
startup_1986BE1x.mca   112                    
startup_1986BE1x.mca   113                    .RSEG CSTACK,data
startup_1986BE1x.mca   114                    .RSEG ??DEFAULT_HANDLERS,code
startup_1986BE1x.mca   115                        .THUMB
startup_1986BE1x.mca   116 00000000           Reset_Handler?T:
startup_1986BE1x.mca   117 00000001           Reset_Handler   .EQU    Reset_Handler?T+1
startup_1986BE1x.mca   118                    .FUNCTYPE .VOID Reset_Handler(.VOID)
startup_1986BE1x.mca   119 00000000 4803          LDR     R0, =(.SFE CSTACK) + 1
startup_1986BE1x.mca   120 00000002 8808F380      MSR     MSP, R0
startup_1986BE1x.mca   121 00000006 4803          LDR     R0, =SystemInit
startup_1986BE1x.mca   122 00000008 4780          BLX     R0
startup_1986BE1x.mca   123 0000000A 4803          LDR     R0, =?start
startup_1986BE1x.mca   124 0000000C 4700          BX      R0
startup_1986BE1x.mca   125 00000010 00000001
                   00000014 00000000
                   00000018 00000000
startup_1986BE1x.mca   125                    .ENDMOD
Module ?Reset_Handler: 26 byte(s), 17 line(s)
startup_1986BE1x.mca   126                    
startup_1986BE1x.mca   127                    
startup_1986BE1x.mca   128                    ;=====================================================================;
startup_1986BE1x.mca   129                    ;                                                                     ;
startup_1986BE1x.mca   130                    ;                     Default interrupt handlers                      ;
startup_1986BE1x.mca   131                    ;                                                                     ;
startup_1986BE1x.mca   132                    ;=====================================================================;
startup_1986BE1x.mca   133                    .LMODULE2 ?NMI_Handler
startup_1986BE1x.mca   134                    .PUBLIC NMI_Handler
startup_1986BE1x.mca   135                    .RSEG ??DEFAULT_HANDLERS,code
startup_1986BE1x.mca   136                        .THUMB
startup_1986BE1x.mca   137 00000000           NMI_Handler?T:
startup_1986BE1x.mca   138 00000001           NMI_Handler .EQU  NMI_Handler?T+1
startup_1986BE1x.mca   139                    .FUNCTYPE .VOID NMI_Handler(.VOID)
startup_1986BE1x.mca   140 00000000 E7FE          B       $
startup_1986BE1x.mca   141                    .ENDMOD
Module ?NMI_Handler: 2 byte(s), 8 line(s)
startup_1986BE1x.mca   142                    
startup_1986BE1x.mca   143                    
startup_1986BE1x.mca   144                    .LMODULE2 ?HardFault_Handler
startup_1986BE1x.mca   145                    .PUBLIC HardFault_Handler
startup_1986BE1x.mca   146                    .RSEG ??DEFAULT_HANDLERS,code
startup_1986BE1x.mca   147                        .THUMB
startup_1986BE1x.mca   148 00000000           HardFault_Handler?T:
startup_1986BE1x.mca   149 00000001           HardFault_Handler .EQU  HardFault_Handler?T+1
startup_1986BE1x.mca   150                    .FUNCTYPE .VOID HardFault_Handler(.VOID)
startup_1986BE1x.mca   151 00000000 E7FE          B       $
startup_1986BE1x.mca   152                    .ENDMOD
Module ?HardFault_Handler: 2 byte(s), 8 line(s)
startup_1986BE1x.mca   153                    
startup_1986BE1x.mca   154                    
startup_1986BE1x.mca   155                    .LMODULE2 ?SVC_Handler
startup_1986BE1x.mca   156                    .PUBLIC SVC_Handler
startup_1986BE1x.mca   157                    .RSEG ??DEFAULT_HANDLERS,code
startup_1986BE1x.mca   158                        .THUMB
startup_1986BE1x.mca   159 00000000           SVC_Handler?T:
startup_1986BE1x.mca   160 00000001           SVC_Handler .EQU  SVC_Handler?T+1
startup_1986BE1x.mca   161                    .FUNCTYPE .VOID SVC_Handler(.VOID)
startup_1986BE1x.mca   162 00000000 E7FE          B       $
startup_1986BE1x.mca   163                    .ENDMOD
Module ?SVC_Handler: 2 byte(s), 8 line(s)
startup_1986BE1x.mca   164                    
startup_1986BE1x.mca   165                    
startup_1986BE1x.mca   166                    .LMODULE2 ?PendSV_Handler
startup_1986BE1x.mca   167                    .PUBLIC PendSV_Handler
startup_1986BE1x.mca   168                    .RSEG ??DEFAULT_HANDLERS,code
startup_1986BE1x.mca   169                        .THUMB
startup_1986BE1x.mca   170 00000000           PendSV_Handler?T:
startup_1986BE1x.mca   171 00000001           PendSV_Handler .EQU  PendSV_Handler?T+1
startup_1986BE1x.mca   172                    .FUNCTYPE .VOID PendSV_Handler(.VOID)
startup_1986BE1x.mca   173 00000000 E7FE          B       $
startup_1986BE1x.mca   174                    .ENDMOD
Module ?PendSV_Handler: 2 byte(s), 8 line(s)
startup_1986BE1x.mca   175                    
startup_1986BE1x.mca   176                    
startup_1986BE1x.mca   177                    .LMODULE2 ?SysTick_Handler
startup_1986BE1x.mca   178                    .PUBLIC SysTick_Handler
startup_1986BE1x.mca   179                    .RSEG ??DEFAULT_HANDLERS,code
startup_1986BE1x.mca   180                        .THUMB
startup_1986BE1x.mca   181 00000000           SysTick_Handler?T:
startup_1986BE1x.mca   182 00000001           SysTick_Handler .EQU  SysTick_Handler?T+1
startup_1986BE1x.mca   183                    .FUNCTYPE .VOID SysTick_Handler(.VOID)
startup_1986BE1x.mca   184 00000000 E7FE          B       $
startup_1986BE1x.mca   185                    .ENDMOD
Module ?SysTick_Handler: 2 byte(s), 8 line(s)
startup_1986BE1x.mca   186                    
startup_1986BE1x.mca   187                    
startup_1986BE1x.mca   188                    .LMODULE2 ?MIL_STD_1553B2_IRQHandler
startup_1986BE1x.mca   189                    .PUBLIC MIL_STD_1553B2_IRQHandler
startup_1986BE1x.mca   190                    .RSEG ??DEFAULT_HANDLERS,code
startup_1986BE1x.mca   191                        .THUMB
startup_1986BE1x.mca   192 00000000           MIL_STD_1553B2_IRQHandler?T:
startup_1986BE1x.mca   193 00000001           MIL_STD_1553B2_IRQHandler .EQU  MIL_STD_1553B2_IRQHandler?T+1
startup_1986BE1x.mca   194                    .FUNCTYPE .VOID MIL_STD_1553B2_IRQHandler(.VOID)
startup_1986BE1x.mca   195 00000000 E7FE          B       $
startup_1986BE1x.mca   196                    .ENDMOD
Module ?MIL_STD_1553B2_IRQHandler: 2 byte(s), 8 line(s)
startup_1986BE1x.mca   197                    
startup_1986BE1x.mca   198                    
startup_1986BE1x.mca   199                    .LMODULE2 ?MIL_STD_1553B1_IRQHandler
startup_1986BE1x.mca   200                    .PUBLIC MIL_STD_1553B1_IRQHandler
startup_1986BE1x.mca   201                    .RSEG ??DEFAULT_HANDLERS,code
startup_1986BE1x.mca   202                        .THUMB
startup_1986BE1x.mca   203 00000000           MIL_STD_1553B1_IRQHandler?T:
startup_1986BE1x.mca   204 00000001           MIL_STD_1553B1_IRQHandler .EQU  MIL_STD_1553B1_IRQHandler?T+1
startup_1986BE1x.mca   205                    .FUNCTYPE .VOID MIL_STD_1553B1_IRQHandler(.VOID)
startup_1986BE1x.mca   206 00000000 E7FE          B       $
startup_1986BE1x.mca   207                    .ENDMOD
Module ?MIL_STD_1553B1_IRQHandler: 2 byte(s), 8 line(s)
startup_1986BE1x.mca   208                    
startup_1986BE1x.mca   209                    
startup_1986BE1x.mca   210                    .LMODULE2 ?USB_IRQHandler
startup_1986BE1x.mca   211                    .PUBLIC USB_IRQHandler
startup_1986BE1x.mca   212                    .RSEG ??DEFAULT_HANDLERS,code
startup_1986BE1x.mca   213                        .THUMB
startup_1986BE1x.mca   214 00000000           USB_IRQHandler?T:
startup_1986BE1x.mca   215 00000001           USB_IRQHandler .EQU  USB_IRQHandler?T+1
startup_1986BE1x.mca   216                    .FUNCTYPE .VOID USB_IRQHandler(.VOID)
startup_1986BE1x.mca   217 00000000 E7FE          B       $
startup_1986BE1x.mca   218                    .ENDMOD
Module ?USB_IRQHandler: 2 byte(s), 8 line(s)
startup_1986BE1x.mca   219                    
startup_1986BE1x.mca   220                    
startup_1986BE1x.mca   221                    .LMODULE2 ?CAN1_IRQHandler
startup_1986BE1x.mca   222                    .PUBLIC CAN1_IRQHandler
startup_1986BE1x.mca   223                    .RSEG ??DEFAULT_HANDLERS,code
startup_1986BE1x.mca   224                        .THUMB
startup_1986BE1x.mca   225 00000000           CAN1_IRQHandler?T:
startup_1986BE1x.mca   226 00000001           CAN1_IRQHandler .EQU  CAN1_IRQHandler?T+1
startup_1986BE1x.mca   227                    .FUNCTYPE .VOID CAN1_IRQHandler(.VOID)
startup_1986BE1x.mca   228 00000000 E7FE          B       $
startup_1986BE1x.mca   229                    .ENDMOD
Module ?CAN1_IRQHandler: 2 byte(s), 8 line(s)
startup_1986BE1x.mca   230                    
startup_1986BE1x.mca   231                    
startup_1986BE1x.mca   232                    .LMODULE2 ?CAN2_IRQHandler
startup_1986BE1x.mca   233                    .PUBLIC CAN2_IRQHandler
startup_1986BE1x.mca   234                    .RSEG ??DEFAULT_HANDLERS,code
startup_1986BE1x.mca   235                        .THUMB
startup_1986BE1x.mca   236 00000000           CAN2_IRQHandler?T:
startup_1986BE1x.mca   237 00000001           CAN2_IRQHandler .EQU  CAN2_IRQHandler?T+1
startup_1986BE1x.mca   238                    .FUNCTYPE .VOID CAN2_IRQHandler(.VOID)
startup_1986BE1x.mca   239 00000000 E7FE          B       $
startup_1986BE1x.mca   240                    .ENDMOD
Module ?CAN2_IRQHandler: 2 byte(s), 8 line(s)
startup_1986BE1x.mca   241                    
startup_1986BE1x.mca   242                    
startup_1986BE1x.mca   243                    .LMODULE2 ?DMA_IRQHandler
startup_1986BE1x.mca   244                    .PUBLIC DMA_IRQHandler
startup_1986BE1x.mca   245                    .RSEG ??DEFAULT_HANDLERS,code
startup_1986BE1x.mca   246                        .THUMB
startup_1986BE1x.mca   247 00000000           DMA_IRQHandler?T:
startup_1986BE1x.mca   248 00000001           DMA_IRQHandler .EQU  DMA_IRQHandler?T+1
startup_1986BE1x.mca   249                    .FUNCTYPE .VOID DMA_IRQHandler(.VOID)
startup_1986BE1x.mca   250 00000000 E7FE          B       $
startup_1986BE1x.mca   251                    .ENDMOD
Module ?DMA_IRQHandler: 2 byte(s), 8 line(s)
startup_1986BE1x.mca   252                    
startup_1986BE1x.mca   253                    
startup_1986BE1x.mca   254                    .LMODULE2 ?UART1_IRQHandler
startup_1986BE1x.mca   255                    .PUBLIC UART1_IRQHandler
startup_1986BE1x.mca   256                    .RSEG ??DEFAULT_HANDLERS,code
startup_1986BE1x.mca   257                        .THUMB
startup_1986BE1x.mca   258 00000000           UART1_IRQHandler?T:
startup_1986BE1x.mca   259 00000001           UART1_IRQHandler .EQU  UART1_IRQHandler?T+1
startup_1986BE1x.mca   260                    .FUNCTYPE .VOID UART1_IRQHandler(.VOID)
startup_1986BE1x.mca   261 00000000 E7FE          B       $
startup_1986BE1x.mca   262                    .ENDMOD
Module ?UART1_IRQHandler: 2 byte(s), 8 line(s)
startup_1986BE1x.mca   263                    
startup_1986BE1x.mca   264                    
startup_1986BE1x.mca   265                    .LMODULE2 ?UART2_IRQHandler
startup_1986BE1x.mca   266                    .PUBLIC UART2_IRQHandler
startup_1986BE1x.mca   267                    .RSEG ??DEFAULT_HANDLERS,code
startup_1986BE1x.mca   268                        .THUMB
startup_1986BE1x.mca   269 00000000           UART2_IRQHandler?T:
startup_1986BE1x.mca   270 00000001           UART2_IRQHandler .EQU  UART2_IRQHandler?T+1
startup_1986BE1x.mca   271                    .FUNCTYPE .VOID UART2_IRQHandler(.VOID)
startup_1986BE1x.mca   272 00000000 E7FE          B       $
startup_1986BE1x.mca   273                    .ENDMOD
Module ?UART2_IRQHandler: 2 byte(s), 8 line(s)
startup_1986BE1x.mca   274                    
startup_1986BE1x.mca   275                    
startup_1986BE1x.mca   276                    .LMODULE2 ?SSP1_IRQHandler
startup_1986BE1x.mca   277                    .PUBLIC SSP1_IRQHandler
startup_1986BE1x.mca   278                    .RSEG ??DEFAULT_HANDLERS,code
startup_1986BE1x.mca   279                        .THUMB
startup_1986BE1x.mca   280 00000000           SSP1_IRQHandler?T:
startup_1986BE1x.mca   281 00000001           SSP1_IRQHandler .EQU  SSP1_IRQHandler?T+1
startup_1986BE1x.mca   282                    .FUNCTYPE .VOID SSP1_IRQHandler(.VOID)
startup_1986BE1x.mca   283 00000000 E7FE          B       $
startup_1986BE1x.mca   284                    .ENDMOD
Module ?SSP1_IRQHandler: 2 byte(s), 8 line(s)
startup_1986BE1x.mca   285                    
startup_1986BE1x.mca   286                    
startup_1986BE1x.mca   287                    .LMODULE2 ?BUSY_IRQHandler
startup_1986BE1x.mca   288                    .PUBLIC BUSY_IRQHandler
startup_1986BE1x.mca   289                    .RSEG ??DEFAULT_HANDLERS,code
startup_1986BE1x.mca   290                        .THUMB
startup_1986BE1x.mca   291 00000000           BUSY_IRQHandler?T:
startup_1986BE1x.mca   292 00000001           BUSY_IRQHandler .EQU  BUSY_IRQHandler?T+1
startup_1986BE1x.mca   293                    .FUNCTYPE .VOID BUSY_IRQHandler(.VOID)
startup_1986BE1x.mca   294 00000000 E7FE          B       $
startup_1986BE1x.mca   295                    .ENDMOD
Module ?BUSY_IRQHandler: 2 byte(s), 8 line(s)
startup_1986BE1x.mca   296                    
startup_1986BE1x.mca   297                    
startup_1986BE1x.mca   298                    .LMODULE2 ?ARINC429Rx_IRQHandler
startup_1986BE1x.mca   299                    .PUBLIC ARINC429Rx_IRQHandler
startup_1986BE1x.mca   300                    .RSEG ??DEFAULT_HANDLERS,code
startup_1986BE1x.mca   301                        .THUMB
startup_1986BE1x.mca   302 00000000           ARINC429Rx_IRQHandler?T:
startup_1986BE1x.mca   303 00000001           ARINC429Rx_IRQHandler .EQU  ARINC429Rx_IRQHandler?T+1
startup_1986BE1x.mca   304                    .FUNCTYPE .VOID ARINC429Rx_IRQHandler(.VOID)
startup_1986BE1x.mca   305 00000000 E7FE          B       $
startup_1986BE1x.mca   306                    .ENDMOD
Module ?ARINC429Rx_IRQHandler: 2 byte(s), 8 line(s)
startup_1986BE1x.mca   307                    
startup_1986BE1x.mca   308                    
startup_1986BE1x.mca   309                    .LMODULE2 ?POWER_IRQHandler
startup_1986BE1x.mca   310                    .PUBLIC POWER_IRQHandler
startup_1986BE1x.mca   311                    .RSEG ??DEFAULT_HANDLERS,code
startup_1986BE1x.mca   312                        .THUMB
startup_1986BE1x.mca   313 00000000           POWER_IRQHandler?T:
startup_1986BE1x.mca   314 00000001           POWER_IRQHandler .EQU  POWER_IRQHandler?T+1
startup_1986BE1x.mca   315                    .FUNCTYPE .VOID POWER_IRQHandler(.VOID)
startup_1986BE1x.mca   316 00000000 E7FE          B       $
startup_1986BE1x.mca   317                    .ENDMOD
Module ?POWER_IRQHandler: 2 byte(s), 8 line(s)
startup_1986BE1x.mca   318                    
startup_1986BE1x.mca   319                    
startup_1986BE1x.mca   320                    .LMODULE2 ?WWDG_IRQHandler
startup_1986BE1x.mca   321                    .PUBLIC WWDG_IRQHandler
startup_1986BE1x.mca   322                    .RSEG ??DEFAULT_HANDLERS,code
startup_1986BE1x.mca   323                        .THUMB
startup_1986BE1x.mca   324 00000000           WWDG_IRQHandler?T:
startup_1986BE1x.mca   325 00000001           WWDG_IRQHandler .EQU  WWDG_IRQHandler?T+1
startup_1986BE1x.mca   326                    .FUNCTYPE .VOID WWDG_IRQHandler(.VOID)
startup_1986BE1x.mca   327 00000000 E7FE          B       $
startup_1986BE1x.mca   328                    .ENDMOD
Module ?WWDG_IRQHandler: 2 byte(s), 8 line(s)
startup_1986BE1x.mca   329                    
startup_1986BE1x.mca   330                    
startup_1986BE1x.mca   331                    .LMODULE2 ?Timer4_IRQHandler
startup_1986BE1x.mca   332                    .PUBLIC Timer4_IRQHandler
startup_1986BE1x.mca   333                    .RSEG ??DEFAULT_HANDLERS,code
startup_1986BE1x.mca   334                        .THUMB
startup_1986BE1x.mca   335 00000000           Timer4_IRQHandler?T:
startup_1986BE1x.mca   336 00000001           Timer4_IRQHandler .EQU  Timer4_IRQHandler?T+1
startup_1986BE1x.mca   337                    .FUNCTYPE .VOID Timer4_IRQHandler(.VOID)
startup_1986BE1x.mca   338 00000000 E7FE          B       $
startup_1986BE1x.mca   339                    .ENDMOD
Module ?Timer4_IRQHandler: 2 byte(s), 8 line(s)
startup_1986BE1x.mca   340                    
startup_1986BE1x.mca   341                    
startup_1986BE1x.mca   342                    .LMODULE2 ?Timer1_IRQHandler
startup_1986BE1x.mca   343                    .PUBLIC Timer1_IRQHandler
startup_1986BE1x.mca   344                    .RSEG ??DEFAULT_HANDLERS,code
startup_1986BE1x.mca   345                        .THUMB
startup_1986BE1x.mca   346 00000000           Timer1_IRQHandler?T:
startup_1986BE1x.mca   347 00000001           Timer1_IRQHandler .EQU  Timer1_IRQHandler?T+1
startup_1986BE1x.mca   348                    .FUNCTYPE .VOID Timer1_IRQHandler(.VOID)
startup_1986BE1x.mca   349 00000000 E7FE          B       $
startup_1986BE1x.mca   350                    .ENDMOD
Module ?Timer1_IRQHandler: 2 byte(s), 8 line(s)
startup_1986BE1x.mca   351                    
startup_1986BE1x.mca   352                    
startup_1986BE1x.mca   353                    .LMODULE2 ?Timer2_IRQHandler
startup_1986BE1x.mca   354                    .PUBLIC Timer2_IRQHandler
startup_1986BE1x.mca   355                    .RSEG ??DEFAULT_HANDLERS,code
startup_1986BE1x.mca   356                        .THUMB
startup_1986BE1x.mca   357 00000000           Timer2_IRQHandler?T:
startup_1986BE1x.mca   358 00000001           Timer2_IRQHandler .EQU  Timer2_IRQHandler?T+1
startup_1986BE1x.mca   359                    .FUNCTYPE .VOID Timer2_IRQHandler(.VOID)
startup_1986BE1x.mca   360 00000000 E7FE          B       $
startup_1986BE1x.mca   361                    .ENDMOD
Module ?Timer2_IRQHandler: 2 byte(s), 8 line(s)
startup_1986BE1x.mca   362                    
startup_1986BE1x.mca   363                    
startup_1986BE1x.mca   364                    .LMODULE2 ?Timer3_IRQHandler
startup_1986BE1x.mca   365                    .PUBLIC Timer3_IRQHandler
startup_1986BE1x.mca   366                    .RSEG ??DEFAULT_HANDLERS,code
startup_1986BE1x.mca   367                        .THUMB
startup_1986BE1x.mca   368 00000000           Timer3_IRQHandler?T:
startup_1986BE1x.mca   369 00000001           Timer3_IRQHandler .EQU  Timer3_IRQHandler?T+1
startup_1986BE1x.mca   370                    .FUNCTYPE .VOID Timer3_IRQHandler(.VOID)
startup_1986BE1x.mca   371 00000000 E7FE          B       $
startup_1986BE1x.mca   372                    .ENDMOD
Module ?Timer3_IRQHandler: 2 byte(s), 8 line(s)
startup_1986BE1x.mca   373                    
startup_1986BE1x.mca   374                    
startup_1986BE1x.mca   375                    .LMODULE2 ?ADC_IRQHandler
startup_1986BE1x.mca   376                    .PUBLIC ADC_IRQHandler
startup_1986BE1x.mca   377                    .RSEG ??DEFAULT_HANDLERS,code
startup_1986BE1x.mca   378                        .THUMB
startup_1986BE1x.mca   379 00000000           ADC_IRQHandler?T:
startup_1986BE1x.mca   380 00000001           ADC_IRQHandler .EQU  ADC_IRQHandler?T+1
startup_1986BE1x.mca   381                    .FUNCTYPE .VOID ADC_IRQHandler(.VOID)
startup_1986BE1x.mca   382 00000000 E7FE          B       $
startup_1986BE1x.mca   383                    .ENDMOD
Module ?ADC_IRQHandler: 2 byte(s), 8 line(s)
startup_1986BE1x.mca   384                    
startup_1986BE1x.mca   385                    
startup_1986BE1x.mca   386                    .LMODULE2 ?ETH_IRQHandler
startup_1986BE1x.mca   387                    .PUBLIC ETH_IRQHandler
startup_1986BE1x.mca   388                    .RSEG ??DEFAULT_HANDLERS,code
startup_1986BE1x.mca   389                        .THUMB
startup_1986BE1x.mca   390 00000000           ETH_IRQHandler?T:
startup_1986BE1x.mca   391 00000001           ETH_IRQHandler .EQU  ETH_IRQHandler?T+1
startup_1986BE1x.mca   392                    .FUNCTYPE .VOID ETH_IRQHandler(.VOID)
startup_1986BE1x.mca   393 00000000 E7FE          B       $
startup_1986BE1x.mca   394                    .ENDMOD
Module ?ETH_IRQHandler: 2 byte(s), 8 line(s)
startup_1986BE1x.mca   395                    
startup_1986BE1x.mca   396                    
startup_1986BE1x.mca   397                    .LMODULE2 ?SSP3_IRQHandler
startup_1986BE1x.mca   398                    .PUBLIC SSP3_IRQHandler
startup_1986BE1x.mca   399                    .RSEG ??DEFAULT_HANDLERS,code
startup_1986BE1x.mca   400                        .THUMB
startup_1986BE1x.mca   401 00000000           SSP3_IRQHandler?T:
startup_1986BE1x.mca   402 00000001           SSP3_IRQHandler .EQU  SSP3_IRQHandler?T+1
startup_1986BE1x.mca   403                    .FUNCTYPE .VOID SSP3_IRQHandler(.VOID)
startup_1986BE1x.mca   404 00000000 E7FE          B       $
startup_1986BE1x.mca   405                    .ENDMOD
Module ?SSP3_IRQHandler: 2 byte(s), 8 line(s)
startup_1986BE1x.mca   406                    
startup_1986BE1x.mca   407                    
startup_1986BE1x.mca   408                    .LMODULE2 ?SSP2_IRQHandler
startup_1986BE1x.mca   409                    .PUBLIC SSP2_IRQHandler
startup_1986BE1x.mca   410                    .RSEG ??DEFAULT_HANDLERS,code
startup_1986BE1x.mca   411                        .THUMB
startup_1986BE1x.mca   412 00000000           SSP2_IRQHandler?T:
startup_1986BE1x.mca   413 00000001           SSP2_IRQHandler .EQU  SSP2_IRQHandler?T+1
startup_1986BE1x.mca   414                    .FUNCTYPE .VOID SSP2_IRQHandler(.VOID)
startup_1986BE1x.mca   415 00000000 E7FE          B       $
startup_1986BE1x.mca   416                    .ENDMOD
Module ?SSP2_IRQHandler: 2 byte(s), 8 line(s)
startup_1986BE1x.mca   417                    
startup_1986BE1x.mca   418                    
startup_1986BE1x.mca   419                    .LMODULE2 ?ARINC429T1_IRQHandler
startup_1986BE1x.mca   420                    .PUBLIC ARINC429T1_IRQHandler
startup_1986BE1x.mca   421                    .RSEG ??DEFAULT_HANDLERS,code
startup_1986BE1x.mca   422                        .THUMB
startup_1986BE1x.mca   423 00000000           ARINC429T1_IRQHandler?T:
startup_1986BE1x.mca   424 00000001           ARINC429T1_IRQHandler .EQU  ARINC429T1_IRQHandler?T+1
startup_1986BE1x.mca   425                    .FUNCTYPE .VOID ARINC429T1_IRQHandler(.VOID)
startup_1986BE1x.mca   426 00000000 E7FE          B       $
startup_1986BE1x.mca   427                    .ENDMOD
Module ?ARINC429T1_IRQHandler: 2 byte(s), 8 line(s)
startup_1986BE1x.mca   428                    
startup_1986BE1x.mca   429                    
startup_1986BE1x.mca   430                    .LMODULE2 ?ARINC429T2_IRQHandler
startup_1986BE1x.mca   431                    .PUBLIC ARINC429T2_IRQHandler
startup_1986BE1x.mca   432                    .RSEG ??DEFAULT_HANDLERS,code
startup_1986BE1x.mca   433                        .THUMB
startup_1986BE1x.mca   434 00000000           ARINC429T2_IRQHandler?T:
startup_1986BE1x.mca   435 00000001           ARINC429T2_IRQHandler .EQU  ARINC429T2_IRQHandler?T+1
startup_1986BE1x.mca   436                    .FUNCTYPE .VOID ARINC429T2_IRQHandler(.VOID)
startup_1986BE1x.mca   437 00000000 E7FE          B       $
startup_1986BE1x.mca   438                    .ENDMOD
Module ?ARINC429T2_IRQHandler: 2 byte(s), 8 line(s)
startup_1986BE1x.mca   439                    
startup_1986BE1x.mca   440                    
startup_1986BE1x.mca   441                    .LMODULE2 ?ARINC429T3_IRQHandler
startup_1986BE1x.mca   442                    .PUBLIC ARINC429T3_IRQHandler
startup_1986BE1x.mca   443                    .RSEG ??DEFAULT_HANDLERS,code
startup_1986BE1x.mca   444                        .THUMB
startup_1986BE1x.mca   445 00000000           ARINC429T3_IRQHandler?T:
startup_1986BE1x.mca   446 00000001           ARINC429T3_IRQHandler .EQU  ARINC429T3_IRQHandler?T+1
startup_1986BE1x.mca   447                    .FUNCTYPE .VOID ARINC429T3_IRQHandler(.VOID)
startup_1986BE1x.mca   448 00000000 E7FE          B       $
startup_1986BE1x.mca   449                    .ENDMOD
Module ?ARINC429T3_IRQHandler: 2 byte(s), 8 line(s)
startup_1986BE1x.mca   450                    
startup_1986BE1x.mca   451                    
startup_1986BE1x.mca   452                    .LMODULE2 ?ARINC429T4_IRQHandler
startup_1986BE1x.mca   453                    .PUBLIC ARINC429T4_IRQHandler
startup_1986BE1x.mca   454                    .RSEG ??DEFAULT_HANDLERS,code
startup_1986BE1x.mca   455                        .THUMB
startup_1986BE1x.mca   456 00000000           ARINC429T4_IRQHandler?T:
startup_1986BE1x.mca   457 00000001           ARINC429T4_IRQHandler .EQU  ARINC429T4_IRQHandler?T+1
startup_1986BE1x.mca   458                    .FUNCTYPE .VOID ARINC429T4_IRQHandler(.VOID)
startup_1986BE1x.mca   459 00000000 E7FE          B       $
startup_1986BE1x.mca   460                    .ENDMOD
Module ?ARINC429T4_IRQHandler: 2 byte(s), 8 line(s)
startup_1986BE1x.mca   461                    
startup_1986BE1x.mca   462                    
startup_1986BE1x.mca   463                    .LMODULE2 ?BACKUP_IRQHandler
startup_1986BE1x.mca   464                    .PUBLIC BACKUP_IRQHandler
startup_1986BE1x.mca   465                    .RSEG ??DEFAULT_HANDLERS,code
startup_1986BE1x.mca   466                        .THUMB
startup_1986BE1x.mca   467 00000000           BACKUP_IRQHandler?T:
startup_1986BE1x.mca   468 00000001           BACKUP_IRQHandler .EQU  BACKUP_IRQHandler?T+1
startup_1986BE1x.mca   469                    .FUNCTYPE .VOID BACKUP_IRQHandler(.VOID)
startup_1986BE1x.mca   470 00000000 E7FE          B       $
startup_1986BE1x.mca   471                    .ENDMOD
Module ?BACKUP_IRQHandler: 2 byte(s), 8 line(s)
startup_1986BE1x.mca   472                    
startup_1986BE1x.mca   473                    
startup_1986BE1x.mca   474                    .LMODULE2 ?EXT_INT1_IRQHandler
startup_1986BE1x.mca   475                    .PUBLIC EXT_INT1_IRQHandler
startup_1986BE1x.mca   476                    .RSEG ??DEFAULT_HANDLERS,code
startup_1986BE1x.mca   477                        .THUMB
startup_1986BE1x.mca   478 00000000           EXT_INT1_IRQHandler?T:
startup_1986BE1x.mca   479 00000001           EXT_INT1_IRQHandler .EQU  EXT_INT1_IRQHandler?T+1
startup_1986BE1x.mca   480                    .FUNCTYPE .VOID EXT_INT1_IRQHandler(.VOID)
startup_1986BE1x.mca   481 00000000 E7FE          B       $
startup_1986BE1x.mca   482                    .ENDMOD
Module ?EXT_INT1_IRQHandler: 2 byte(s), 8 line(s)
startup_1986BE1x.mca   483                    
startup_1986BE1x.mca   484                    
startup_1986BE1x.mca   485                    .LMODULE2 ?EXT_INT2_IRQHandler
startup_1986BE1x.mca   486                    .PUBLIC EXT_INT2_IRQHandler
startup_1986BE1x.mca   487                    .RSEG ??DEFAULT_HANDLERS,code
startup_1986BE1x.mca   488                        .THUMB
startup_1986BE1x.mca   489 00000000           EXT_INT2_IRQHandler?T:
startup_1986BE1x.mca   490 00000001           EXT_INT2_IRQHandler .EQU  EXT_INT2_IRQHandler?T+1
startup_1986BE1x.mca   491                    .FUNCTYPE .VOID EXT_INT2_IRQHandler(.VOID)
startup_1986BE1x.mca   492 00000000 E7FE          B       $
startup_1986BE1x.mca   493                    .ENDMOD
Module ?EXT_INT2_IRQHandler: 2 byte(s), 8 line(s)
startup_1986BE1x.mca   494                    
startup_1986BE1x.mca   495                    
startup_1986BE1x.mca   496                    .LMODULE2 ?EXT_INT3_IRQHandler
startup_1986BE1x.mca   497                    .PUBLIC EXT_INT3_IRQHandler
startup_1986BE1x.mca   498                    .RSEG ??DEFAULT_HANDLERS,code
startup_1986BE1x.mca   499                        .THUMB
startup_1986BE1x.mca   500 00000000           EXT_INT3_IRQHandler?T:
startup_1986BE1x.mca   501 00000001           EXT_INT3_IRQHandler .EQU  EXT_INT3_IRQHandler?T+1
startup_1986BE1x.mca   502                    .FUNCTYPE .VOID EXT_INT3_IRQHandler(.VOID)
startup_1986BE1x.mca   503 00000000 E7FE          B       $
startup_1986BE1x.mca   504                    .ENDMOD
Module ?EXT_INT3_IRQHandler: 2 byte(s), 8 line(s)
startup_1986BE1x.mca   505                    
startup_1986BE1x.mca   506                    
startup_1986BE1x.mca   507                    .LMODULE2 ?EXT_INT4_IRQHandler
startup_1986BE1x.mca   508                    .PUBLIC EXT_INT4_IRQHandler
startup_1986BE1x.mca   509                    .RSEG ??DEFAULT_HANDLERS,code
startup_1986BE1x.mca   510                        .THUMB
startup_1986BE1x.mca   511 00000000           EXT_INT4_IRQHandler?T:
startup_1986BE1x.mca   512 00000001           EXT_INT4_IRQHandler .EQU  EXT_INT4_IRQHandler?T+1
startup_1986BE1x.mca   513                    .FUNCTYPE .VOID EXT_INT4_IRQHandler(.VOID)
startup_1986BE1x.mca   514 00000000 E7FE          B       $
startup_1986BE1x.mca   515                    .ENDMOD
Module ?EXT_INT4_IRQHandler: 2 byte(s), 8 line(s)
startup_1986BE1x.mca   516                    
startup_1986BE1x.mca   517                    
startup_1986BE1x.mca   518                    ;=====================================================================;
startup_1986BE1x.mca   519                    ;                                                                     ;
startup_1986BE1x.mca   520                    ;       User-defined low-level initialization that is made            ;
startup_1986BE1x.mca   521                    ;                     before cstartup                                 ;
startup_1986BE1x.mca   522                    ;                                                                     ;
startup_1986BE1x.mca   523                    ;=====================================================================;
startup_1986BE1x.mca   524                    .LMODULE2 ??SystemInit
startup_1986BE1x.mca   525                    .PUBLIC SystemInit
startup_1986BE1x.mca   526                    .RSEG   ??CODE_CLIB,code
startup_1986BE1x.mca   527                    .THUMB
startup_1986BE1x.mca   528 00000000           SystemInit?T:
startup_1986BE1x.mca   529 00000001           SystemInit .EQU SystemInit?T+1
startup_1986BE1x.mca   530                    .FUNCTYPE .VOID SystemInit(.VOID)
startup_1986BE1x.mca   531 00000000 4770          BX      LR
startup_1986BE1x.mca   532                    
startup_1986BE1x.mca   533                    .END
Module ??SystemInit: 2 byte(s), 9 line(s)
startup_1986BE1x.mca   534                    
startup_1986BE1x.mca   535                    ;/******************* (C) COPYRIGHT 2010 Phyton *******************************
startup_1986BE1x.mca   536                    ;*
startup_1986BE1x.mca   537                    ;* END OF FILE startup_1986BE1x.mca */
startup_1986BE1x.mca: 537 line(s), 0.3 second(s), 0 error(s), 0 warning(s)
