*******************************************************************************
*                                                                             *
*                 ARM C CROSS COMPILER Version 1.03.130923 Demo               *
*                      Copyright (C) 2009 Phyton, Inc.                        *
*                                                                             *
*******************************************************************************

           NVIC_EnableIRQ??T:
;FILE: C:\Users\ivanov-ga\Desktop\uartled\INCLUDE\core_cm1.h
;001028    static __INLINE void NVIC_EnableIRQ(IRQn_Type IRQn)
;001030      NVIC->ISER = (1 << ((uint32_t)(IRQn) & 0x1F)); /* enable interrupt */
00000000    211F                       	MOVS            R1,#31
00000002    4008                       	ANDS            IRQn?NVIC_EnableIRQ,R1
00000004    2101                       	MOVS            R1,#1
00000006    4081                       	LSLS            R1,IRQn?NVIC_EnableIRQ
00000008    4801                       	LDR             IRQn?NVIC_EnableIRQ,?lr0000	; 0E000E100h
0000000A    6001                       	STR             R1,[IRQn?NVIC_EnableIRQ,#0]
;001031    }
0000000C    4770                       	BX              R14

.ALIGN	2
00000010    E000E100	?lr0000	.DCD	0E000E100h	; used 1 time(s)

.ENDF
             Timer1Select??T:
;FILE: timerDriver.c
;000068    void Timer1Select(E_PWM_LOAD_MODE Select)
;000070       switch (Select) {
00000014    2801                       	CMP             Select?Timer1Select,#1
00000016    D009                       	BEQ             ??_1_CASE_1
00000018    2802                       	CMP             Select?Timer1Select,#2
0000001A    D00D                       	BEQ             ??_1_CASE_2
0000001C    2800                       	CMP             Select?Timer1Select,#0
0000001E    D110                       	BNE             ??_1_BREAK
;000071          case EPLM_SWITCH_OFF: {
;000074             MDR_TIMER1->CH3_CNTRL1 = 0x0001;
00000020    2101                       	MOVS            R1,#1
00000022    4808                       	LDR             R0,?lr0001	; 40070038h
00000024    6001                       	STR             R1,[R0,#0]
;000075             MDR_TIMER1->CH4_CNTRL1 = 0x0001;
00000026    4808                       	LDR             R0,?lr0002	; 4007003Ch
00000028    6001                       	STR             R1,[R0,#0]
;000076             break;
0000002A    4770                       	BX              R14
;000077          }
                 ??_1_CASE_1:
;000079          case EPLM_WIRE_INTEGRITY_CHECK: {
;000082             MDR_TIMER1->CH3_CNTRL1 = 0x0005;
0000002C    2105                       	MOVS            R1,#5
0000002E    4805                       	LDR             R0,?lr0001	; 40070038h
00000030    6001                       	STR             R1,[R0,#0]
;000083             MDR_TIMER1->CH4_CNTRL1 = 0x0005;
00000032    4805                       	LDR             R0,?lr0002	; 4007003Ch
00000034    6001                       	STR             R1,[R0,#0]
;000084             break;
00000036    4770                       	BX              R14
;000085          }
                 ??_1_CASE_2:
;000087          case EPLM_NORMAL_OPERATION: {
;000090             MDR_TIMER1->CH3_CNTRL1 = 0x0009;
00000038    2109                       	MOVS            R1,#9
0000003A    4802                       	LDR             R0,?lr0001	; 40070038h
0000003C    6001                       	STR             R1,[R0,#0]
;000091             MDR_TIMER1->CH4_CNTRL1 = 0x0009;
0000003E    4802                       	LDR             R0,?lr0002	; 4007003Ch
00000040    6001                       	STR             R1,[R0,#0]
;000092             break;
;000093          }
;000094       }
                  ??_1_BREAK:
;000095    }
00000042    4770                       	BX              R14

00000044    40070038	?lr0001	.DCD	40070038h	; used 3 time(s)
00000048    4007003C	?lr0002	.DCD	4007003Ch	; used 3 time(s)

.ENDF
              Timer1Start??T:
;000101    void Timer1Start(void)
0000004C    B500                       	PUSH            {R14} 
;000104        MDR_TIMER1->CNTRL = 0x00000000;  // 1) Остановить таймер
0000004E    2100                       	MOVS            R1,#0
00000050    4821                       	LDR             R0,?lr0003	; 4007000Ch
00000052    6001                       	STR             R1,[R0,#0]
;000105        MDR_TIMER1->STATUS = 0x00000000; // 2) запомненные события таймера
00000054    4821                       	LDR             R0,?lr0004	; 40070054h
00000056    6001                       	STR             R1,[R0,#0]
;000108        MDR_TIMER1->PSG = 0x002F;        // 3) коэффициент деления 48 для получения тактовой частоты основного счётчика таймера 1 МГц
00000058    212F                       	MOVS            R1,#47
0000005A    4821                       	LDR             R0,?lr0005	; 40070004h
0000005C    6001                       	STR             R1,[R0,#0]
;000109        MDR_TIMER1->CNT = 0x00000001;    // 4) Начальное значение счетчика
0000005E    2101                       	MOVS            R1,#1
00000060    4820                       	LDR             R0,?lr0006	; 40070000h
00000062    6001                       	STR             R1,[R0,#0]
;000110        MDR_TIMER1->ARR = 0xFFFFFFFF;    // 5) Основание счета (максимальный период)
00000064    2100                       	MOVS            R1,#0
00000066    43C9                       	MVNS            R1,R1
00000068    481F                       	LDR             R0,?lr0007	; 40070008h
0000006A    6001                       	STR             R1,[R0,#0]
;000113        MDR_TIMER1->CCR2 =  0x00000000;
0000006C    2100                       	MOVS            R1,#0
0000006E    481F                       	LDR             R0,?lr0008	; 40070014h
00000070    6001                       	STR             R1,[R0,#0]
;000114        MDR_TIMER1->CCR3 =  0x00000000;
00000072    481F                       	LDR             R0,?lr0009	; 40070018h
00000074    6001                       	STR             R1,[R0,#0]
;000115        MDR_TIMER1->CCR31 = 0x00000000;
00000076    481F                       	LDR             R0,?lr0010	; 40070078h
00000078    6001                       	STR             R1,[R0,#0]
;000116        MDR_TIMER1->CCR4  = 0x00000000;
0000007A    481F                       	LDR             R0,?lr0011	; 4007001Ch
0000007C    6001                       	STR             R1,[R0,#0]
;000117        MDR_TIMER1->CCR41 = 0x00000000;
0000007E    481F                       	LDR             R0,?lr0012	; 4007007Ch
00000080    6001                       	STR             R1,[R0,#0]
;000119        MDR_TIMER1->CH1_CNTRL = 0x8000;  // 7) включение канала 1 Таймера 1 в режиме захвата
00000082    491F                       	LDR             R1,?lr0013	; 8000h
00000084    481F                       	LDR             R0,?lr0014	; 40070020h
00000086    6001                       	STR             R1,[R0,#0]
;000120        MDR_TIMER1->CH1_CNTRL1 = 0x0000; // 8) запрет выдачи ШИМ-сигналов на выводы канала 1 таймера
00000088    2100                       	MOVS            R1,#0
0000008A    481F                       	LDR             R0,?lr0015	; 40070030h
0000008C    6001                       	STR             R1,[R0,#0]
;000121        MDR_TIMER1->CH1_CNTRL2 = 0x0;    // 9) запрет использования CCR1
0000008E    481F                       	LDR             R0,?lr0016	; 40070060h
00000090    6001                       	STR             R1,[R0,#0]
;000123        MDR_TIMER1->CH2_CNTRL = 0x0200;  // 10) включение канала 2 Таймера 1 в режиме ШИМ, REF=1 при CNT=CCR
00000092    491F                       	LDR             R1,?lr0017	; 200h
00000094    481F                       	LDR             R0,?lr0018	; 40070024h
00000096    6001                       	STR             R1,[R0,#0]
;000124        MDR_TIMER1->CH2_CNTRL1 = 0x0000; // 11) запрет выдачи ШИМ-сигналов на выводы канала 2 таймера
00000098    2100                       	MOVS            R1,#0
0000009A    481F                       	LDR             R0,?lr0019	; 40070034h
0000009C    6001                       	STR             R1,[R0,#0]
;000125        MDR_TIMER1->CH2_CNTRL2 = 0x0;    // 12) запрет использования CCR1
0000009E    481F                       	LDR             R0,?lr0020	; 40070064h
000000A0    6001                       	STR             R1,[R0,#0]
;000127        MDR_TIMER1->CH3_CNTRL = 0x0E00;  // 13) включение канала 3 Таймера 1 в режиме ШИМ, REF=1 при CCR< CNT< CCR1
000000A2    491F                       	LDR             R1,?lr0021	; 0E00h
000000A4    481F                       	LDR             R0,?lr0022	; 40070028h
000000A6    6001                       	STR             R1,[R0,#0]
;000128        MDR_TIMER1->CH4_CNTRL = 0x0E00;  // 13) включение канала 4 Таймера 1 в режиме ШИМ, REF=1 при CCR< CNT< CCR1
000000A8    481F                       	LDR             R0,?lr0023	; 4007002Ch
000000AA    6001                       	STR             R1,[R0,#0]
;000130        MDR_TIMER1->CH3_CNTRL1 = 0x0001; // 14) начальная инициализация таймера (снятие напряжения- 0x0001)
000000AC    2101                       	MOVS            R1,#1
000000AE    481F                       	LDR             R0,?lr0024	; 40070038h
000000B0    6001                       	STR             R1,[R0,#0]
;000131        MDR_TIMER1->CH4_CNTRL1 = 0x0001; // 14) начальная инициализация таймера (снятие напряжения- 0x0001)
000000B2    481F                       	LDR             R0,?lr0025	; 4007003Ch
000000B4    6001                       	STR             R1,[R0,#0]
;000133        MDR_TIMER1->CH3_CNTRL2 = 0x4;    // 15) разрешение использования CCR1, разрешение обновления CCR и CCR1 в любой момент времени
000000B6    2104                       	MOVS            R1,#4
000000B8    481E                       	LDR             R0,?lr0026	; 40070068h
000000BA    6001                       	STR             R1,[R0,#0]
;000134        MDR_TIMER1->CH4_CNTRL2 = 0x4;    // 15) разрешение использования CCR1, разрешение обновления CCR и CCR1 в любой момент времени
000000BC    481E                       	LDR             R0,?lr0027	; 4007006Ch
000000BE    6001                       	STR             R1,[R0,#0]
;000136        MDR_TIMER1->IE = 0x00000;        // 16) запрет прерываний от Таймера 1
000000C0    2100                       	MOVS            R1,#0
000000C2    481E                       	LDR             R0,?lr0028	; 40070058h
000000C4    6001                       	STR             R1,[R0,#0]
;000137        MDR_TIMER1->DMA_RE = 0x00000;    // 11) запрет запросов на ПДП от Таймера 1
000000C6    481E                       	LDR             R0,?lr0029	; 4007005Ch
000000C8    6001                       	STR             R1,[R0,#0]
;000138        MDR_TIMER1->CNTRL = 0x00000001;  // 16) Разрешить работу таймера
000000CA    2101                       	MOVS            R1,#1
000000CC    4802                       	LDR             R0,?lr0003	; 4007000Ch
000000CE    6001                       	STR             R1,[R0,#0]
;000140        NVIC_EnableIRQ(TIMER1_IRQn); // 14
000000D0    200E                       	MOVS            R0,#14
000000D2    FF95F7FF                   	BLF             NVIC_EnableIRQ??T
;000141    }
000000D6    BD00                       	POP             {R15} 

000000D8    4007000C	?lr0003	.DCD	4007000Ch	; used 2 time(s)
000000DC    40070054	?lr0004	.DCD	40070054h	; used 1 time(s)
000000E0    40070004	?lr0005	.DCD	40070004h	; used 1 time(s)
000000E4    40070000	?lr0006	.DCD	40070000h	; used 1 time(s)
000000E8    40070008	?lr0007	.DCD	40070008h	; used 1 time(s)
000000EC    40070014	?lr0008	.DCD	40070014h	; used 1 time(s)
000000F0    40070018	?lr0009	.DCD	40070018h	; used 1 time(s)
000000F4    40070078	?lr0010	.DCD	40070078h	; used 1 time(s)
000000F8    4007001C	?lr0011	.DCD	4007001Ch	; used 1 time(s)
000000FC    4007007C	?lr0012	.DCD	4007007Ch	; used 1 time(s)
00000100    00008000	?lr0013	.DCD	8000h	; used 1 time(s)
00000104    40070020	?lr0014	.DCD	40070020h	; used 1 time(s)
00000108    40070030	?lr0015	.DCD	40070030h	; used 1 time(s)
0000010C    40070060	?lr0016	.DCD	40070060h	; used 1 time(s)
00000110    00000200	?lr0017	.DCD	200h	; used 1 time(s)
00000114    40070024	?lr0018	.DCD	40070024h	; used 1 time(s)
00000118    40070034	?lr0019	.DCD	40070034h	; used 1 time(s)
0000011C    40070064	?lr0020	.DCD	40070064h	; used 1 time(s)
00000120    00000E00	?lr0021	.DCD	0E00h	; used 1 time(s)
00000124    40070028	?lr0022	.DCD	40070028h	; used 1 time(s)
00000128    4007002C	?lr0023	.DCD	4007002Ch	; used 1 time(s)
0000012C    40070038	?lr0024	.DCD	40070038h	; used 1 time(s)
00000130    4007003C	?lr0025	.DCD	4007003Ch	; used 1 time(s)
00000134    40070068	?lr0026	.DCD	40070068h	; used 1 time(s)
00000138    4007006C	?lr0027	.DCD	4007006Ch	; used 1 time(s)
0000013C    40070058	?lr0028	.DCD	40070058h	; used 1 time(s)
00000140    4007005C	?lr0029	.DCD	4007005Ch	; used 1 time(s)

.ENDF
              Timer2Start??T:
;000154    void Timer2Start(void)
;000157        MDR_TIMER2->CNTRL = 0x00000000;  // 1) Остановить таймер
00000144    2100                       	MOVS            R1,#0
00000146    4820                       	LDR             R0,?lr0030	; 4007800Ch
00000148    6001                       	STR             R1,[R0,#0]
;000158        MDR_TIMER2->STATUS = 0x00000000; // 2) cбросить запомненные события таймера
0000014A    4820                       	LDR             R0,?lr0031	; 40078054h
0000014C    6001                       	STR             R1,[R0,#0]
;000161        MDR_TIMER2->PSG = 0x002F;        // 3) коэффициент деления 48 для получения тактовой частоты основного счётчика таймера 1 МГц
0000014E    212F                       	MOVS            R1,#47
00000150    481F                       	LDR             R0,?lr0032	; 40078004h
00000152    6001                       	STR             R1,[R0,#0]
;000162        MDR_TIMER2->CNT = 0x00000000;    // 4) Начальное значение счетчика
00000154    2100                       	MOVS            R1,#0
00000156    481F                       	LDR             R0,?lr0033	; 40078000h
00000158    6001                       	STR             R1,[R0,#0]
;000163        MDR_TIMER2->ARR = 0xFFFFFFF0;    // 5) Основание счета
0000015A    210F                       	MOVS            R1,#15
0000015C    43C9                       	MVNS            R1,R1
0000015E    481E                       	LDR             R0,?lr0034	; 40078008h
00000160    6001                       	STR             R1,[R0,#0]
;000166        MDR_TIMER2->CCR1  = 0xFFFFFFFF;
00000162    2100                       	MOVS            R1,#0
00000164    43C9                       	MVNS            R1,R1
00000166    481D                       	LDR             R0,?lr0035	; 40078010h
00000168    6001                       	STR             R1,[R0,#0]
;000167        MDR_TIMER2->CCR11 = 0xFFFFFFFF;
0000016A    481D                       	LDR             R0,?lr0036	; 40078070h
0000016C    6001                       	STR             R1,[R0,#0]
;000169        MDR_TIMER2->CCR2  = 0xFFFFFFFF;
0000016E    481D                       	LDR             R0,?lr0037	; 40078014h
00000170    6001                       	STR             R1,[R0,#0]
;000170        MDR_TIMER2->CCR21 = 0xFFFFFFFF;
00000172    481D                       	LDR             R0,?lr0038	; 40078074h
00000174    6001                       	STR             R1,[R0,#0]
;000172        MDR_TIMER2->CCR3  = 0xFFFFFFFF;
00000176    481D                       	LDR             R0,?lr0039	; 40078018h
00000178    6001                       	STR             R1,[R0,#0]
;000173        MDR_TIMER2->CCR31 = 0xFFFFFFFF;
0000017A    481D                       	LDR             R0,?lr0040	; 40078078h
0000017C    6001                       	STR             R1,[R0,#0]
;000175        MDR_TIMER2->CCR4  = 0xFFFFFFFF;
0000017E    481D                       	LDR             R0,?lr0041	; 4007801Ch
00000180    6001                       	STR             R1,[R0,#0]
;000176        MDR_TIMER2->CCR41 = 0xFFFFFFFF;
00000182    481D                       	LDR             R0,?lr0042	; 4007807Ch
00000184    6001                       	STR             R1,[R0,#0]
;000179        MDR_TIMER2->CH1_CNTRL = 0x0E00;
00000186    491D                       	LDR             R1,?lr0043	; 0E00h
00000188    481D                       	LDR             R0,?lr0044	; 40078020h
0000018A    6001                       	STR             R1,[R0,#0]
;000180        MDR_TIMER2->CH2_CNTRL = 0x0E00;
0000018C    481D                       	LDR             R0,?lr0045	; 40078024h
0000018E    6001                       	STR             R1,[R0,#0]
;000181        MDR_TIMER2->CH3_CNTRL = 0x0E00;
00000190    481D                       	LDR             R0,?lr0046	; 40078028h
00000192    6001                       	STR             R1,[R0,#0]
;000182        MDR_TIMER2->CH4_CNTRL = 0x0E00;
00000194    481D                       	LDR             R0,?lr0047	; 4007802Ch
00000196    6001                       	STR             R1,[R0,#0]
;000185        MDR_TIMER2->CH1_CNTRL1 = 0x0005;
00000198    2105                       	MOVS            R1,#5
0000019A    481D                       	LDR             R0,?lr0048	; 40078030h
0000019C    6001                       	STR             R1,[R0,#0]
;000186        MDR_TIMER2->CH2_CNTRL1 = 0x0005;
0000019E    481D                       	LDR             R0,?lr0049	; 40078034h
000001A0    6001                       	STR             R1,[R0,#0]
;000187        MDR_TIMER2->CH3_CNTRL1 = 0x0005;
000001A2    481D                       	LDR             R0,?lr0050	; 40078038h
000001A4    6001                       	STR             R1,[R0,#0]
;000188        MDR_TIMER2->CH4_CNTRL1 = 0x0005;
000001A6    481D                       	LDR             R0,?lr0051	; 4007803Ch
000001A8    6001                       	STR             R1,[R0,#0]
;000191        MDR_TIMER2->CH1_CNTRL2 = 0x4;
000001AA    2104                       	MOVS            R1,#4
000001AC    481C                       	LDR             R0,?lr0052	; 40078060h
000001AE    6001                       	STR             R1,[R0,#0]
;000192        MDR_TIMER2->CH2_CNTRL2 = 0x4;
000001B0    481C                       	LDR             R0,?lr0053	; 40078064h
000001B2    6001                       	STR             R1,[R0,#0]
;000193        MDR_TIMER2->CH3_CNTRL2 = 0x4;
000001B4    481C                       	LDR             R0,?lr0054	; 40078068h
000001B6    6001                       	STR             R1,[R0,#0]
;000194        MDR_TIMER2->CH4_CNTRL2 = 0x4;
000001B8    481C                       	LDR             R0,?lr0055	; 4007806Ch
000001BA    6001                       	STR             R1,[R0,#0]
;000196        MDR_TIMER2->IE = 0x00000000;     // 10) запрет всех прерываний таймера 2
000001BC    2100                       	MOVS            R1,#0
000001BE    481C                       	LDR             R0,?lr0056	; 40078058h
000001C0    6001                       	STR             R1,[R0,#0]
;000197        MDR_TIMER2->DMA_RE = 0x00000;    // 11) запрет запросов на ПДП от Таймера 2
000001C2    481C                       	LDR             R0,?lr0057	; 4007805Ch
000001C4    6001                       	STR             R1,[R0,#0]
;000202    }
000001C6    4770                       	BX              R14

000001C8    4007800C	?lr0030	.DCD	4007800Ch	; used 1 time(s)
000001CC    40078054	?lr0031	.DCD	40078054h	; used 1 time(s)
000001D0    40078004	?lr0032	.DCD	40078004h	; used 1 time(s)
000001D4    40078000	?lr0033	.DCD	40078000h	; used 1 time(s)
000001D8    40078008	?lr0034	.DCD	40078008h	; used 1 time(s)
000001DC    40078010	?lr0035	.DCD	40078010h	; used 1 time(s)
000001E0    40078070	?lr0036	.DCD	40078070h	; used 1 time(s)
000001E4    40078014	?lr0037	.DCD	40078014h	; used 1 time(s)
000001E8    40078074	?lr0038	.DCD	40078074h	; used 1 time(s)
000001EC    40078018	?lr0039	.DCD	40078018h	; used 1 time(s)
000001F0    40078078	?lr0040	.DCD	40078078h	; used 1 time(s)
000001F4    4007801C	?lr0041	.DCD	4007801Ch	; used 1 time(s)
000001F8    4007807C	?lr0042	.DCD	4007807Ch	; used 1 time(s)
000001FC    00000E00	?lr0043	.DCD	0E00h	; used 1 time(s)
00000200    40078020	?lr0044	.DCD	40078020h	; used 1 time(s)
00000204    40078024	?lr0045	.DCD	40078024h	; used 1 time(s)
00000208    40078028	?lr0046	.DCD	40078028h	; used 1 time(s)
0000020C    4007802C	?lr0047	.DCD	4007802Ch	; used 1 time(s)
00000210    40078030	?lr0048	.DCD	40078030h	; used 1 time(s)
00000214    40078034	?lr0049	.DCD	40078034h	; used 1 time(s)
00000218    40078038	?lr0050	.DCD	40078038h	; used 1 time(s)
0000021C    4007803C	?lr0051	.DCD	4007803Ch	; used 1 time(s)
00000220    40078060	?lr0052	.DCD	40078060h	; used 1 time(s)
00000224    40078064	?lr0053	.DCD	40078064h	; used 1 time(s)
00000228    40078068	?lr0054	.DCD	40078068h	; used 1 time(s)
0000022C    4007806C	?lr0055	.DCD	4007806Ch	; used 1 time(s)
00000230    40078058	?lr0056	.DCD	40078058h	; used 1 time(s)
00000234    4007805C	?lr0057	.DCD	4007805Ch	; used 1 time(s)

.ENDF
             Timer2Select??T:
;000208    void Timer2Select(E_PWM_LOAD_MODE Select)
;000210       switch (Select) {
00000238    2801                       	CMP             Select?Timer2Select,#1
0000023A    D00D                       	BEQ             ??_2_CASE_1
0000023C    2802                       	CMP             Select?Timer2Select,#2
0000023E    D015                       	BEQ             ??_2_CASE_2
00000240    2800                       	CMP             Select?Timer2Select,#0
00000242    D11C                       	BNE             ??_2_BREAK
;000211          case EPLM_SWITCH_OFF: {
;000214             MDR_TIMER2->CH1_CNTRL1 = 0x0005;
00000244    2105                       	MOVS            R1,#5
00000246    480E                       	LDR             R0,?lr0058	; 40078030h
00000248    6001                       	STR             R1,[R0,#0]
;000215             MDR_TIMER2->CH2_CNTRL1 = 0x0005;
0000024A    480E                       	LDR             R0,?lr0059	; 40078034h
0000024C    6001                       	STR             R1,[R0,#0]
;000216             MDR_TIMER2->CH3_CNTRL1 = 0x0005;
0000024E    480E                       	LDR             R0,?lr0060	; 40078038h
00000250    6001                       	STR             R1,[R0,#0]
;000217             MDR_TIMER2->CH4_CNTRL1 = 0x0005;
00000252    480E                       	LDR             R0,?lr0061	; 4007803Ch
00000254    6001                       	STR             R1,[R0,#0]
;000218             break;
00000256    4770                       	BX              R14
;000219          }
                 ??_2_CASE_1:
;000221          case EPLM_WIRE_INTEGRITY_CHECK: {
;000224             MDR_TIMER2->CH1_CNTRL1 = 0x0001;
00000258    2101                       	MOVS            R1,#1
0000025A    4809                       	LDR             R0,?lr0058	; 40078030h
0000025C    6001                       	STR             R1,[R0,#0]
;000225             MDR_TIMER2->CH2_CNTRL1 = 0x0001;
0000025E    4809                       	LDR             R0,?lr0059	; 40078034h
00000260    6001                       	STR             R1,[R0,#0]
;000226             MDR_TIMER2->CH3_CNTRL1 = 0x0001;
00000262    4809                       	LDR             R0,?lr0060	; 40078038h
00000264    6001                       	STR             R1,[R0,#0]
;000227             MDR_TIMER2->CH4_CNTRL1 = 0x0001;
00000266    4809                       	LDR             R0,?lr0061	; 4007803Ch
00000268    6001                       	STR             R1,[R0,#0]
;000228             break;
0000026A    4770                       	BX              R14
;000229          }
                 ??_2_CASE_2:
;000231          case EPLM_NORMAL_OPERATION: {
;000234             MDR_TIMER2->CH1_CNTRL1 = 0x0019;
0000026C    2119                       	MOVS            R1,#25
0000026E    4804                       	LDR             R0,?lr0058	; 40078030h
00000270    6001                       	STR             R1,[R0,#0]
;000235             MDR_TIMER2->CH2_CNTRL1 = 0x0019;
00000272    4804                       	LDR             R0,?lr0059	; 40078034h
00000274    6001                       	STR             R1,[R0,#0]
;000236             MDR_TIMER2->CH3_CNTRL1 = 0x0019;
00000276    4804                       	LDR             R0,?lr0060	; 40078038h
00000278    6001                       	STR             R1,[R0,#0]
;000237             MDR_TIMER2->CH4_CNTRL1 = 0x0019;
0000027A    4804                       	LDR             R0,?lr0061	; 4007803Ch
0000027C    6001                       	STR             R1,[R0,#0]
;000238            break;
;000239          }
;000240       }
                  ??_2_BREAK:
;000241    }
0000027E    4770                       	BX              R14

00000280    40078030	?lr0058	.DCD	40078030h	; used 3 time(s)
00000284    40078034	?lr0059	.DCD	40078034h	; used 3 time(s)
00000288    40078038	?lr0060	.DCD	40078038h	; used 3 time(s)
0000028C    4007803C	?lr0061	.DCD	4007803Ch	; used 3 time(s)

.ENDF
              Timer4Start??T:
;000252    void Timer4Start(void)
00000290    B500                       	PUSH            {R14} 
;000255        MDR_TIMER4->CNTRL = 0x00000000;  // 1) Остановить таймер
00000292    2100                       	MOVS            R1,#0
00000294    4824                       	LDR             R0,?lr0062	; 4009800Ch
00000296    6001                       	STR             R1,[R0,#0]
;000258        MDR_TIMER4->PSG = 0x002F;        // 2) Предделитель частоты =48 (1 МГц);
00000298    212F                       	MOVS            R1,#47
0000029A    4824                       	LDR             R0,?lr0063	; 40098004h
0000029C    6001                       	STR             R1,[R0,#0]
;000259        MDR_TIMER4->CNT = 0x00000002;    // 3) Начальное значение счетчика (чтобы таймер начал счёт не с "00" и при начале счёта не установился флаг "CNT ZERO EVENT")
0000029E    2102                       	MOVS            R1,#2
000002A0    4823                       	LDR             R0,?lr0064	; 40098000h
000002A2    6001                       	STR             R1,[R0,#0]
;000260        MDR_TIMER4->ARR = 0x00001FF;     // 4) Основание счета (512 отсчётов по 1 мкс = 512 мкс, что соответствует частоте питания датчика ЛДТ-1716 в 1,95 кГц)
000002A4    4923                       	LDR             R1,?lr0065	; 1FFh
000002A6    4824                       	LDR             R0,?lr0066	; 40098008h
000002A8    6001                       	STR             R1,[R0,#0]
;000263        MDR_TIMER4->CH1_CNTRL = 0x0E00;
000002AA    4924                       	LDR             R1,?lr0067	; 0E00h
000002AC    4824                       	LDR             R0,?lr0068	; 40098020h
000002AE    6001                       	STR             R1,[R0,#0]
;000264        MDR_TIMER4->CH2_CNTRL = 0x0E00;
000002B0    4824                       	LDR             R0,?lr0069	; 40098024h
000002B2    6001                       	STR             R1,[R0,#0]
;000265        MDR_TIMER4->CH3_CNTRL = 0x0E00;
000002B4    4824                       	LDR             R0,?lr0070	; 40098028h
000002B6    6001                       	STR             R1,[R0,#0]
;000266        MDR_TIMER4->CH4_CNTRL = 0x0E00;
000002B8    4824                       	LDR             R0,?lr0071	; 4009802Ch
000002BA    6001                       	STR             R1,[R0,#0]
;000269        MDR_TIMER4->CH1_CNTRL1 = 0x0009;
000002BC    2109                       	MOVS            R1,#9
000002BE    4824                       	LDR             R0,?lr0072	; 40098030h
000002C0    6001                       	STR             R1,[R0,#0]
;000270        MDR_TIMER4->CH2_CNTRL1 = 0x0009;
000002C2    4824                       	LDR             R0,?lr0073	; 40098034h
000002C4    6001                       	STR             R1,[R0,#0]
;000271        MDR_TIMER4->CH3_CNTRL1 = 0x0009;
000002C6    4824                       	LDR             R0,?lr0074	; 40098038h
000002C8    6001                       	STR             R1,[R0,#0]
;000272        MDR_TIMER4->CH4_CNTRL1 = 0x0009;
000002CA    4824                       	LDR             R0,?lr0075	; 4009803Ch
000002CC    6001                       	STR             R1,[R0,#0]
;000275        MDR_TIMER4->CH1_CNTRL2 = 0xC;
000002CE    210C                       	MOVS            R1,#12
000002D0    4823                       	LDR             R0,?lr0076	; 40098060h
000002D2    6001                       	STR             R1,[R0,#0]
;000276        MDR_TIMER4->CH2_CNTRL2 = 0xC;
000002D4    4823                       	LDR             R0,?lr0077	; 40098064h
000002D6    6001                       	STR             R1,[R0,#0]
;000277        MDR_TIMER4->CH3_CNTRL2 = 0xC;
000002D8    4823                       	LDR             R0,?lr0078	; 40098068h
000002DA    6001                       	STR             R1,[R0,#0]
;000279        MDR_TIMER4->CH4_CNTRL2 = 0x0;
000002DC    2100                       	MOVS            R1,#0
000002DE    4823                       	LDR             R0,?lr0079	; 4009806Ch
000002E0    6001                       	STR             R1,[R0,#0]
;000281        MDR_TIMER4->CCR1  = 0x00000040;  //  9) точка  64 мкс
000002E2    2140                       	MOVS            R1,#64
000002E4    4822                       	LDR             R0,?lr0080	; 40098010h
000002E6    6001                       	STR             R1,[R0,#0]
;000282        MDR_TIMER4->CCR2  = 0x00000080;  // 10) точка 128 мкс
000002E8    2180                       	MOVS            R1,#80h
000002EA    4822                       	LDR             R0,?lr0081	; 40098014h
000002EC    6001                       	STR             R1,[R0,#0]
;000283        MDR_TIMER4->CCR3  = 0x000000C0;  // 11) точка 192 мкс
000002EE    21C0                       	MOVS            R1,#0C0h
000002F0    4821                       	LDR             R0,?lr0082	; 40098018h
000002F2    6001                       	STR             R1,[R0,#0]
;000284        MDR_TIMER4->CCR11 = 0x00000140;  // 12) точка 320 мкс
000002F4    4921                       	LDR             R1,?lr0083	; 140h
000002F6    4822                       	LDR             R0,?lr0084	; 40098070h
000002F8    6001                       	STR             R1,[R0,#0]
;000285        MDR_TIMER4->CCR21 = 0x00000180;  // 13) точка 384 мкс
000002FA    4922                       	LDR             R1,?lr0085	; 180h
000002FC    4822                       	LDR             R0,?lr0086	; 40098074h
000002FE    6001                       	STR             R1,[R0,#0]
;000286        MDR_TIMER4->CCR31 = 0x000001C0;  // 14) точка 448 мкс
00000300    4922                       	LDR             R1,?lr0087	; 1C0h
00000302    4823                       	LDR             R0,?lr0088	; 40098078h
00000304    6001                       	STR             R1,[R0,#0]
;000288        MDR_TIMER4->CCR4 = 0x00000000;   // 16) точка 0 мкс соответствующая началу первого цикла 128 мкс в пределах метки 4 мс
00000306    2100                       	MOVS            R1,#0
00000308    4822                       	LDR             R0,?lr0089	; 4009801Ch
0000030A    6001                       	STR             R1,[R0,#0]
;000290        MDR_TIMER4->IE = 0x00001001;     // 17) разрешение прерываний таймера 4 по обнаружению переднего фронта REF канала 4 и при CNT=0
0000030C    4922                       	LDR             R1,?lr0090	; 1001h
0000030E    4823                       	LDR             R0,?lr0091	; 40098058h
00000310    6001                       	STR             R1,[R0,#0]
;000291        MDR_TIMER4->CNTRL = 0x0001;      // 18) Разрешить работу таймера
00000312    2101                       	MOVS            R1,#1
00000314    4804                       	LDR             R0,?lr0062	; 4009800Ch
00000316    6001                       	STR             R1,[R0,#0]
;000293        MDR_TIMER4->STATUS = 0x00000000; // 19) сбросить запомненные события таймера
00000318    2100                       	MOVS            R1,#0
0000031A    4821                       	LDR             R0,?lr0092	; 40098054h
0000031C    6001                       	STR             R1,[R0,#0]
;000295        NVIC_EnableIRQ(TIMER4_IRQn);     // 1.2.2.2 Инициализировать контроллер прерываний.
0000031E    200D                       	MOVS            R0,#13
00000320    FE6EF7FF                   	BLF             NVIC_EnableIRQ??T
;000296    }
00000324    BD00                       	POP             {R15} 

.ALIGN	2
00000328    4009800C	?lr0062	.DCD	4009800Ch	; used 2 time(s)
0000032C    40098004	?lr0063	.DCD	40098004h	; used 1 time(s)
00000330    40098000	?lr0064	.DCD	40098000h	; used 1 time(s)
00000334    000001FF	?lr0065	.DCD	1FFh	; used 1 time(s)
00000338    40098008	?lr0066	.DCD	40098008h	; used 1 time(s)
0000033C    00000E00	?lr0067	.DCD	0E00h	; used 1 time(s)
00000340    40098020	?lr0068	.DCD	40098020h	; used 1 time(s)
00000344    40098024	?lr0069	.DCD	40098024h	; used 1 time(s)
00000348    40098028	?lr0070	.DCD	40098028h	; used 1 time(s)
0000034C    4009802C	?lr0071	.DCD	4009802Ch	; used 1 time(s)
00000350    40098030	?lr0072	.DCD	40098030h	; used 1 time(s)
00000354    40098034	?lr0073	.DCD	40098034h	; used 1 time(s)
00000358    40098038	?lr0074	.DCD	40098038h	; used 1 time(s)
0000035C    4009803C	?lr0075	.DCD	4009803Ch	; used 1 time(s)
00000360    40098060	?lr0076	.DCD	40098060h	; used 1 time(s)
00000364    40098064	?lr0077	.DCD	40098064h	; used 1 time(s)
00000368    40098068	?lr0078	.DCD	40098068h	; used 1 time(s)
0000036C    4009806C	?lr0079	.DCD	4009806Ch	; used 1 time(s)
00000370    40098010	?lr0080	.DCD	40098010h	; used 1 time(s)
00000374    40098014	?lr0081	.DCD	40098014h	; used 1 time(s)
00000378    40098018	?lr0082	.DCD	40098018h	; used 1 time(s)
0000037C    00000140	?lr0083	.DCD	140h	; used 1 time(s)
00000380    40098070	?lr0084	.DCD	40098070h	; used 1 time(s)
00000384    00000180	?lr0085	.DCD	180h	; used 1 time(s)
00000388    40098074	?lr0086	.DCD	40098074h	; used 1 time(s)
0000038C    000001C0	?lr0087	.DCD	1C0h	; used 1 time(s)
00000390    40098078	?lr0088	.DCD	40098078h	; used 1 time(s)
00000394    4009801C	?lr0089	.DCD	4009801Ch	; used 1 time(s)
00000398    00001001	?lr0090	.DCD	1001h	; used 1 time(s)
0000039C    40098058	?lr0091	.DCD	40098058h	; used 1 time(s)
000003A0    40098054	?lr0092	.DCD	40098054h	; used 1 time(s)

.ENDF
        Timer2_IRQHandler??T:
;000315    void Timer2_IRQHandler(void) {
;000316        MDR_TIMER2->STATUS&=~1;
000003A4    4806                       	LDR             R0,?lr0093	; 40078054h
000003A6    6800                       	LDR             R0,[R0,#0]
000003A8    2101                       	MOVS            R1,#1
000003AA    43C9                       	MVNS            R1,R1
000003AC    4008                       	ANDS            R0,R1
000003AE    4904                       	LDR             R1,?lr0093	; 40078054h
000003B0    6008                       	STR             R0,[R1,#0]
;000318        TC_Timer2++;
000003B2    4804                       	LDR             R0,?lr0094	; TC_Timer2
000003B4    6800                       	LDR             R0,[R0,#0]
000003B6    1C40                       	ADDS            R0,R0,#1
000003B8    4902                       	LDR             R1,?lr0094	; TC_Timer2
000003BA    6008                       	STR             R0,[R1,#0]
;000319    }
000003BC    4770                       	BX              R14

.ALIGN	2
000003C0    40078054	?lr0093	.DCD	40078054h	; used 2 time(s)
000003C4    00000008	?lr0094	.DCD	TC_Timer2	; used 2 time(s)

.ENDF
        Timer3_IRQHandler??T:
;000326    void Timer3_IRQHandler(void) {
;000327        MDR_TIMER3->STATUS&=~1;
000003C8    4806                       	LDR             R0,?lr0095	; 40080054h
000003CA    6800                       	LDR             R0,[R0,#0]
000003CC    2101                       	MOVS            R1,#1
000003CE    43C9                       	MVNS            R1,R1
000003D0    4008                       	ANDS            R0,R1
000003D2    4904                       	LDR             R1,?lr0095	; 40080054h
000003D4    6008                       	STR             R0,[R1,#0]
;000329        TC_Timer3++;
000003D6    4804                       	LDR             R0,?lr0096	; TC_Timer3
000003D8    6800                       	LDR             R0,[R0,#0]
000003DA    1C40                       	ADDS            R0,R0,#1
000003DC    4902                       	LDR             R1,?lr0096	; TC_Timer3
000003DE    6008                       	STR             R0,[R1,#0]
;000330    }
000003E0    4770                       	BX              R14

.ALIGN	2
000003E4    40080054	?lr0095	.DCD	40080054h	; used 2 time(s)
000003E8    0000000C	?lr0096	.DCD	TC_Timer3	; used 2 time(s)

.ENDF
        Timer4_IRQHandler??T:
;000335    void Timer4_IRQHandler(void)
;000338        MDR_TIMER4->STATUS&=~1;
000003EC    4807                       	LDR             R0,?lr0097	; 40098054h
000003EE    6800                       	LDR             R0,[R0,#0]
000003F0    2101                       	MOVS            R1,#1
000003F2    43C9                       	MVNS            R1,R1
000003F4    4008                       	ANDS            R0,R1
000003F6    4905                       	LDR             R1,?lr0097	; 40098054h
000003F8    6008                       	STR             R0,[R1,#0]
;000340        M128Mark = 1;
000003FA    2101                       	MOVS            R1,#1
000003FC    4804                       	LDR             R0,?lr0098	; M128Mark
000003FE    6001                       	STR             R1,[R0,#0]
;000342        TC_Timer4++;
00000400    4804                       	LDR             R0,?lr0099	; TC_Timer4
00000402    6800                       	LDR             R0,[R0,#0]
00000404    1C40                       	ADDS            R0,R0,#1
00000406    4903                       	LDR             R1,?lr0099	; TC_Timer4
00000408    6008                       	STR             R0,[R1,#0]
;000343    }
0000040A    4770                       	BX              R14

0000040C    40098054	?lr0097	.DCD	40098054h	; used 2 time(s)
00000410    00000000	?lr0098	.DCD	M128Mark	; used 1 time(s)
00000414    00000010	?lr0099	.DCD	TC_Timer4	; used 2 time(s)

.ENDF

timerDriver.c: 1048 byte(s), 51192 line(s), 0 error(s), 0 warning(s)

